[0.028s] Invoking command in '/home/tbelier/Documents/GIT/Guerle2/ros2_ws/build/message2': CMAKE_PREFIX_PATH=${CMAKE_PREFIX_PATH}:/home/tbelier/Documents/GIT/Guerle2/ros2_ws/install/sensors:/home/tbelier/Documents/GIT/Guerle2/ros2_ws/install/guidance:/home/tbelier/Documents/GIT/Guerle2/ros2_ws/install/control:/home/tbelier/Documents/GIT/Guerle2/ros2_ws/install/castor_pollux:/home/tbelier/Documents/GIT/Guerle2/ros2_ws/install/bluerov_vision:/home/tbelier/Documents/GIT/Guerle2/ros2_ws/install/bluerov_ros_camera:/opt/ros/humble /usr/bin/cmake /home/tbelier/Documents/GIT/Guerle2/ros2_ws/src/message2 -DCMAKE_INSTALL_PREFIX=/home/tbelier/Documents/GIT/Guerle2/ros2_ws/install/message2
[0.981s] -- The C compiler identification is GNU 11.4.0
[0.981s] -- The CXX compiler identification is GNU 11.4.0
[0.982s] -- Detecting C compiler ABI info
[0.982s] -- Detecting C compiler ABI info - done
[0.982s] -- Check for working C compiler: /usr/bin/cc - skipped
[0.982s] -- Detecting C compile features
[0.982s] -- Detecting C compile features - done
[0.982s] -- Detecting CXX compiler ABI info
[0.982s] -- Detecting CXX compiler ABI info - done
[0.982s] -- Check for working CXX compiler: /usr/bin/c++ - skipped
[0.982s] -- Detecting CXX compile features
[0.982s] -- Detecting CXX compile features - done
[0.982s] -- Found ament_cmake: 1.3.11 (/opt/ros/humble/share/ament_cmake/cmake)
[0.982s] -- Found Python3: /usr/bin/python3 (found version "3.10.12") found components: Interpreter 
[0.982s] -- Found std_msgs: 4.2.4 (/opt/ros/humble/share/std_msgs/cmake)
[0.982s] -- Found rosidl_generator_c: 3.1.6 (/opt/ros/humble/share/rosidl_generator_c/cmake)
[0.982s] -- Found rosidl_adapter: 3.1.6 (/opt/ros/humble/share/rosidl_adapter/cmake)
[0.982s] -- Found rosidl_generator_cpp: 3.1.6 (/opt/ros/humble/share/rosidl_generator_cpp/cmake)
[0.982s] -- Using all available rosidl_typesupport_c: rosidl_typesupport_fastrtps_c;rosidl_typesupport_introspection_c
[0.982s] -- Using all available rosidl_typesupport_cpp: rosidl_typesupport_fastrtps_cpp;rosidl_typesupport_introspection_cpp
[0.982s] -- Found geometry_msgs: 4.2.4 (/opt/ros/humble/share/geometry_msgs/cmake)
[0.982s] -- Found rosidl_default_generators: 1.2.0 (/opt/ros/humble/share/rosidl_default_generators/cmake)
[0.982s] -- Found ament_cmake_ros: 0.10.0 (/opt/ros/humble/share/ament_cmake_ros/cmake)
[1.053s] -- Using all available rosidl_typesupport_c: rosidl_typesupport_fastrtps_c;rosidl_typesupport_introspection_c
[1.187s] -- Using all available rosidl_typesupport_cpp: rosidl_typesupport_fastrtps_cpp;rosidl_typesupport_introspection_cpp
[1.206s] -- Found PythonInterp: /usr/bin/python3 (found suitable version "3.10.12", minimum required is "3.6") 
[1.209s] -- Found python_cmake_module: 0.10.0 (/opt/ros/humble/share/python_cmake_module/cmake)
[1.231s] -- Found PythonLibs: /usr/lib/x86_64-linux-gnu/libpython3.10.so (found suitable version "3.10.12", minimum required is "3.5") 
[1.231s] -- Using PYTHON_EXECUTABLE: /usr/bin/python3
[1.231s] -- Using PYTHON_INCLUDE_DIRS: /usr/include/python3.10
[1.231s] -- Using PYTHON_LIBRARIES: /usr/lib/x86_64-linux-gnu/libpython3.10.so
[1.247s] -- Found PythonExtra: .so  
[1.295s] -- Found ament_lint_auto: 0.12.11 (/opt/ros/humble/share/ament_lint_auto/cmake)
[1.308s] -- Added test 'lint_cmake' to check CMake code style
[1.309s] -- Added test 'xmllint' to check XML markup files
[1.310s] -- Configuring done
[1.331s] -- Generating done
[1.339s] -- Build files have been written to: /home/tbelier/Documents/GIT/Guerle2/ros2_ws/build/message2
[1.344s] Invoked command in '/home/tbelier/Documents/GIT/Guerle2/ros2_ws/build/message2' returned '0': CMAKE_PREFIX_PATH=${CMAKE_PREFIX_PATH}:/home/tbelier/Documents/GIT/Guerle2/ros2_ws/install/sensors:/home/tbelier/Documents/GIT/Guerle2/ros2_ws/install/guidance:/home/tbelier/Documents/GIT/Guerle2/ros2_ws/install/control:/home/tbelier/Documents/GIT/Guerle2/ros2_ws/install/castor_pollux:/home/tbelier/Documents/GIT/Guerle2/ros2_ws/install/bluerov_vision:/home/tbelier/Documents/GIT/Guerle2/ros2_ws/install/bluerov_ros_camera:/opt/ros/humble /usr/bin/cmake /home/tbelier/Documents/GIT/Guerle2/ros2_ws/src/message2 -DCMAKE_INSTALL_PREFIX=/home/tbelier/Documents/GIT/Guerle2/ros2_ws/install/message2
[1.346s] Invoking command in '/home/tbelier/Documents/GIT/Guerle2/ros2_ws/build/message2': CMAKE_PREFIX_PATH=${CMAKE_PREFIX_PATH}:/home/tbelier/Documents/GIT/Guerle2/ros2_ws/install/sensors:/home/tbelier/Documents/GIT/Guerle2/ros2_ws/install/guidance:/home/tbelier/Documents/GIT/Guerle2/ros2_ws/install/control:/home/tbelier/Documents/GIT/Guerle2/ros2_ws/install/castor_pollux:/home/tbelier/Documents/GIT/Guerle2/ros2_ws/install/bluerov_vision:/home/tbelier/Documents/GIT/Guerle2/ros2_ws/install/bluerov_ros_camera:/opt/ros/humble /usr/bin/cmake --build /home/tbelier/Documents/GIT/Guerle2/ros2_ws/build/message2 -- -j20 -l20
[1.382s] [  3%] [34m[1mGenerating C code for ROS interfaces[0m
[1.390s] [  6%] [34m[1mGenerating C++ code for ROS interfaces[0m
[1.398s] [  6%] Built target ament_cmake_python_copy_message2
[1.550s] running egg_info
[1.551s] creating message2.egg-info
[1.551s] writing message2.egg-info/PKG-INFO
[1.551s] writing dependency_links to message2.egg-info/dependency_links.txt
[1.551s] writing top-level names to message2.egg-info/top_level.txt
[1.551s] writing manifest file 'message2.egg-info/SOURCES.txt'
[1.552s] reading manifest file 'message2.egg-info/SOURCES.txt'
[1.553s] writing manifest file 'message2.egg-info/SOURCES.txt'
[1.572s] [  6%] Built target message2__cpp
[1.578s] [ 12%] [32mBuilding C object CMakeFiles/message2__rosidl_generator_c.dir/rosidl_generator_c/message2/msg/detail/usbl__functions.c.o[0m
[1.578s] [ 12%] [34m[1mGenerating C++ type support dispatch for ROS interfaces[0m
[1.578s] [ 12%] Built target ament_cmake_python_build_message2_egg
[1.579s] [ 16%] [34m[1mGenerating C++ type support for eProsima Fast-RTPS[0m
[1.579s] [ 19%] [34m[1mGenerating C++ introspection for ROS interfaces[0m
[1.610s] [ 22%] [32m[1mLinking C shared library libmessage2__rosidl_generator_c.so[0m
[1.637s] [ 22%] Built target message2__rosidl_generator_c
[1.643s] [ 25%] [34m[1mGenerating C type support for eProsima Fast-RTPS[0m
[1.644s] [ 29%] [34m[1mGenerating C type support dispatch for ROS interfaces[0m
[1.648s] [ 32%] [34m[1mGenerating C introspection for ROS interfaces[0m
[1.739s] [ 35%] [32mBuilding CXX object CMakeFiles/message2__rosidl_typesupport_cpp.dir/rosidl_typesupport_cpp/message2/msg/usbl__type_support.cpp.o[0m
[1.749s] [ 38%] [32mBuilding CXX object CMakeFiles/message2__rosidl_typesupport_introspection_cpp.dir/rosidl_typesupport_introspection_cpp/message2/msg/detail/usbl__type_support.cpp.o[0m
[1.800s] [ 41%] [32mBuilding CXX object CMakeFiles/message2__rosidl_typesupport_c.dir/rosidl_typesupport_c/message2/msg/usbl__type_support.cpp.o[0m
[1.824s] [ 45%] [32m[1mLinking CXX shared library libmessage2__rosidl_typesupport_c.so[0m
[1.824s] [ 48%] [32mBuilding C object CMakeFiles/message2__rosidl_typesupport_introspection_c.dir/rosidl_typesupport_introspection_c/message2/msg/detail/usbl__type_support.c.o[0m
[1.824s] [ 51%] [32mBuilding CXX object CMakeFiles/message2__rosidl_typesupport_fastrtps_c.dir/rosidl_typesupport_fastrtps_c/message2/msg/detail/usbl__type_support_c.cpp.o[0m
[1.849s] [ 54%] [32m[1mLinking C shared library libmessage2__rosidl_typesupport_introspection_c.so[0m
[1.855s] [ 54%] Built target message2__rosidl_typesupport_c
[1.870s] [ 58%] [32mBuilding CXX object CMakeFiles/message2__rosidl_typesupport_fastrtps_cpp.dir/rosidl_typesupport_fastrtps_cpp/message2/msg/detail/dds_fastrtps/usbl__type_support.cpp.o[0m
[1.878s] [ 58%] Built target message2__rosidl_typesupport_introspection_c
[1.983s] [ 61%] [32m[1mLinking CXX shared library libmessage2__rosidl_typesupport_cpp.so[0m
[2.010s] [ 64%] [32m[1mLinking CXX shared library libmessage2__rosidl_typesupport_introspection_cpp.so[0m
[2.018s] [ 64%] Built target message2__rosidl_typesupport_cpp
[2.058s] [ 64%] Built target message2__rosidl_typesupport_introspection_cpp
[2.060s] [ 67%] [32m[1mLinking CXX shared library libmessage2__rosidl_typesupport_fastrtps_c.so[0m
[2.113s] [ 67%] Built target message2__rosidl_typesupport_fastrtps_c
[2.121s] [ 70%] [32m[1mLinking CXX shared library libmessage2__rosidl_typesupport_fastrtps_cpp.so[0m
[2.181s] [ 70%] Built target message2__rosidl_typesupport_fastrtps_cpp
[2.201s] [ 70%] Built target message2
[2.221s] [ 74%] [34m[1mGenerating Python code for ROS interfaces[0m
[2.457s] [ 74%] Built target message2__py
[2.476s] [ 77%] [32mBuilding C object CMakeFiles/message2__rosidl_generator_py.dir/rosidl_generator_py/message2/msg/_usbl_s.c.o[0m
[2.554s] [ 80%] [32m[1mLinking C shared library rosidl_generator_py/message2/libmessage2__rosidl_generator_py.so[0m
[2.591s] [ 80%] Built target message2__rosidl_generator_py
[2.608s] [ 83%] [32mBuilding C object CMakeFiles/message2__rosidl_typesupport_fastrtps_c__pyext.dir/rosidl_generator_py/message2/_message2_s.ep.rosidl_typesupport_fastrtps_c.c.o[0m
[2.610s] [ 87%] [32mBuilding C object CMakeFiles/message2__rosidl_typesupport_c__pyext.dir/rosidl_generator_py/message2/_message2_s.ep.rosidl_typesupport_c.c.o[0m
[2.615s] [ 90%] [32mBuilding C object CMakeFiles/message2__rosidl_typesupport_introspection_c__pyext.dir/rosidl_generator_py/message2/_message2_s.ep.rosidl_typesupport_introspection_c.c.o[0m
[2.671s] [ 93%] [32m[1mLinking C shared library rosidl_generator_py/message2/message2_s__rosidl_typesupport_fastrtps_c.cpython-310-x86_64-linux-gnu.so[0m
[2.711s] [ 93%] Built target message2__rosidl_typesupport_fastrtps_c__pyext
[2.724s] [ 96%] [32m[1mLinking C shared library rosidl_generator_py/message2/message2_s__rosidl_typesupport_c.cpython-310-x86_64-linux-gnu.so[0m
[2.727s] [100%] [32m[1mLinking C shared library rosidl_generator_py/message2/message2_s__rosidl_typesupport_introspection_c.cpython-310-x86_64-linux-gnu.so[0m
[2.758s] [100%] Built target message2__rosidl_typesupport_introspection_c__pyext
[2.772s] [100%] Built target message2__rosidl_typesupport_c__pyext
[2.787s] Invoked command in '/home/tbelier/Documents/GIT/Guerle2/ros2_ws/build/message2' returned '0': CMAKE_PREFIX_PATH=${CMAKE_PREFIX_PATH}:/home/tbelier/Documents/GIT/Guerle2/ros2_ws/install/sensors:/home/tbelier/Documents/GIT/Guerle2/ros2_ws/install/guidance:/home/tbelier/Documents/GIT/Guerle2/ros2_ws/install/control:/home/tbelier/Documents/GIT/Guerle2/ros2_ws/install/castor_pollux:/home/tbelier/Documents/GIT/Guerle2/ros2_ws/install/bluerov_vision:/home/tbelier/Documents/GIT/Guerle2/ros2_ws/install/bluerov_ros_camera:/opt/ros/humble /usr/bin/cmake --build /home/tbelier/Documents/GIT/Guerle2/ros2_ws/build/message2 -- -j20 -l20
[2.798s] Invoking command in '/home/tbelier/Documents/GIT/Guerle2/ros2_ws/build/message2': CMAKE_PREFIX_PATH=${CMAKE_PREFIX_PATH}:/home/tbelier/Documents/GIT/Guerle2/ros2_ws/install/sensors:/home/tbelier/Documents/GIT/Guerle2/ros2_ws/install/guidance:/home/tbelier/Documents/GIT/Guerle2/ros2_ws/install/control:/home/tbelier/Documents/GIT/Guerle2/ros2_ws/install/castor_pollux:/home/tbelier/Documents/GIT/Guerle2/ros2_ws/install/bluerov_vision:/home/tbelier/Documents/GIT/Guerle2/ros2_ws/install/bluerov_ros_camera:/opt/ros/humble /usr/bin/cmake --install /home/tbelier/Documents/GIT/Guerle2/ros2_ws/build/message2
[2.807s] -- Install configuration: ""
[2.807s] -- Installing: /home/tbelier/Documents/GIT/Guerle2/ros2_ws/install/message2/share/ament_index/resource_index/rosidl_interfaces/message2
[2.807s] -- Installing: /home/tbelier/Documents/GIT/Guerle2/ros2_ws/install/message2/include/message2/message2
[2.807s] -- Installing: /home/tbelier/Documents/GIT/Guerle2/ros2_ws/install/message2/include/message2/message2/msg
[2.807s] -- Installing: /home/tbelier/Documents/GIT/Guerle2/ros2_ws/install/message2/include/message2/message2/msg/rosidl_generator_c__visibility_control.h
[2.807s] -- Installing: /home/tbelier/Documents/GIT/Guerle2/ros2_ws/install/message2/include/message2/message2/msg/detail
[2.808s] -- Installing: /home/tbelier/Documents/GIT/Guerle2/ros2_ws/install/message2/include/message2/message2/msg/detail/usbl__functions.h
[2.808s] -- Installing: /home/tbelier/Documents/GIT/Guerle2/ros2_ws/install/message2/include/message2/message2/msg/detail/usbl__type_support.h
[2.808s] -- Installing: /home/tbelier/Documents/GIT/Guerle2/ros2_ws/install/message2/include/message2/message2/msg/detail/usbl__struct.h
[2.808s] -- Installing: /home/tbelier/Documents/GIT/Guerle2/ros2_ws/install/message2/include/message2/message2/msg/detail/usbl__functions.c
[2.808s] -- Installing: /home/tbelier/Documents/GIT/Guerle2/ros2_ws/install/message2/include/message2/message2/msg/usbl.h
[2.808s] -- Installing: /home/tbelier/Documents/GIT/Guerle2/ros2_ws/install/message2/share/message2/environment/library_path.sh
[2.808s] -- Installing: /home/tbelier/Documents/GIT/Guerle2/ros2_ws/install/message2/share/message2/environment/library_path.dsv
[2.809s] -- Installing: /home/tbelier/Documents/GIT/Guerle2/ros2_ws/install/message2/lib/libmessage2__rosidl_generator_c.so
[2.809s] -- Set runtime path of "/home/tbelier/Documents/GIT/Guerle2/ros2_ws/install/message2/lib/libmessage2__rosidl_generator_c.so" to ""
[2.809s] -- Up-to-date: /home/tbelier/Documents/GIT/Guerle2/ros2_ws/install/message2/include/message2/message2
[2.809s] -- Up-to-date: /home/tbelier/Documents/GIT/Guerle2/ros2_ws/install/message2/include/message2/message2/msg
[2.809s] -- Up-to-date: /home/tbelier/Documents/GIT/Guerle2/ros2_ws/install/message2/include/message2/message2/msg/detail
[2.809s] -- Installing: /home/tbelier/Documents/GIT/Guerle2/ros2_ws/install/message2/include/message2/message2/msg/detail/usbl__rosidl_typesupport_fastrtps_c.h
[2.810s] -- Installing: /home/tbelier/Documents/GIT/Guerle2/ros2_ws/install/message2/include/message2/message2/msg/rosidl_typesupport_fastrtps_c__visibility_control.h
[2.810s] -- Installing: /home/tbelier/Documents/GIT/Guerle2/ros2_ws/install/message2/lib/libmessage2__rosidl_typesupport_fastrtps_c.so
[2.810s] -- Set runtime path of "/home/tbelier/Documents/GIT/Guerle2/ros2_ws/install/message2/lib/libmessage2__rosidl_typesupport_fastrtps_c.so" to ""
[2.810s] -- Up-to-date: /home/tbelier/Documents/GIT/Guerle2/ros2_ws/install/message2/include/message2/message2
[2.810s] -- Up-to-date: /home/tbelier/Documents/GIT/Guerle2/ros2_ws/install/message2/include/message2/message2/msg
[2.810s] -- Up-to-date: /home/tbelier/Documents/GIT/Guerle2/ros2_ws/install/message2/include/message2/message2/msg/detail
[2.810s] -- Installing: /home/tbelier/Documents/GIT/Guerle2/ros2_ws/install/message2/include/message2/message2/msg/detail/usbl__traits.hpp
[2.810s] -- Installing: /home/tbelier/Documents/GIT/Guerle2/ros2_ws/install/message2/include/message2/message2/msg/detail/usbl__type_support.hpp
[2.810s] -- Installing: /home/tbelier/Documents/GIT/Guerle2/ros2_ws/install/message2/include/message2/message2/msg/detail/usbl__struct.hpp
[2.811s] -- Installing: /home/tbelier/Documents/GIT/Guerle2/ros2_ws/install/message2/include/message2/message2/msg/detail/usbl__builder.hpp
[2.811s] -- Installing: /home/tbelier/Documents/GIT/Guerle2/ros2_ws/install/message2/include/message2/message2/msg/rosidl_generator_cpp__visibility_control.hpp
[2.811s] -- Installing: /home/tbelier/Documents/GIT/Guerle2/ros2_ws/install/message2/include/message2/message2/msg/usbl.hpp
[2.811s] -- Up-to-date: /home/tbelier/Documents/GIT/Guerle2/ros2_ws/install/message2/include/message2/message2
[2.811s] -- Up-to-date: /home/tbelier/Documents/GIT/Guerle2/ros2_ws/install/message2/include/message2/message2/msg
[2.811s] -- Up-to-date: /home/tbelier/Documents/GIT/Guerle2/ros2_ws/install/message2/include/message2/message2/msg/detail
[2.811s] -- Installing: /home/tbelier/Documents/GIT/Guerle2/ros2_ws/install/message2/include/message2/message2/msg/detail/usbl__rosidl_typesupport_fastrtps_cpp.hpp
[2.811s] -- Installing: /home/tbelier/Documents/GIT/Guerle2/ros2_ws/install/message2/include/message2/message2/msg/detail/dds_fastrtps
[2.811s] -- Installing: /home/tbelier/Documents/GIT/Guerle2/ros2_ws/install/message2/include/message2/message2/msg/rosidl_typesupport_fastrtps_cpp__visibility_control.h
[2.811s] -- Installing: /home/tbelier/Documents/GIT/Guerle2/ros2_ws/install/message2/lib/libmessage2__rosidl_typesupport_fastrtps_cpp.so
[2.813s] -- Set runtime path of "/home/tbelier/Documents/GIT/Guerle2/ros2_ws/install/message2/lib/libmessage2__rosidl_typesupport_fastrtps_cpp.so" to ""
[2.813s] -- Up-to-date: /home/tbelier/Documents/GIT/Guerle2/ros2_ws/install/message2/include/message2/message2
[2.813s] -- Up-to-date: /home/tbelier/Documents/GIT/Guerle2/ros2_ws/install/message2/include/message2/message2/msg
[2.813s] -- Up-to-date: /home/tbelier/Documents/GIT/Guerle2/ros2_ws/install/message2/include/message2/message2/msg/detail
[2.813s] -- Installing: /home/tbelier/Documents/GIT/Guerle2/ros2_ws/install/message2/include/message2/message2/msg/detail/usbl__type_support.c
[2.813s] -- Installing: /home/tbelier/Documents/GIT/Guerle2/ros2_ws/install/message2/include/message2/message2/msg/detail/usbl__rosidl_typesupport_introspection_c.h
[2.813s] -- Installing: /home/tbelier/Documents/GIT/Guerle2/ros2_ws/install/message2/include/message2/message2/msg/rosidl_typesupport_introspection_c__visibility_control.h
[2.813s] -- Installing: /home/tbelier/Documents/GIT/Guerle2/ros2_ws/install/message2/lib/libmessage2__rosidl_typesupport_introspection_c.so
[2.814s] -- Set runtime path of "/home/tbelier/Documents/GIT/Guerle2/ros2_ws/install/message2/lib/libmessage2__rosidl_typesupport_introspection_c.so" to ""
[2.814s] -- Installing: /home/tbelier/Documents/GIT/Guerle2/ros2_ws/install/message2/lib/libmessage2__rosidl_typesupport_c.so
[2.814s] -- Set runtime path of "/home/tbelier/Documents/GIT/Guerle2/ros2_ws/install/message2/lib/libmessage2__rosidl_typesupport_c.so" to ""
[2.814s] -- Up-to-date: /home/tbelier/Documents/GIT/Guerle2/ros2_ws/install/message2/include/message2/message2
[2.814s] -- Up-to-date: /home/tbelier/Documents/GIT/Guerle2/ros2_ws/install/message2/include/message2/message2/msg
[2.814s] -- Up-to-date: /home/tbelier/Documents/GIT/Guerle2/ros2_ws/install/message2/include/message2/message2/msg/detail
[2.814s] -- Installing: /home/tbelier/Documents/GIT/Guerle2/ros2_ws/install/message2/include/message2/message2/msg/detail/usbl__rosidl_typesupport_introspection_cpp.hpp
[2.814s] -- Installing: /home/tbelier/Documents/GIT/Guerle2/ros2_ws/install/message2/include/message2/message2/msg/detail/usbl__type_support.cpp
[2.814s] -- Installing: /home/tbelier/Documents/GIT/Guerle2/ros2_ws/install/message2/lib/libmessage2__rosidl_typesupport_introspection_cpp.so
[2.814s] -- Set runtime path of "/home/tbelier/Documents/GIT/Guerle2/ros2_ws/install/message2/lib/libmessage2__rosidl_typesupport_introspection_cpp.so" to ""
[2.814s] -- Installing: /home/tbelier/Documents/GIT/Guerle2/ros2_ws/install/message2/lib/libmessage2__rosidl_typesupport_cpp.so
[2.815s] -- Set runtime path of "/home/tbelier/Documents/GIT/Guerle2/ros2_ws/install/message2/lib/libmessage2__rosidl_typesupport_cpp.so" to ""
[2.815s] -- Installing: /home/tbelier/Documents/GIT/Guerle2/ros2_ws/install/message2/share/message2/environment/pythonpath.sh
[2.815s] -- Installing: /home/tbelier/Documents/GIT/Guerle2/ros2_ws/install/message2/share/message2/environment/pythonpath.dsv
[2.815s] -- Installing: /home/tbelier/Documents/GIT/Guerle2/ros2_ws/install/message2/local/lib/python3.10/dist-packages/message2-0.0.0-py3.10.egg-info
[2.815s] -- Installing: /home/tbelier/Documents/GIT/Guerle2/ros2_ws/install/message2/local/lib/python3.10/dist-packages/message2-0.0.0-py3.10.egg-info/PKG-INFO
[2.815s] -- Installing: /home/tbelier/Documents/GIT/Guerle2/ros2_ws/install/message2/local/lib/python3.10/dist-packages/message2-0.0.0-py3.10.egg-info/top_level.txt
[2.815s] -- Installing: /home/tbelier/Documents/GIT/Guerle2/ros2_ws/install/message2/local/lib/python3.10/dist-packages/message2-0.0.0-py3.10.egg-info/SOURCES.txt
[2.815s] -- Installing: /home/tbelier/Documents/GIT/Guerle2/ros2_ws/install/message2/local/lib/python3.10/dist-packages/message2-0.0.0-py3.10.egg-info/dependency_links.txt
[2.815s] -- Installing: /home/tbelier/Documents/GIT/Guerle2/ros2_ws/install/message2/local/lib/python3.10/dist-packages/message2
[2.815s] -- Installing: /home/tbelier/Documents/GIT/Guerle2/ros2_ws/install/message2/local/lib/python3.10/dist-packages/message2/_message2_s.ep.rosidl_typesupport_introspection_c.c
[2.815s] -- Installing: /home/tbelier/Documents/GIT/Guerle2/ros2_ws/install/message2/local/lib/python3.10/dist-packages/message2/_message2_s.ep.rosidl_typesupport_fastrtps_c.c
[2.816s] -- Installing: /home/tbelier/Documents/GIT/Guerle2/ros2_ws/install/message2/local/lib/python3.10/dist-packages/message2/_message2_s.ep.rosidl_typesupport_c.c
[2.816s] -- Installing: /home/tbelier/Documents/GIT/Guerle2/ros2_ws/install/message2/local/lib/python3.10/dist-packages/message2/message2_s__rosidl_typesupport_introspection_c.cpython-310-x86_64-linux-gnu.so
[2.816s] -- Installing: /home/tbelier/Documents/GIT/Guerle2/ros2_ws/install/message2/local/lib/python3.10/dist-packages/message2/libmessage2__rosidl_generator_py.so
[2.816s] -- Installing: /home/tbelier/Documents/GIT/Guerle2/ros2_ws/install/message2/local/lib/python3.10/dist-packages/message2/msg
[2.816s] -- Installing: /home/tbelier/Documents/GIT/Guerle2/ros2_ws/install/message2/local/lib/python3.10/dist-packages/message2/msg/_usbl.py
[2.816s] -- Installing: /home/tbelier/Documents/GIT/Guerle2/ros2_ws/install/message2/local/lib/python3.10/dist-packages/message2/msg/_usbl_s.c
[2.816s] -- Installing: /home/tbelier/Documents/GIT/Guerle2/ros2_ws/install/message2/local/lib/python3.10/dist-packages/message2/msg/__init__.py
[2.816s] -- Installing: /home/tbelier/Documents/GIT/Guerle2/ros2_ws/install/message2/local/lib/python3.10/dist-packages/message2/message2_s__rosidl_typesupport_fastrtps_c.cpython-310-x86_64-linux-gnu.so
[2.817s] -- Installing: /home/tbelier/Documents/GIT/Guerle2/ros2_ws/install/message2/local/lib/python3.10/dist-packages/message2/message2_s__rosidl_typesupport_c.cpython-310-x86_64-linux-gnu.so
[2.817s] -- Installing: /home/tbelier/Documents/GIT/Guerle2/ros2_ws/install/message2/local/lib/python3.10/dist-packages/message2/__init__.py
[2.853s] Listing '/home/tbelier/Documents/GIT/Guerle2/ros2_ws/install/message2/local/lib/python3.10/dist-packages/message2'...
[2.853s] Compiling '/home/tbelier/Documents/GIT/Guerle2/ros2_ws/install/message2/local/lib/python3.10/dist-packages/message2/__init__.py'...
[2.853s] Listing '/home/tbelier/Documents/GIT/Guerle2/ros2_ws/install/message2/local/lib/python3.10/dist-packages/message2/msg'...
[2.854s] Compiling '/home/tbelier/Documents/GIT/Guerle2/ros2_ws/install/message2/local/lib/python3.10/dist-packages/message2/msg/__init__.py'...
[2.854s] Compiling '/home/tbelier/Documents/GIT/Guerle2/ros2_ws/install/message2/local/lib/python3.10/dist-packages/message2/msg/_usbl.py'...
[2.857s] -- Installing: /home/tbelier/Documents/GIT/Guerle2/ros2_ws/install/message2/local/lib/python3.10/dist-packages/message2/message2_s__rosidl_typesupport_fastrtps_c.cpython-310-x86_64-linux-gnu.so
[2.857s] -- Set runtime path of "/home/tbelier/Documents/GIT/Guerle2/ros2_ws/install/message2/local/lib/python3.10/dist-packages/message2/message2_s__rosidl_typesupport_fastrtps_c.cpython-310-x86_64-linux-gnu.so" to ""
[2.858s] -- Installing: /home/tbelier/Documents/GIT/Guerle2/ros2_ws/install/message2/local/lib/python3.10/dist-packages/message2/message2_s__rosidl_typesupport_introspection_c.cpython-310-x86_64-linux-gnu.so
[2.858s] -- Set runtime path of "/home/tbelier/Documents/GIT/Guerle2/ros2_ws/install/message2/local/lib/python3.10/dist-packages/message2/message2_s__rosidl_typesupport_introspection_c.cpython-310-x86_64-linux-gnu.so" to ""
[2.858s] -- Installing: /home/tbelier/Documents/GIT/Guerle2/ros2_ws/install/message2/local/lib/python3.10/dist-packages/message2/message2_s__rosidl_typesupport_c.cpython-310-x86_64-linux-gnu.so
[2.858s] -- Set runtime path of "/home/tbelier/Documents/GIT/Guerle2/ros2_ws/install/message2/local/lib/python3.10/dist-packages/message2/message2_s__rosidl_typesupport_c.cpython-310-x86_64-linux-gnu.so" to ""
[2.859s] -- Installing: /home/tbelier/Documents/GIT/Guerle2/ros2_ws/install/message2/lib/libmessage2__rosidl_generator_py.so
[2.859s] -- Set runtime path of "/home/tbelier/Documents/GIT/Guerle2/ros2_ws/install/message2/lib/libmessage2__rosidl_generator_py.so" to ""
[2.859s] -- Installing: /home/tbelier/Documents/GIT/Guerle2/ros2_ws/install/message2/share/message2/msg/Usbl.idl
[2.859s] -- Installing: /home/tbelier/Documents/GIT/Guerle2/ros2_ws/install/message2/share/message2/msg/Usbl.msg
[2.859s] -- Installing: /home/tbelier/Documents/GIT/Guerle2/ros2_ws/install/message2/share/ament_index/resource_index/package_run_dependencies/message2
[2.860s] -- Installing: /home/tbelier/Documents/GIT/Guerle2/ros2_ws/install/message2/share/ament_index/resource_index/parent_prefix_path/message2
[2.860s] -- Installing: /home/tbelier/Documents/GIT/Guerle2/ros2_ws/install/message2/share/message2/environment/ament_prefix_path.sh
[2.860s] -- Installing: /home/tbelier/Documents/GIT/Guerle2/ros2_ws/install/message2/share/message2/environment/ament_prefix_path.dsv
[2.860s] -- Installing: /home/tbelier/Documents/GIT/Guerle2/ros2_ws/install/message2/share/message2/environment/path.sh
[2.860s] -- Installing: /home/tbelier/Documents/GIT/Guerle2/ros2_ws/install/message2/share/message2/environment/path.dsv
[2.860s] -- Installing: /home/tbelier/Documents/GIT/Guerle2/ros2_ws/install/message2/share/message2/local_setup.bash
[2.860s] -- Installing: /home/tbelier/Documents/GIT/Guerle2/ros2_ws/install/message2/share/message2/local_setup.sh
[2.861s] -- Installing: /home/tbelier/Documents/GIT/Guerle2/ros2_ws/install/message2/share/message2/local_setup.zsh
[2.861s] -- Installing: /home/tbelier/Documents/GIT/Guerle2/ros2_ws/install/message2/share/message2/local_setup.dsv
[2.861s] -- Installing: /home/tbelier/Documents/GIT/Guerle2/ros2_ws/install/message2/share/message2/package.dsv
[2.861s] -- Installing: /home/tbelier/Documents/GIT/Guerle2/ros2_ws/install/message2/share/ament_index/resource_index/packages/message2
[2.861s] -- Installing: /home/tbelier/Documents/GIT/Guerle2/ros2_ws/install/message2/share/message2/cmake/export_message2__rosidl_generator_cExport.cmake
[2.861s] -- Installing: /home/tbelier/Documents/GIT/Guerle2/ros2_ws/install/message2/share/message2/cmake/export_message2__rosidl_generator_cExport-noconfig.cmake
[2.862s] -- Installing: /home/tbelier/Documents/GIT/Guerle2/ros2_ws/install/message2/share/message2/cmake/export_message2__rosidl_typesupport_fastrtps_cExport.cmake
[2.862s] -- Installing: /home/tbelier/Documents/GIT/Guerle2/ros2_ws/install/message2/share/message2/cmake/export_message2__rosidl_typesupport_fastrtps_cExport-noconfig.cmake
[2.862s] -- Installing: /home/tbelier/Documents/GIT/Guerle2/ros2_ws/install/message2/share/message2/cmake/export_message2__rosidl_generator_cppExport.cmake
[2.862s] -- Installing: /home/tbelier/Documents/GIT/Guerle2/ros2_ws/install/message2/share/message2/cmake/export_message2__rosidl_typesupport_fastrtps_cppExport.cmake
[2.862s] -- Installing: /home/tbelier/Documents/GIT/Guerle2/ros2_ws/install/message2/share/message2/cmake/export_message2__rosidl_typesupport_fastrtps_cppExport-noconfig.cmake
[2.862s] -- Installing: /home/tbelier/Documents/GIT/Guerle2/ros2_ws/install/message2/share/message2/cmake/message2__rosidl_typesupport_introspection_cExport.cmake
[2.863s] -- Installing: /home/tbelier/Documents/GIT/Guerle2/ros2_ws/install/message2/share/message2/cmake/message2__rosidl_typesupport_introspection_cExport-noconfig.cmake
[2.863s] -- Installing: /home/tbelier/Documents/GIT/Guerle2/ros2_ws/install/message2/share/message2/cmake/message2__rosidl_typesupport_cExport.cmake
[2.863s] -- Installing: /home/tbelier/Documents/GIT/Guerle2/ros2_ws/install/message2/share/message2/cmake/message2__rosidl_typesupport_cExport-noconfig.cmake
[2.863s] -- Installing: /home/tbelier/Documents/GIT/Guerle2/ros2_ws/install/message2/share/message2/cmake/message2__rosidl_typesupport_introspection_cppExport.cmake
[2.863s] -- Installing: /home/tbelier/Documents/GIT/Guerle2/ros2_ws/install/message2/share/message2/cmake/message2__rosidl_typesupport_introspection_cppExport-noconfig.cmake
[2.863s] -- Installing: /home/tbelier/Documents/GIT/Guerle2/ros2_ws/install/message2/share/message2/cmake/message2__rosidl_typesupport_cppExport.cmake
[2.864s] -- Installing: /home/tbelier/Documents/GIT/Guerle2/ros2_ws/install/message2/share/message2/cmake/message2__rosidl_typesupport_cppExport-noconfig.cmake
[2.864s] -- Installing: /home/tbelier/Documents/GIT/Guerle2/ros2_ws/install/message2/share/message2/cmake/export_message2__rosidl_generator_pyExport.cmake
[2.864s] -- Installing: /home/tbelier/Documents/GIT/Guerle2/ros2_ws/install/message2/share/message2/cmake/export_message2__rosidl_generator_pyExport-noconfig.cmake
[2.864s] -- Installing: /home/tbelier/Documents/GIT/Guerle2/ros2_ws/install/message2/share/message2/cmake/rosidl_cmake-extras.cmake
[2.864s] -- Installing: /home/tbelier/Documents/GIT/Guerle2/ros2_ws/install/message2/share/message2/cmake/ament_cmake_export_dependencies-extras.cmake
[2.864s] -- Installing: /home/tbelier/Documents/GIT/Guerle2/ros2_ws/install/message2/share/message2/cmake/ament_cmake_export_include_directories-extras.cmake
[2.864s] -- Installing: /home/tbelier/Documents/GIT/Guerle2/ros2_ws/install/message2/share/message2/cmake/ament_cmake_export_libraries-extras.cmake
[2.865s] -- Installing: /home/tbelier/Documents/GIT/Guerle2/ros2_ws/install/message2/share/message2/cmake/ament_cmake_export_targets-extras.cmake
[2.865s] -- Installing: /home/tbelier/Documents/GIT/Guerle2/ros2_ws/install/message2/share/message2/cmake/rosidl_cmake_export_typesupport_targets-extras.cmake
[2.865s] -- Installing: /home/tbelier/Documents/GIT/Guerle2/ros2_ws/install/message2/share/message2/cmake/rosidl_cmake_export_typesupport_libraries-extras.cmake
[2.865s] -- Installing: /home/tbelier/Documents/GIT/Guerle2/ros2_ws/install/message2/share/message2/cmake/message2Config.cmake
[2.865s] -- Installing: /home/tbelier/Documents/GIT/Guerle2/ros2_ws/install/message2/share/message2/cmake/message2Config-version.cmake
[2.865s] -- Installing: /home/tbelier/Documents/GIT/Guerle2/ros2_ws/install/message2/share/message2/package.xml
[2.868s] Invoked command in '/home/tbelier/Documents/GIT/Guerle2/ros2_ws/build/message2' returned '0': CMAKE_PREFIX_PATH=${CMAKE_PREFIX_PATH}:/home/tbelier/Documents/GIT/Guerle2/ros2_ws/install/sensors:/home/tbelier/Documents/GIT/Guerle2/ros2_ws/install/guidance:/home/tbelier/Documents/GIT/Guerle2/ros2_ws/install/control:/home/tbelier/Documents/GIT/Guerle2/ros2_ws/install/castor_pollux:/home/tbelier/Documents/GIT/Guerle2/ros2_ws/install/bluerov_vision:/home/tbelier/Documents/GIT/Guerle2/ros2_ws/install/bluerov_ros_camera:/opt/ros/humble /usr/bin/cmake --install /home/tbelier/Documents/GIT/Guerle2/ros2_ws/build/message2
