[1.357s] Invoking command in '/home/tbelier/Documents/GIT/Guerle2/ros2_ws/src/castor_pollux': PYTHONPATH=/home/tbelier/Documents/GIT/Guerle2/ros2_ws/build/castor_pollux/prefix_override:/usr/lib/python3/dist-packages/colcon_core/task/python/colcon_distutils_commands:/home/tbelier/Documents/GIT/Guerle2/ros2_ws/install/castor_pollux/lib/python3.10/site-packages:${PYTHONPATH} /usr/bin/python3 -W ignore:setup.py install is deprecated -W ignore:easy_install command is deprecated setup.py egg_info --egg-base ../../build/castor_pollux build --build-base /home/tbelier/Documents/GIT/Guerle2/ros2_ws/build/castor_pollux/build install --record /home/tbelier/Documents/GIT/Guerle2/ros2_ws/build/castor_pollux/install.log --single-version-externally-managed install_data
[1.557s] running egg_info
[1.557s] creating ../../build/castor_pollux/castor_pollux.egg-info
[1.558s] writing ../../build/castor_pollux/castor_pollux.egg-info/PKG-INFO
[1.558s] writing dependency_links to ../../build/castor_pollux/castor_pollux.egg-info/dependency_links.txt
[1.558s] writing entry points to ../../build/castor_pollux/castor_pollux.egg-info/entry_points.txt
[1.558s] writing requirements to ../../build/castor_pollux/castor_pollux.egg-info/requires.txt
[1.558s] writing top-level names to ../../build/castor_pollux/castor_pollux.egg-info/top_level.txt
[1.558s] writing manifest file '../../build/castor_pollux/castor_pollux.egg-info/SOURCES.txt'
[1.559s] reading manifest file '../../build/castor_pollux/castor_pollux.egg-info/SOURCES.txt'
[1.560s] writing manifest file '../../build/castor_pollux/castor_pollux.egg-info/SOURCES.txt'
[1.560s] running build
[1.561s] running build_py
[1.561s] creating /home/tbelier/Documents/GIT/Guerle2/ros2_ws/build/castor_pollux/build
[1.561s] creating /home/tbelier/Documents/GIT/Guerle2/ros2_ws/build/castor_pollux/build/lib
[1.561s] creating /home/tbelier/Documents/GIT/Guerle2/ros2_ws/build/castor_pollux/build/lib/castor_pollux
[1.561s] copying castor_pollux/__init__.py -> /home/tbelier/Documents/GIT/Guerle2/ros2_ws/build/castor_pollux/build/lib/castor_pollux
[1.561s] running install
[1.561s] running install_lib
[1.561s] creating /home/tbelier/Documents/GIT/Guerle2/ros2_ws/install/castor_pollux/lib/python3.10/site-packages/castor_pollux
[1.562s] copying /home/tbelier/Documents/GIT/Guerle2/ros2_ws/build/castor_pollux/build/lib/castor_pollux/__init__.py -> /home/tbelier/Documents/GIT/Guerle2/ros2_ws/install/castor_pollux/lib/python3.10/site-packages/castor_pollux
[1.562s] byte-compiling /home/tbelier/Documents/GIT/Guerle2/ros2_ws/install/castor_pollux/lib/python3.10/site-packages/castor_pollux/__init__.py to __init__.cpython-310.pyc
[1.563s] running install_data
[1.563s] creating /home/tbelier/Documents/GIT/Guerle2/ros2_ws/install/castor_pollux/share/ament_index
[1.563s] creating /home/tbelier/Documents/GIT/Guerle2/ros2_ws/install/castor_pollux/share/ament_index/resource_index
[1.563s] creating /home/tbelier/Documents/GIT/Guerle2/ros2_ws/install/castor_pollux/share/ament_index/resource_index/packages
[1.563s] copying resource/castor_pollux -> /home/tbelier/Documents/GIT/Guerle2/ros2_ws/install/castor_pollux/share/ament_index/resource_index/packages
[1.563s] copying package.xml -> /home/tbelier/Documents/GIT/Guerle2/ros2_ws/install/castor_pollux/share/castor_pollux
[1.563s] creating /home/tbelier/Documents/GIT/Guerle2/ros2_ws/install/castor_pollux/share/castor_pollux/launch
[1.563s] copying launch/castor_pollux.launch.py -> /home/tbelier/Documents/GIT/Guerle2/ros2_ws/install/castor_pollux/share/castor_pollux/launch
[1.563s] copying launch/castor_polluxTestDockingManuelRosbag.launch.py -> /home/tbelier/Documents/GIT/Guerle2/ros2_ws/install/castor_pollux/share/castor_pollux/launch
[1.563s] copying launch/castor_polluxTestGuidancePressure.launch.py -> /home/tbelier/Documents/GIT/Guerle2/ros2_ws/install/castor_pollux/share/castor_pollux/launch
[1.563s] copying launch/castor_polluxDepthSansUSBL.launch.py -> /home/tbelier/Documents/GIT/Guerle2/ros2_ws/install/castor_pollux/share/castor_pollux/launch
[1.564s] copying launch/castor_polluxTestGuidancePressureRosbag.launch.py -> /home/tbelier/Documents/GIT/Guerle2/ros2_ws/install/castor_pollux/share/castor_pollux/launch
[1.564s] running install_egg_info
[1.566s] Copying ../../build/castor_pollux/castor_pollux.egg-info to /home/tbelier/Documents/GIT/Guerle2/ros2_ws/install/castor_pollux/lib/python3.10/site-packages/castor_pollux-0.0.0-py3.10.egg-info
[1.567s] running install_scripts
[1.586s] writing list of installed files to '/home/tbelier/Documents/GIT/Guerle2/ros2_ws/build/castor_pollux/install.log'
[1.607s] Invoked command in '/home/tbelier/Documents/GIT/Guerle2/ros2_ws/src/castor_pollux' returned '0': PYTHONPATH=/home/tbelier/Documents/GIT/Guerle2/ros2_ws/build/castor_pollux/prefix_override:/usr/lib/python3/dist-packages/colcon_core/task/python/colcon_distutils_commands:/home/tbelier/Documents/GIT/Guerle2/ros2_ws/install/castor_pollux/lib/python3.10/site-packages:${PYTHONPATH} /usr/bin/python3 -W ignore:setup.py install is deprecated -W ignore:easy_install command is deprecated setup.py egg_info --egg-base ../../build/castor_pollux build --build-base /home/tbelier/Documents/GIT/Guerle2/ros2_ws/build/castor_pollux/build install --record /home/tbelier/Documents/GIT/Guerle2/ros2_ws/build/castor_pollux/install.log --single-version-externally-managed install_data
