[  3%] Built target message2__cpp
[ 12%] Built target message2__rosidl_generator_c
[ 12%] Built target ament_cmake_python_copy_message2
[ 32%] Built target message2__rosidl_typesupport_introspection_cpp
[ 32%] Built target message2__rosidl_typesupport_fastrtps_c
[ 41%] Built target message2__rosidl_typesupport_fastrtps_cpp
[ 51%] Built target message2__rosidl_typesupport_introspection_c
[ 70%] Built target message2__rosidl_typesupport_cpp
[ 70%] Built target message2__rosidl_typesupport_c
[ 70%] Built target message2
[ 74%] Built target message2__py
[ 80%] Built target message2__rosidl_generator_py
[ 87%] Built target message2__rosidl_typesupport_fastrtps_c__pyext
[ 93%] Built target message2__rosidl_typesupport_c__pyext
[100%] Built target message2__rosidl_typesupport_introspection_c__pyext
running egg_info
writing message2.egg-info/PKG-INFO
writing dependency_links to message2.egg-info/dependency_links.txt
writing top-level names to message2.egg-info/top_level.txt
reading manifest file 'message2.egg-info/SOURCES.txt'
writing manifest file 'message2.egg-info/SOURCES.txt'
[100%] Built target ament_cmake_python_build_message2_egg
-- Install configuration: ""
-- Up-to-date: /home/tbelier/Documents/GIT/Guerle2/ros2_ws/install/message2/share/ament_index/resource_index/rosidl_interfaces/message2
-- Up-to-date: /home/tbelier/Documents/GIT/Guerle2/ros2_ws/install/message2/include/message2/message2
-- Up-to-date: /home/tbelier/Documents/GIT/Guerle2/ros2_ws/install/message2/include/message2/message2/msg
-- Up-to-date: /home/tbelier/Documents/GIT/Guerle2/ros2_ws/install/message2/include/message2/message2/msg/rosidl_generator_c__visibility_control.h
-- Up-to-date: /home/tbelier/Documents/GIT/Guerle2/ros2_ws/install/message2/include/message2/message2/msg/detail
-- Up-to-date: /home/tbelier/Documents/GIT/Guerle2/ros2_ws/install/message2/include/message2/message2/msg/detail/usbl__functions.h
-- Up-to-date: /home/tbelier/Documents/GIT/Guerle2/ros2_ws/install/message2/include/message2/message2/msg/detail/usbl__type_support.h
-- Up-to-date: /home/tbelier/Documents/GIT/Guerle2/ros2_ws/install/message2/include/message2/message2/msg/detail/usbl__struct.h
-- Up-to-date: /home/tbelier/Documents/GIT/Guerle2/ros2_ws/install/message2/include/message2/message2/msg/detail/usbl__functions.c
-- Up-to-date: /home/tbelier/Documents/GIT/Guerle2/ros2_ws/install/message2/include/message2/message2/msg/usbl.h
-- Up-to-date: /home/tbelier/Documents/GIT/Guerle2/ros2_ws/install/message2/share/message2/environment/library_path.sh
-- Up-to-date: /home/tbelier/Documents/GIT/Guerle2/ros2_ws/install/message2/share/message2/environment/library_path.dsv
-- Up-to-date: /home/tbelier/Documents/GIT/Guerle2/ros2_ws/install/message2/lib/libmessage2__rosidl_generator_c.so
-- Up-to-date: /home/tbelier/Documents/GIT/Guerle2/ros2_ws/install/message2/include/message2/message2
-- Up-to-date: /home/tbelier/Documents/GIT/Guerle2/ros2_ws/install/message2/include/message2/message2/msg
-- Up-to-date: /home/tbelier/Documents/GIT/Guerle2/ros2_ws/install/message2/include/message2/message2/msg/detail
-- Up-to-date: /home/tbelier/Documents/GIT/Guerle2/ros2_ws/install/message2/include/message2/message2/msg/detail/usbl__rosidl_typesupport_fastrtps_c.h
-- Up-to-date: /home/tbelier/Documents/GIT/Guerle2/ros2_ws/install/message2/include/message2/message2/msg/rosidl_typesupport_fastrtps_c__visibility_control.h
-- Up-to-date: /home/tbelier/Documents/GIT/Guerle2/ros2_ws/install/message2/lib/libmessage2__rosidl_typesupport_fastrtps_c.so
-- Up-to-date: /home/tbelier/Documents/GIT/Guerle2/ros2_ws/install/message2/include/message2/message2
-- Up-to-date: /home/tbelier/Documents/GIT/Guerle2/ros2_ws/install/message2/include/message2/message2/msg
-- Up-to-date: /home/tbelier/Documents/GIT/Guerle2/ros2_ws/install/message2/include/message2/message2/msg/detail
-- Up-to-date: /home/tbelier/Documents/GIT/Guerle2/ros2_ws/install/message2/include/message2/message2/msg/detail/usbl__traits.hpp
-- Up-to-date: /home/tbelier/Documents/GIT/Guerle2/ros2_ws/install/message2/include/message2/message2/msg/detail/usbl__type_support.hpp
-- Up-to-date: /home/tbelier/Documents/GIT/Guerle2/ros2_ws/install/message2/include/message2/message2/msg/detail/usbl__struct.hpp
-- Up-to-date: /home/tbelier/Documents/GIT/Guerle2/ros2_ws/install/message2/include/message2/message2/msg/detail/usbl__builder.hpp
-- Up-to-date: /home/tbelier/Documents/GIT/Guerle2/ros2_ws/install/message2/include/message2/message2/msg/rosidl_generator_cpp__visibility_control.hpp
-- Up-to-date: /home/tbelier/Documents/GIT/Guerle2/ros2_ws/install/message2/include/message2/message2/msg/usbl.hpp
-- Up-to-date: /home/tbelier/Documents/GIT/Guerle2/ros2_ws/install/message2/include/message2/message2
-- Up-to-date: /home/tbelier/Documents/GIT/Guerle2/ros2_ws/install/message2/include/message2/message2/msg
-- Up-to-date: /home/tbelier/Documents/GIT/Guerle2/ros2_ws/install/message2/include/message2/message2/msg/detail
-- Up-to-date: /home/tbelier/Documents/GIT/Guerle2/ros2_ws/install/message2/include/message2/message2/msg/detail/usbl__rosidl_typesupport_fastrtps_cpp.hpp
-- Up-to-date: /home/tbelier/Documents/GIT/Guerle2/ros2_ws/install/message2/include/message2/message2/msg/detail/dds_fastrtps
-- Up-to-date: /home/tbelier/Documents/GIT/Guerle2/ros2_ws/install/message2/include/message2/message2/msg/rosidl_typesupport_fastrtps_cpp__visibility_control.h
-- Up-to-date: /home/tbelier/Documents/GIT/Guerle2/ros2_ws/install/message2/lib/libmessage2__rosidl_typesupport_fastrtps_cpp.so
-- Up-to-date: /home/tbelier/Documents/GIT/Guerle2/ros2_ws/install/message2/include/message2/message2
-- Up-to-date: /home/tbelier/Documents/GIT/Guerle2/ros2_ws/install/message2/include/message2/message2/msg
-- Up-to-date: /home/tbelier/Documents/GIT/Guerle2/ros2_ws/install/message2/include/message2/message2/msg/detail
-- Up-to-date: /home/tbelier/Documents/GIT/Guerle2/ros2_ws/install/message2/include/message2/message2/msg/detail/usbl__type_support.c
-- Up-to-date: /home/tbelier/Documents/GIT/Guerle2/ros2_ws/install/message2/include/message2/message2/msg/detail/usbl__rosidl_typesupport_introspection_c.h
-- Up-to-date: /home/tbelier/Documents/GIT/Guerle2/ros2_ws/install/message2/include/message2/message2/msg/rosidl_typesupport_introspection_c__visibility_control.h
-- Up-to-date: /home/tbelier/Documents/GIT/Guerle2/ros2_ws/install/message2/lib/libmessage2__rosidl_typesupport_introspection_c.so
-- Up-to-date: /home/tbelier/Documents/GIT/Guerle2/ros2_ws/install/message2/lib/libmessage2__rosidl_typesupport_c.so
-- Up-to-date: /home/tbelier/Documents/GIT/Guerle2/ros2_ws/install/message2/include/message2/message2
-- Up-to-date: /home/tbelier/Documents/GIT/Guerle2/ros2_ws/install/message2/include/message2/message2/msg
-- Up-to-date: /home/tbelier/Documents/GIT/Guerle2/ros2_ws/install/message2/include/message2/message2/msg/detail
-- Up-to-date: /home/tbelier/Documents/GIT/Guerle2/ros2_ws/install/message2/include/message2/message2/msg/detail/usbl__rosidl_typesupport_introspection_cpp.hpp
-- Up-to-date: /home/tbelier/Documents/GIT/Guerle2/ros2_ws/install/message2/include/message2/message2/msg/detail/usbl__type_support.cpp
-- Up-to-date: /home/tbelier/Documents/GIT/Guerle2/ros2_ws/install/message2/lib/libmessage2__rosidl_typesupport_introspection_cpp.so
-- Up-to-date: /home/tbelier/Documents/GIT/Guerle2/ros2_ws/install/message2/lib/libmessage2__rosidl_typesupport_cpp.so
-- Up-to-date: /home/tbelier/Documents/GIT/Guerle2/ros2_ws/install/message2/share/message2/environment/pythonpath.sh
-- Up-to-date: /home/tbelier/Documents/GIT/Guerle2/ros2_ws/install/message2/share/message2/environment/pythonpath.dsv
-- Up-to-date: /home/tbelier/Documents/GIT/Guerle2/ros2_ws/install/message2/local/lib/python3.10/dist-packages/message2-0.0.0-py3.10.egg-info
-- Installing: /home/tbelier/Documents/GIT/Guerle2/ros2_ws/install/message2/local/lib/python3.10/dist-packages/message2-0.0.0-py3.10.egg-info/PKG-INFO
-- Installing: /home/tbelier/Documents/GIT/Guerle2/ros2_ws/install/message2/local/lib/python3.10/dist-packages/message2-0.0.0-py3.10.egg-info/top_level.txt
-- Installing: /home/tbelier/Documents/GIT/Guerle2/ros2_ws/install/message2/local/lib/python3.10/dist-packages/message2-0.0.0-py3.10.egg-info/SOURCES.txt
-- Installing: /home/tbelier/Documents/GIT/Guerle2/ros2_ws/install/message2/local/lib/python3.10/dist-packages/message2-0.0.0-py3.10.egg-info/dependency_links.txt
-- Up-to-date: /home/tbelier/Documents/GIT/Guerle2/ros2_ws/install/message2/local/lib/python3.10/dist-packages/message2
-- Up-to-date: /home/tbelier/Documents/GIT/Guerle2/ros2_ws/install/message2/local/lib/python3.10/dist-packages/message2/_message2_s.ep.rosidl_typesupport_introspection_c.c
-- Up-to-date: /home/tbelier/Documents/GIT/Guerle2/ros2_ws/install/message2/local/lib/python3.10/dist-packages/message2/_message2_s.ep.rosidl_typesupport_fastrtps_c.c
-- Up-to-date: /home/tbelier/Documents/GIT/Guerle2/ros2_ws/install/message2/local/lib/python3.10/dist-packages/message2/_message2_s.ep.rosidl_typesupport_c.c
-- Up-to-date: /home/tbelier/Documents/GIT/Guerle2/ros2_ws/install/message2/local/lib/python3.10/dist-packages/message2/message2_s__rosidl_typesupport_introspection_c.cpython-310-x86_64-linux-gnu.so
-- Up-to-date: /home/tbelier/Documents/GIT/Guerle2/ros2_ws/install/message2/local/lib/python3.10/dist-packages/message2/libmessage2__rosidl_generator_py.so
-- Up-to-date: /home/tbelier/Documents/GIT/Guerle2/ros2_ws/install/message2/local/lib/python3.10/dist-packages/message2/msg
-- Up-to-date: /home/tbelier/Documents/GIT/Guerle2/ros2_ws/install/message2/local/lib/python3.10/dist-packages/message2/msg/_usbl.py
-- Up-to-date: /home/tbelier/Documents/GIT/Guerle2/ros2_ws/install/message2/local/lib/python3.10/dist-packages/message2/msg/_usbl_s.c
-- Up-to-date: /home/tbelier/Documents/GIT/Guerle2/ros2_ws/install/message2/local/lib/python3.10/dist-packages/message2/msg/__init__.py
-- Up-to-date: /home/tbelier/Documents/GIT/Guerle2/ros2_ws/install/message2/local/lib/python3.10/dist-packages/message2/message2_s__rosidl_typesupport_fastrtps_c.cpython-310-x86_64-linux-gnu.so
-- Up-to-date: /home/tbelier/Documents/GIT/Guerle2/ros2_ws/install/message2/local/lib/python3.10/dist-packages/message2/message2_s__rosidl_typesupport_c.cpython-310-x86_64-linux-gnu.so
-- Up-to-date: /home/tbelier/Documents/GIT/Guerle2/ros2_ws/install/message2/local/lib/python3.10/dist-packages/message2/__init__.py
Listing '/home/tbelier/Documents/GIT/Guerle2/ros2_ws/install/message2/local/lib/python3.10/dist-packages/message2'...
Listing '/home/tbelier/Documents/GIT/Guerle2/ros2_ws/install/message2/local/lib/python3.10/dist-packages/message2/msg'...
-- Up-to-date: /home/tbelier/Documents/GIT/Guerle2/ros2_ws/install/message2/local/lib/python3.10/dist-packages/message2/message2_s__rosidl_typesupport_fastrtps_c.cpython-310-x86_64-linux-gnu.so
-- Up-to-date: /home/tbelier/Documents/GIT/Guerle2/ros2_ws/install/message2/local/lib/python3.10/dist-packages/message2/message2_s__rosidl_typesupport_introspection_c.cpython-310-x86_64-linux-gnu.so
-- Up-to-date: /home/tbelier/Documents/GIT/Guerle2/ros2_ws/install/message2/local/lib/python3.10/dist-packages/message2/message2_s__rosidl_typesupport_c.cpython-310-x86_64-linux-gnu.so
-- Up-to-date: /home/tbelier/Documents/GIT/Guerle2/ros2_ws/install/message2/lib/libmessage2__rosidl_generator_py.so
-- Up-to-date: /home/tbelier/Documents/GIT/Guerle2/ros2_ws/install/message2/share/message2/msg/Usbl.idl
-- Up-to-date: /home/tbelier/Documents/GIT/Guerle2/ros2_ws/install/message2/share/message2/msg/Usbl.msg
-- Up-to-date: /home/tbelier/Documents/GIT/Guerle2/ros2_ws/install/message2/share/ament_index/resource_index/package_run_dependencies/message2
-- Up-to-date: /home/tbelier/Documents/GIT/Guerle2/ros2_ws/install/message2/share/ament_index/resource_index/parent_prefix_path/message2
-- Up-to-date: /home/tbelier/Documents/GIT/Guerle2/ros2_ws/install/message2/share/message2/environment/ament_prefix_path.sh
-- Up-to-date: /home/tbelier/Documents/GIT/Guerle2/ros2_ws/install/message2/share/message2/environment/ament_prefix_path.dsv
-- Up-to-date: /home/tbelier/Documents/GIT/Guerle2/ros2_ws/install/message2/share/message2/environment/path.sh
-- Up-to-date: /home/tbelier/Documents/GIT/Guerle2/ros2_ws/install/message2/share/message2/environment/path.dsv
-- Up-to-date: /home/tbelier/Documents/GIT/Guerle2/ros2_ws/install/message2/share/message2/local_setup.bash
-- Up-to-date: /home/tbelier/Documents/GIT/Guerle2/ros2_ws/install/message2/share/message2/local_setup.sh
-- Up-to-date: /home/tbelier/Documents/GIT/Guerle2/ros2_ws/install/message2/share/message2/local_setup.zsh
-- Up-to-date: /home/tbelier/Documents/GIT/Guerle2/ros2_ws/install/message2/share/message2/local_setup.dsv
-- Installing: /home/tbelier/Documents/GIT/Guerle2/ros2_ws/install/message2/share/message2/package.dsv
-- Up-to-date: /home/tbelier/Documents/GIT/Guerle2/ros2_ws/install/message2/share/ament_index/resource_index/packages/message2
-- Up-to-date: /home/tbelier/Documents/GIT/Guerle2/ros2_ws/install/message2/share/message2/cmake/export_message2__rosidl_generator_cExport.cmake
-- Up-to-date: /home/tbelier/Documents/GIT/Guerle2/ros2_ws/install/message2/share/message2/cmake/export_message2__rosidl_generator_cExport-noconfig.cmake
-- Up-to-date: /home/tbelier/Documents/GIT/Guerle2/ros2_ws/install/message2/share/message2/cmake/export_message2__rosidl_typesupport_fastrtps_cExport.cmake
-- Up-to-date: /home/tbelier/Documents/GIT/Guerle2/ros2_ws/install/message2/share/message2/cmake/export_message2__rosidl_typesupport_fastrtps_cExport-noconfig.cmake
-- Up-to-date: /home/tbelier/Documents/GIT/Guerle2/ros2_ws/install/message2/share/message2/cmake/export_message2__rosidl_generator_cppExport.cmake
-- Up-to-date: /home/tbelier/Documents/GIT/Guerle2/ros2_ws/install/message2/share/message2/cmake/export_message2__rosidl_typesupport_fastrtps_cppExport.cmake
-- Up-to-date: /home/tbelier/Documents/GIT/Guerle2/ros2_ws/install/message2/share/message2/cmake/export_message2__rosidl_typesupport_fastrtps_cppExport-noconfig.cmake
-- Up-to-date: /home/tbelier/Documents/GIT/Guerle2/ros2_ws/install/message2/share/message2/cmake/message2__rosidl_typesupport_introspection_cExport.cmake
-- Up-to-date: /home/tbelier/Documents/GIT/Guerle2/ros2_ws/install/message2/share/message2/cmake/message2__rosidl_typesupport_introspection_cExport-noconfig.cmake
-- Up-to-date: /home/tbelier/Documents/GIT/Guerle2/ros2_ws/install/message2/share/message2/cmake/message2__rosidl_typesupport_cExport.cmake
-- Up-to-date: /home/tbelier/Documents/GIT/Guerle2/ros2_ws/install/message2/share/message2/cmake/message2__rosidl_typesupport_cExport-noconfig.cmake
-- Up-to-date: /home/tbelier/Documents/GIT/Guerle2/ros2_ws/install/message2/share/message2/cmake/message2__rosidl_typesupport_introspection_cppExport.cmake
-- Up-to-date: /home/tbelier/Documents/GIT/Guerle2/ros2_ws/install/message2/share/message2/cmake/message2__rosidl_typesupport_introspection_cppExport-noconfig.cmake
-- Up-to-date: /home/tbelier/Documents/GIT/Guerle2/ros2_ws/install/message2/share/message2/cmake/message2__rosidl_typesupport_cppExport.cmake
-- Up-to-date: /home/tbelier/Documents/GIT/Guerle2/ros2_ws/install/message2/share/message2/cmake/message2__rosidl_typesupport_cppExport-noconfig.cmake
-- Up-to-date: /home/tbelier/Documents/GIT/Guerle2/ros2_ws/install/message2/share/message2/cmake/export_message2__rosidl_generator_pyExport.cmake
-- Up-to-date: /home/tbelier/Documents/GIT/Guerle2/ros2_ws/install/message2/share/message2/cmake/export_message2__rosidl_generator_pyExport-noconfig.cmake
-- Up-to-date: /home/tbelier/Documents/GIT/Guerle2/ros2_ws/install/message2/share/message2/cmake/rosidl_cmake-extras.cmake
-- Up-to-date: /home/tbelier/Documents/GIT/Guerle2/ros2_ws/install/message2/share/message2/cmake/ament_cmake_export_dependencies-extras.cmake
-- Up-to-date: /home/tbelier/Documents/GIT/Guerle2/ros2_ws/install/message2/share/message2/cmake/ament_cmake_export_include_directories-extras.cmake
-- Up-to-date: /home/tbelier/Documents/GIT/Guerle2/ros2_ws/install/message2/share/message2/cmake/ament_cmake_export_libraries-extras.cmake
-- Up-to-date: /home/tbelier/Documents/GIT/Guerle2/ros2_ws/install/message2/share/message2/cmake/ament_cmake_export_targets-extras.cmake
-- Up-to-date: /home/tbelier/Documents/GIT/Guerle2/ros2_ws/install/message2/share/message2/cmake/rosidl_cmake_export_typesupport_targets-extras.cmake
-- Up-to-date: /home/tbelier/Documents/GIT/Guerle2/ros2_ws/install/message2/share/message2/cmake/rosidl_cmake_export_typesupport_libraries-extras.cmake
-- Up-to-date: /home/tbelier/Documents/GIT/Guerle2/ros2_ws/install/message2/share/message2/cmake/message2Config.cmake
-- Up-to-date: /home/tbelier/Documents/GIT/Guerle2/ros2_ws/install/message2/share/message2/cmake/message2Config-version.cmake
-- Up-to-date: /home/tbelier/Documents/GIT/Guerle2/ros2_ws/install/message2/share/message2/package.xml
