[35m[1mConsolidate compiler generated dependencies of target boat_simulation_node[0m
[ 33%] Built target target_publisher_node
[ 66%] Built target boat_controller_node
[ 83%] [32mBuilding CXX object CMakeFiles/boat_simulation_node.dir/src/boat_simulation.cpp.o[0m
In file included from [01m[K/home/tbelier/Documents/GIT/Guerle2/ros2_ws/src/rviz_view/src/boat_simulation.cpp:6[m[K:
[01m[K/opt/ros/humble/include/tf2_geometry_msgs/tf2_geometry_msgs/tf2_geometry_msgs.h:35:2:[m[K [01;35m[Kwarning: [m[K#warning This header is obsolete, please include tf2_geometry_msgs/tf2_geometry_msgs.hpp instead [[01;35m[K]8;;https://gcc.gnu.org/onlinedocs/gcc/Warning-Options.html#index-Wcpp-Wcpp]8;;[m[K]
   35 | #[01;35m[Kwarning[m[K This header is obsolete, please include tf2_geometry_msgs/tf2_geometry_msgs.hpp instead
      |  [01;35m[K^~~~~~~[m[K
[100%] [32m[1mLinking CXX executable boat_simulation_node[0m
[100%] Built target boat_simulation_node
-- Install configuration: ""
-- Installing: /home/tbelier/Documents/GIT/Guerle2/ros2_ws/install/rviz_view/lib/rviz_view/boat_simulation_node
-- Set runtime path of "/home/tbelier/Documents/GIT/Guerle2/ros2_ws/install/rviz_view/lib/rviz_view/boat_simulation_node" to ""
-- Up-to-date: /home/tbelier/Documents/GIT/Guerle2/ros2_ws/install/rviz_view/lib/rviz_view/boat_controller_node
-- Up-to-date: /home/tbelier/Documents/GIT/Guerle2/ros2_ws/install/rviz_view/lib/rviz_view/target_publisher_node
-- Up-to-date: /home/tbelier/Documents/GIT/Guerle2/ros2_ws/install/rviz_view/share/rviz_view//launch
-- Up-to-date: /home/tbelier/Documents/GIT/Guerle2/ros2_ws/install/rviz_view/share/rviz_view//launch/Bluerov.launch.py
-- Up-to-date: /home/tbelier/Documents/GIT/Guerle2/ros2_ws/install/rviz_view/share/rviz_view/meshes
-- Installing: /home/tbelier/Documents/GIT/Guerle2/ros2_ws/install/rviz_view/share/rviz_view/meshes/bluerovLight.dae
-- Up-to-date: /home/tbelier/Documents/GIT/Guerle2/ros2_ws/install/rviz_view/share/rviz_view/meshes/boat.dae
-- Up-to-date: /home/tbelier/Documents/GIT/Guerle2/ros2_ws/install/rviz_view/share/rviz_view/meshes/BlueRov2.dae
-- Up-to-date: /home/tbelier/Documents/GIT/Guerle2/ros2_ws/install/rviz_view/share/rviz_view/config
-- Up-to-date: /home/tbelier/Documents/GIT/Guerle2/ros2_ws/install/rviz_view/share/rviz_view/config/rviz_view.yaml
-- Up-to-date: /home/tbelier/Documents/GIT/Guerle2/ros2_ws/install/rviz_view/share/ament_index/resource_index/package_run_dependencies/rviz_view
-- Up-to-date: /home/tbelier/Documents/GIT/Guerle2/ros2_ws/install/rviz_view/share/ament_index/resource_index/parent_prefix_path/rviz_view
-- Up-to-date: /home/tbelier/Documents/GIT/Guerle2/ros2_ws/install/rviz_view/share/rviz_view/environment/ament_prefix_path.sh
-- Up-to-date: /home/tbelier/Documents/GIT/Guerle2/ros2_ws/install/rviz_view/share/rviz_view/environment/ament_prefix_path.dsv
-- Up-to-date: /home/tbelier/Documents/GIT/Guerle2/ros2_ws/install/rviz_view/share/rviz_view/environment/path.sh
-- Up-to-date: /home/tbelier/Documents/GIT/Guerle2/ros2_ws/install/rviz_view/share/rviz_view/environment/path.dsv
-- Up-to-date: /home/tbelier/Documents/GIT/Guerle2/ros2_ws/install/rviz_view/share/rviz_view/local_setup.bash
-- Up-to-date: /home/tbelier/Documents/GIT/Guerle2/ros2_ws/install/rviz_view/share/rviz_view/local_setup.sh
-- Up-to-date: /home/tbelier/Documents/GIT/Guerle2/ros2_ws/install/rviz_view/share/rviz_view/local_setup.zsh
-- Up-to-date: /home/tbelier/Documents/GIT/Guerle2/ros2_ws/install/rviz_view/share/rviz_view/local_setup.dsv
-- Installing: /home/tbelier/Documents/GIT/Guerle2/ros2_ws/install/rviz_view/share/rviz_view/package.dsv
-- Up-to-date: /home/tbelier/Documents/GIT/Guerle2/ros2_ws/install/rviz_view/share/ament_index/resource_index/packages/rviz_view
-- Up-to-date: /home/tbelier/Documents/GIT/Guerle2/ros2_ws/install/rviz_view/share/rviz_view/cmake/rviz_viewConfig.cmake
-- Up-to-date: /home/tbelier/Documents/GIT/Guerle2/ros2_ws/install/rviz_view/share/rviz_view/cmake/rviz_viewConfig-version.cmake
-- Up-to-date: /home/tbelier/Documents/GIT/Guerle2/ros2_ws/install/rviz_view/share/rviz_view/package.xml
