running egg_info
creating ../../build/bluerov_ros_camera/bluerov_ros_camera.egg-info
writing ../../build/bluerov_ros_camera/bluerov_ros_camera.egg-info/PKG-INFO
writing dependency_links to ../../build/bluerov_ros_camera/bluerov_ros_camera.egg-info/dependency_links.txt
writing entry points to ../../build/bluerov_ros_camera/bluerov_ros_camera.egg-info/entry_points.txt
writing requirements to ../../build/bluerov_ros_camera/bluerov_ros_camera.egg-info/requires.txt
writing top-level names to ../../build/bluerov_ros_camera/bluerov_ros_camera.egg-info/top_level.txt
writing manifest file '../../build/bluerov_ros_camera/bluerov_ros_camera.egg-info/SOURCES.txt'
reading manifest file '../../build/bluerov_ros_camera/bluerov_ros_camera.egg-info/SOURCES.txt'
writing manifest file '../../build/bluerov_ros_camera/bluerov_ros_camera.egg-info/SOURCES.txt'
running build
running build_py
creating /home/tbelier/Documents/GIT/Guerle2/ros2_ws/build/bluerov_ros_camera/build
creating /home/tbelier/Documents/GIT/Guerle2/ros2_ws/build/bluerov_ros_camera/build/lib
creating /home/tbelier/Documents/GIT/Guerle2/ros2_ws/build/bluerov_ros_camera/build/lib/bluerov_ros_camera
copying bluerov_ros_camera/test.py -> /home/tbelier/Documents/GIT/Guerle2/ros2_ws/build/bluerov_ros_camera/build/lib/bluerov_ros_camera
copying bluerov_ros_camera/bluerov_ros_camera.py -> /home/tbelier/Documents/GIT/Guerle2/ros2_ws/build/bluerov_ros_camera/build/lib/bluerov_ros_camera
copying bluerov_ros_camera/video.py -> /home/tbelier/Documents/GIT/Guerle2/ros2_ws/build/bluerov_ros_camera/build/lib/bluerov_ros_camera
copying bluerov_ros_camera/__init__.py -> /home/tbelier/Documents/GIT/Guerle2/ros2_ws/build/bluerov_ros_camera/build/lib/bluerov_ros_camera
running install
running install_lib
creating /home/tbelier/Documents/GIT/Guerle2/ros2_ws/install/bluerov_ros_camera/lib/python3.10/site-packages/bluerov_ros_camera
copying /home/tbelier/Documents/GIT/Guerle2/ros2_ws/build/bluerov_ros_camera/build/lib/bluerov_ros_camera/test.py -> /home/tbelier/Documents/GIT/Guerle2/ros2_ws/install/bluerov_ros_camera/lib/python3.10/site-packages/bluerov_ros_camera
copying /home/tbelier/Documents/GIT/Guerle2/ros2_ws/build/bluerov_ros_camera/build/lib/bluerov_ros_camera/bluerov_ros_camera.py -> /home/tbelier/Documents/GIT/Guerle2/ros2_ws/install/bluerov_ros_camera/lib/python3.10/site-packages/bluerov_ros_camera
copying /home/tbelier/Documents/GIT/Guerle2/ros2_ws/build/bluerov_ros_camera/build/lib/bluerov_ros_camera/video.py -> /home/tbelier/Documents/GIT/Guerle2/ros2_ws/install/bluerov_ros_camera/lib/python3.10/site-packages/bluerov_ros_camera
copying /home/tbelier/Documents/GIT/Guerle2/ros2_ws/build/bluerov_ros_camera/build/lib/bluerov_ros_camera/__init__.py -> /home/tbelier/Documents/GIT/Guerle2/ros2_ws/install/bluerov_ros_camera/lib/python3.10/site-packages/bluerov_ros_camera
byte-compiling /home/tbelier/Documents/GIT/Guerle2/ros2_ws/install/bluerov_ros_camera/lib/python3.10/site-packages/bluerov_ros_camera/test.py to test.cpython-310.pyc
byte-compiling /home/tbelier/Documents/GIT/Guerle2/ros2_ws/install/bluerov_ros_camera/lib/python3.10/site-packages/bluerov_ros_camera/bluerov_ros_camera.py to bluerov_ros_camera.cpython-310.pyc
byte-compiling /home/tbelier/Documents/GIT/Guerle2/ros2_ws/install/bluerov_ros_camera/lib/python3.10/site-packages/bluerov_ros_camera/video.py to video.cpython-310.pyc
byte-compiling /home/tbelier/Documents/GIT/Guerle2/ros2_ws/install/bluerov_ros_camera/lib/python3.10/site-packages/bluerov_ros_camera/__init__.py to __init__.cpython-310.pyc
running install_data
creating /home/tbelier/Documents/GIT/Guerle2/ros2_ws/install/bluerov_ros_camera/share/ament_index
creating /home/tbelier/Documents/GIT/Guerle2/ros2_ws/install/bluerov_ros_camera/share/ament_index/resource_index
creating /home/tbelier/Documents/GIT/Guerle2/ros2_ws/install/bluerov_ros_camera/share/ament_index/resource_index/packages
copying resource/bluerov_ros_camera -> /home/tbelier/Documents/GIT/Guerle2/ros2_ws/install/bluerov_ros_camera/share/ament_index/resource_index/packages
copying package.xml -> /home/tbelier/Documents/GIT/Guerle2/ros2_ws/install/bluerov_ros_camera/share/bluerov_ros_camera
creating /home/tbelier/Documents/GIT/Guerle2/ros2_ws/install/bluerov_ros_camera/share/bluerov_ros_camera/launch
copying launch/bluerov_ros_camera.launch.py -> /home/tbelier/Documents/GIT/Guerle2/ros2_ws/install/bluerov_ros_camera/share/bluerov_ros_camera/launch
running install_egg_info
Copying ../../build/bluerov_ros_camera/bluerov_ros_camera.egg-info to /home/tbelier/Documents/GIT/Guerle2/ros2_ws/install/bluerov_ros_camera/lib/python3.10/site-packages/bluerov_ros_camera-0.0.1-py3.10.egg-info
running install_scripts
Installing bluerov_ros_cameraNode script to /home/tbelier/Documents/GIT/Guerle2/ros2_ws/install/bluerov_ros_camera/lib/bluerov_ros_camera
writing list of installed files to '/home/tbelier/Documents/GIT/Guerle2/ros2_ws/build/bluerov_ros_camera/install.log'
