[1.379s] Invoking command in '/home/tbelier/Documents/GIT/Guerle2/ros2_ws/src/bluerov_ros_camera': PYTHONPATH=/home/tbelier/Documents/GIT/Guerle2/ros2_ws/build/bluerov_ros_camera/prefix_override:/usr/lib/python3/dist-packages/colcon_core/task/python/colcon_distutils_commands:/home/tbelier/Documents/GIT/Guerle2/ros2_ws/install/bluerov_ros_camera/lib/python3.10/site-packages:${PYTHONPATH} /usr/bin/python3 -W ignore:setup.py install is deprecated -W ignore:easy_install command is deprecated setup.py egg_info --egg-base ../../build/bluerov_ros_camera build --build-base /home/tbelier/Documents/GIT/Guerle2/ros2_ws/build/bluerov_ros_camera/build install --record /home/tbelier/Documents/GIT/Guerle2/ros2_ws/build/bluerov_ros_camera/install.log --single-version-externally-managed install_data
[1.686s] running egg_info
[1.687s] creating ../../build/bluerov_ros_camera/bluerov_ros_camera.egg-info
[1.687s] writing ../../build/bluerov_ros_camera/bluerov_ros_camera.egg-info/PKG-INFO
[1.687s] writing dependency_links to ../../build/bluerov_ros_camera/bluerov_ros_camera.egg-info/dependency_links.txt
[1.687s] writing entry points to ../../build/bluerov_ros_camera/bluerov_ros_camera.egg-info/entry_points.txt
[1.688s] writing requirements to ../../build/bluerov_ros_camera/bluerov_ros_camera.egg-info/requires.txt
[1.688s] writing top-level names to ../../build/bluerov_ros_camera/bluerov_ros_camera.egg-info/top_level.txt
[1.688s] writing manifest file '../../build/bluerov_ros_camera/bluerov_ros_camera.egg-info/SOURCES.txt'
[1.690s] reading manifest file '../../build/bluerov_ros_camera/bluerov_ros_camera.egg-info/SOURCES.txt'
[1.692s] writing manifest file '../../build/bluerov_ros_camera/bluerov_ros_camera.egg-info/SOURCES.txt'
[1.692s] running build
[1.694s] running build_py
[1.694s] creating /home/tbelier/Documents/GIT/Guerle2/ros2_ws/build/bluerov_ros_camera/build
[1.694s] creating /home/tbelier/Documents/GIT/Guerle2/ros2_ws/build/bluerov_ros_camera/build/lib
[1.694s] creating /home/tbelier/Documents/GIT/Guerle2/ros2_ws/build/bluerov_ros_camera/build/lib/bluerov_ros_camera
[1.694s] copying bluerov_ros_camera/test.py -> /home/tbelier/Documents/GIT/Guerle2/ros2_ws/build/bluerov_ros_camera/build/lib/bluerov_ros_camera
[1.694s] copying bluerov_ros_camera/bluerov_ros_camera.py -> /home/tbelier/Documents/GIT/Guerle2/ros2_ws/build/bluerov_ros_camera/build/lib/bluerov_ros_camera
[1.694s] copying bluerov_ros_camera/video.py -> /home/tbelier/Documents/GIT/Guerle2/ros2_ws/build/bluerov_ros_camera/build/lib/bluerov_ros_camera
[1.694s] copying bluerov_ros_camera/__init__.py -> /home/tbelier/Documents/GIT/Guerle2/ros2_ws/build/bluerov_ros_camera/build/lib/bluerov_ros_camera
[1.694s] running install
[1.694s] running install_lib
[1.695s] creating /home/tbelier/Documents/GIT/Guerle2/ros2_ws/install/bluerov_ros_camera/lib/python3.10/site-packages/bluerov_ros_camera
[1.695s] copying /home/tbelier/Documents/GIT/Guerle2/ros2_ws/build/bluerov_ros_camera/build/lib/bluerov_ros_camera/test.py -> /home/tbelier/Documents/GIT/Guerle2/ros2_ws/install/bluerov_ros_camera/lib/python3.10/site-packages/bluerov_ros_camera
[1.695s] copying /home/tbelier/Documents/GIT/Guerle2/ros2_ws/build/bluerov_ros_camera/build/lib/bluerov_ros_camera/bluerov_ros_camera.py -> /home/tbelier/Documents/GIT/Guerle2/ros2_ws/install/bluerov_ros_camera/lib/python3.10/site-packages/bluerov_ros_camera
[1.695s] copying /home/tbelier/Documents/GIT/Guerle2/ros2_ws/build/bluerov_ros_camera/build/lib/bluerov_ros_camera/video.py -> /home/tbelier/Documents/GIT/Guerle2/ros2_ws/install/bluerov_ros_camera/lib/python3.10/site-packages/bluerov_ros_camera
[1.695s] copying /home/tbelier/Documents/GIT/Guerle2/ros2_ws/build/bluerov_ros_camera/build/lib/bluerov_ros_camera/__init__.py -> /home/tbelier/Documents/GIT/Guerle2/ros2_ws/install/bluerov_ros_camera/lib/python3.10/site-packages/bluerov_ros_camera
[1.695s] byte-compiling /home/tbelier/Documents/GIT/Guerle2/ros2_ws/install/bluerov_ros_camera/lib/python3.10/site-packages/bluerov_ros_camera/test.py to test.cpython-310.pyc
[1.695s] byte-compiling /home/tbelier/Documents/GIT/Guerle2/ros2_ws/install/bluerov_ros_camera/lib/python3.10/site-packages/bluerov_ros_camera/bluerov_ros_camera.py to bluerov_ros_camera.cpython-310.pyc
[1.697s] byte-compiling /home/tbelier/Documents/GIT/Guerle2/ros2_ws/install/bluerov_ros_camera/lib/python3.10/site-packages/bluerov_ros_camera/video.py to video.cpython-310.pyc
[1.697s] byte-compiling /home/tbelier/Documents/GIT/Guerle2/ros2_ws/install/bluerov_ros_camera/lib/python3.10/site-packages/bluerov_ros_camera/__init__.py to __init__.cpython-310.pyc
[1.697s] running install_data
[1.697s] creating /home/tbelier/Documents/GIT/Guerle2/ros2_ws/install/bluerov_ros_camera/share/ament_index
[1.698s] creating /home/tbelier/Documents/GIT/Guerle2/ros2_ws/install/bluerov_ros_camera/share/ament_index/resource_index
[1.698s] creating /home/tbelier/Documents/GIT/Guerle2/ros2_ws/install/bluerov_ros_camera/share/ament_index/resource_index/packages
[1.698s] copying resource/bluerov_ros_camera -> /home/tbelier/Documents/GIT/Guerle2/ros2_ws/install/bluerov_ros_camera/share/ament_index/resource_index/packages
[1.698s] copying package.xml -> /home/tbelier/Documents/GIT/Guerle2/ros2_ws/install/bluerov_ros_camera/share/bluerov_ros_camera
[1.698s] creating /home/tbelier/Documents/GIT/Guerle2/ros2_ws/install/bluerov_ros_camera/share/bluerov_ros_camera/launch
[1.698s] copying launch/bluerov_ros_camera.launch.py -> /home/tbelier/Documents/GIT/Guerle2/ros2_ws/install/bluerov_ros_camera/share/bluerov_ros_camera/launch
[1.698s] running install_egg_info
[1.700s] Copying ../../build/bluerov_ros_camera/bluerov_ros_camera.egg-info to /home/tbelier/Documents/GIT/Guerle2/ros2_ws/install/bluerov_ros_camera/lib/python3.10/site-packages/bluerov_ros_camera-0.0.1-py3.10.egg-info
[1.701s] running install_scripts
[1.727s] Installing bluerov_ros_cameraNode script to /home/tbelier/Documents/GIT/Guerle2/ros2_ws/install/bluerov_ros_camera/lib/bluerov_ros_camera
[1.727s] writing list of installed files to '/home/tbelier/Documents/GIT/Guerle2/ros2_ws/build/bluerov_ros_camera/install.log'
[1.759s] Invoked command in '/home/tbelier/Documents/GIT/Guerle2/ros2_ws/src/bluerov_ros_camera' returned '0': PYTHONPATH=/home/tbelier/Documents/GIT/Guerle2/ros2_ws/build/bluerov_ros_camera/prefix_override:/usr/lib/python3/dist-packages/colcon_core/task/python/colcon_distutils_commands:/home/tbelier/Documents/GIT/Guerle2/ros2_ws/install/bluerov_ros_camera/lib/python3.10/site-packages:${PYTHONPATH} /usr/bin/python3 -W ignore:setup.py install is deprecated -W ignore:easy_install command is deprecated setup.py egg_info --egg-base ../../build/bluerov_ros_camera build --build-base /home/tbelier/Documents/GIT/Guerle2/ros2_ws/build/bluerov_ros_camera/build install --record /home/tbelier/Documents/GIT/Guerle2/ros2_ws/build/bluerov_ros_camera/install.log --single-version-externally-managed install_data
