[1.042s] Invoking command in '/home/tbelier/Documents/GIT/Guerle2/ros2_ws/src/bluerov_ros_camera': PYTHONPATH=/home/tbelier/Documents/GIT/Guerle2/ros2_ws/build/bluerov_ros_camera/prefix_override:/usr/lib/python3/dist-packages/colcon_core/task/python/colcon_distutils_commands:/home/tbelier/Documents/GIT/Guerle2/ros2_ws/install/bluerov_ros_camera/lib/python3.10/site-packages:${PYTHONPATH} /usr/bin/python3 -W ignore:setup.py install is deprecated -W ignore:easy_install command is deprecated setup.py egg_info --egg-base ../../build/bluerov_ros_camera build --build-base /home/tbelier/Documents/GIT/Guerle2/ros2_ws/build/bluerov_ros_camera/build install --record /home/tbelier/Documents/GIT/Guerle2/ros2_ws/build/bluerov_ros_camera/install.log --single-version-externally-managed install_data
[1.176s] running egg_info
[1.177s] writing ../../build/bluerov_ros_camera/bluerov_ros_camera.egg-info/PKG-INFO
[1.177s] writing dependency_links to ../../build/bluerov_ros_camera/bluerov_ros_camera.egg-info/dependency_links.txt
[1.178s] writing entry points to ../../build/bluerov_ros_camera/bluerov_ros_camera.egg-info/entry_points.txt
[1.179s] writing requirements to ../../build/bluerov_ros_camera/bluerov_ros_camera.egg-info/requires.txt
[1.179s] writing top-level names to ../../build/bluerov_ros_camera/bluerov_ros_camera.egg-info/top_level.txt
[1.180s] reading manifest file '../../build/bluerov_ros_camera/bluerov_ros_camera.egg-info/SOURCES.txt'
[1.180s] writing manifest file '../../build/bluerov_ros_camera/bluerov_ros_camera.egg-info/SOURCES.txt'
[1.181s] running build
[1.181s] running build_py
[1.181s] running install
[1.181s] running install_lib
[1.181s] running install_data
[1.181s] running install_egg_info
[1.183s] removing '/home/tbelier/Documents/GIT/Guerle2/ros2_ws/install/bluerov_ros_camera/lib/python3.10/site-packages/bluerov_ros_camera-0.0.1-py3.10.egg-info' (and everything under it)
[1.183s] Copying ../../build/bluerov_ros_camera/bluerov_ros_camera.egg-info to /home/tbelier/Documents/GIT/Guerle2/ros2_ws/install/bluerov_ros_camera/lib/python3.10/site-packages/bluerov_ros_camera-0.0.1-py3.10.egg-info
[1.184s] running install_scripts
[1.203s] Installing bluerov_ros_cameraNode script to /home/tbelier/Documents/GIT/Guerle2/ros2_ws/install/bluerov_ros_camera/lib/bluerov_ros_camera
[1.203s] writing list of installed files to '/home/tbelier/Documents/GIT/Guerle2/ros2_ws/build/bluerov_ros_camera/install.log'
[1.234s] Invoked command in '/home/tbelier/Documents/GIT/Guerle2/ros2_ws/src/bluerov_ros_camera' returned '0': PYTHONPATH=/home/tbelier/Documents/GIT/Guerle2/ros2_ws/build/bluerov_ros_camera/prefix_override:/usr/lib/python3/dist-packages/colcon_core/task/python/colcon_distutils_commands:/home/tbelier/Documents/GIT/Guerle2/ros2_ws/install/bluerov_ros_camera/lib/python3.10/site-packages:${PYTHONPATH} /usr/bin/python3 -W ignore:setup.py install is deprecated -W ignore:easy_install command is deprecated setup.py egg_info --egg-base ../../build/bluerov_ros_camera build --build-base /home/tbelier/Documents/GIT/Guerle2/ros2_ws/build/bluerov_ros_camera/build install --record /home/tbelier/Documents/GIT/Guerle2/ros2_ws/build/bluerov_ros_camera/install.log --single-version-externally-managed install_data
