[1.149s] Invoking command in '/home/tbelier/Documents/GIT/Guerle2/ros2_ws/src/control': PYTHONPATH=/home/tbelier/Documents/GIT/Guerle2/ros2_ws/build/control/prefix_override:/usr/lib/python3/dist-packages/colcon_core/task/python/colcon_distutils_commands:/home/tbelier/Documents/GIT/Guerle2/ros2_ws/install/control/lib/python3.10/site-packages:${PYTHONPATH} /usr/bin/python3 -W ignore:setup.py install is deprecated -W ignore:easy_install command is deprecated setup.py egg_info --egg-base ../../build/control build --build-base /home/tbelier/Documents/GIT/Guerle2/ros2_ws/build/control/build install --record /home/tbelier/Documents/GIT/Guerle2/ros2_ws/build/control/install.log --single-version-externally-managed install_data
[1.288s] running egg_info
[1.288s] writing ../../build/control/control.egg-info/PKG-INFO
[1.288s] writing dependency_links to ../../build/control/control.egg-info/dependency_links.txt
[1.288s] writing entry points to ../../build/control/control.egg-info/entry_points.txt
[1.288s] writing requirements to ../../build/control/control.egg-info/requires.txt
[1.288s] writing top-level names to ../../build/control/control.egg-info/top_level.txt
[1.289s] reading manifest file '../../build/control/control.egg-info/SOURCES.txt'
[1.290s] writing manifest file '../../build/control/control.egg-info/SOURCES.txt'
[1.290s] running build
[1.290s] running build_py
[1.290s] running install
[1.291s] running install_lib
[1.291s] running install_data
[1.291s] running install_egg_info
[1.292s] removing '/home/tbelier/Documents/GIT/Guerle2/ros2_ws/install/control/lib/python3.10/site-packages/control-0.0.0-py3.10.egg-info' (and everything under it)
[1.293s] Copying ../../build/control/control.egg-info to /home/tbelier/Documents/GIT/Guerle2/ros2_ws/install/control/lib/python3.10/site-packages/control-0.0.0-py3.10.egg-info
[1.293s] running install_scripts
[1.305s] Installing control script to /home/tbelier/Documents/GIT/Guerle2/ros2_ws/install/control/lib/control
[1.305s] writing list of installed files to '/home/tbelier/Documents/GIT/Guerle2/ros2_ws/build/control/install.log'
[1.318s] Invoked command in '/home/tbelier/Documents/GIT/Guerle2/ros2_ws/src/control' returned '0': PYTHONPATH=/home/tbelier/Documents/GIT/Guerle2/ros2_ws/build/control/prefix_override:/usr/lib/python3/dist-packages/colcon_core/task/python/colcon_distutils_commands:/home/tbelier/Documents/GIT/Guerle2/ros2_ws/install/control/lib/python3.10/site-packages:${PYTHONPATH} /usr/bin/python3 -W ignore:setup.py install is deprecated -W ignore:easy_install command is deprecated setup.py egg_info --egg-base ../../build/control build --build-base /home/tbelier/Documents/GIT/Guerle2/ros2_ws/build/control/build install --record /home/tbelier/Documents/GIT/Guerle2/ros2_ws/build/control/install.log --single-version-externally-managed install_data
