running egg_info
creating ../../build/guidance/guidance.egg-info
writing ../../build/guidance/guidance.egg-info/PKG-INFO
writing dependency_links to ../../build/guidance/guidance.egg-info/dependency_links.txt
writing entry points to ../../build/guidance/guidance.egg-info/entry_points.txt
writing requirements to ../../build/guidance/guidance.egg-info/requires.txt
writing top-level names to ../../build/guidance/guidance.egg-info/top_level.txt
writing manifest file '../../build/guidance/guidance.egg-info/SOURCES.txt'
reading manifest file '../../build/guidance/guidance.egg-info/SOURCES.txt'
writing manifest file '../../build/guidance/guidance.egg-info/SOURCES.txt'
running build
running build_py
creating /home/tbelier/Documents/GIT/Guerle2/ros2_ws/build/guidance/build
creating /home/tbelier/Documents/GIT/Guerle2/ros2_ws/build/guidance/build/lib
creating /home/tbelier/Documents/GIT/Guerle2/ros2_ws/build/guidance/build/lib/guidance
copying guidance/guidance_path_following.py -> /home/tbelier/Documents/GIT/Guerle2/ros2_ws/build/guidance/build/lib/guidance
copying guidance/guidance_depth.py -> /home/tbelier/Documents/GIT/Guerle2/ros2_ws/build/guidance/build/lib/guidance
copying guidance/__init__.py -> /home/tbelier/Documents/GIT/Guerle2/ros2_ws/build/guidance/build/lib/guidance
running install
running install_lib
creating /home/tbelier/Documents/GIT/Guerle2/ros2_ws/install/guidance/lib/python3.10/site-packages/guidance
copying /home/tbelier/Documents/GIT/Guerle2/ros2_ws/build/guidance/build/lib/guidance/guidance_path_following.py -> /home/tbelier/Documents/GIT/Guerle2/ros2_ws/install/guidance/lib/python3.10/site-packages/guidance
copying /home/tbelier/Documents/GIT/Guerle2/ros2_ws/build/guidance/build/lib/guidance/guidance_depth.py -> /home/tbelier/Documents/GIT/Guerle2/ros2_ws/install/guidance/lib/python3.10/site-packages/guidance
copying /home/tbelier/Documents/GIT/Guerle2/ros2_ws/build/guidance/build/lib/guidance/__init__.py -> /home/tbelier/Documents/GIT/Guerle2/ros2_ws/install/guidance/lib/python3.10/site-packages/guidance
byte-compiling /home/tbelier/Documents/GIT/Guerle2/ros2_ws/install/guidance/lib/python3.10/site-packages/guidance/guidance_path_following.py to guidance_path_following.cpython-310.pyc
byte-compiling /home/tbelier/Documents/GIT/Guerle2/ros2_ws/install/guidance/lib/python3.10/site-packages/guidance/guidance_depth.py to guidance_depth.cpython-310.pyc
byte-compiling /home/tbelier/Documents/GIT/Guerle2/ros2_ws/install/guidance/lib/python3.10/site-packages/guidance/__init__.py to __init__.cpython-310.pyc
running install_data
creating /home/tbelier/Documents/GIT/Guerle2/ros2_ws/install/guidance/share/ament_index
creating /home/tbelier/Documents/GIT/Guerle2/ros2_ws/install/guidance/share/ament_index/resource_index
creating /home/tbelier/Documents/GIT/Guerle2/ros2_ws/install/guidance/share/ament_index/resource_index/packages
copying resource/guidance -> /home/tbelier/Documents/GIT/Guerle2/ros2_ws/install/guidance/share/ament_index/resource_index/packages
copying package.xml -> /home/tbelier/Documents/GIT/Guerle2/ros2_ws/install/guidance/share/guidance
creating /home/tbelier/Documents/GIT/Guerle2/ros2_ws/install/guidance/share/guidance/config
running install_egg_info
Copying ../../build/guidance/guidance.egg-info to /home/tbelier/Documents/GIT/Guerle2/ros2_ws/install/guidance/lib/python3.10/site-packages/guidance-0.0.0-py3.10.egg-info
running install_scripts
Installing guidance_depth script to /home/tbelier/Documents/GIT/Guerle2/ros2_ws/install/guidance/lib/guidance
Installing guidance_path_following script to /home/tbelier/Documents/GIT/Guerle2/ros2_ws/install/guidance/lib/guidance
writing list of installed files to '/home/tbelier/Documents/GIT/Guerle2/ros2_ws/build/guidance/install.log'
