[1.201s] Invoking command in '/home/tbelier/Documents/GIT/Guerle2/ros2_ws/src/guidance': PYTHONPATH=/home/tbelier/Documents/GIT/Guerle2/ros2_ws/build/guidance/prefix_override:/usr/lib/python3/dist-packages/colcon_core/task/python/colcon_distutils_commands:/home/tbelier/Documents/GIT/Guerle2/ros2_ws/install/guidance/lib/python3.10/site-packages:${PYTHONPATH} /usr/bin/python3 -W ignore:setup.py install is deprecated -W ignore:easy_install command is deprecated setup.py egg_info --egg-base ../../build/guidance build --build-base /home/tbelier/Documents/GIT/Guerle2/ros2_ws/build/guidance/build install --record /home/tbelier/Documents/GIT/Guerle2/ros2_ws/build/guidance/install.log --single-version-externally-managed install_data
[1.350s] running egg_info
[1.351s] creating ../../build/guidance/guidance.egg-info
[1.351s] writing ../../build/guidance/guidance.egg-info/PKG-INFO
[1.351s] writing dependency_links to ../../build/guidance/guidance.egg-info/dependency_links.txt
[1.351s] writing entry points to ../../build/guidance/guidance.egg-info/entry_points.txt
[1.351s] writing requirements to ../../build/guidance/guidance.egg-info/requires.txt
[1.351s] writing top-level names to ../../build/guidance/guidance.egg-info/top_level.txt
[1.352s] writing manifest file '../../build/guidance/guidance.egg-info/SOURCES.txt'
[1.352s] reading manifest file '../../build/guidance/guidance.egg-info/SOURCES.txt'
[1.353s] writing manifest file '../../build/guidance/guidance.egg-info/SOURCES.txt'
[1.353s] running build
[1.353s] running build_py
[1.353s] creating /home/tbelier/Documents/GIT/Guerle2/ros2_ws/build/guidance/build
[1.353s] creating /home/tbelier/Documents/GIT/Guerle2/ros2_ws/build/guidance/build/lib
[1.353s] creating /home/tbelier/Documents/GIT/Guerle2/ros2_ws/build/guidance/build/lib/guidance
[1.353s] copying guidance/guidance_path_following.py -> /home/tbelier/Documents/GIT/Guerle2/ros2_ws/build/guidance/build/lib/guidance
[1.353s] copying guidance/guidance_depth.py -> /home/tbelier/Documents/GIT/Guerle2/ros2_ws/build/guidance/build/lib/guidance
[1.354s] copying guidance/__init__.py -> /home/tbelier/Documents/GIT/Guerle2/ros2_ws/build/guidance/build/lib/guidance
[1.354s] running install
[1.354s] running install_lib
[1.354s] creating /home/tbelier/Documents/GIT/Guerle2/ros2_ws/install/guidance/lib/python3.10/site-packages/guidance
[1.355s] copying /home/tbelier/Documents/GIT/Guerle2/ros2_ws/build/guidance/build/lib/guidance/guidance_path_following.py -> /home/tbelier/Documents/GIT/Guerle2/ros2_ws/install/guidance/lib/python3.10/site-packages/guidance
[1.355s] copying /home/tbelier/Documents/GIT/Guerle2/ros2_ws/build/guidance/build/lib/guidance/guidance_depth.py -> /home/tbelier/Documents/GIT/Guerle2/ros2_ws/install/guidance/lib/python3.10/site-packages/guidance
[1.355s] copying /home/tbelier/Documents/GIT/Guerle2/ros2_ws/build/guidance/build/lib/guidance/__init__.py -> /home/tbelier/Documents/GIT/Guerle2/ros2_ws/install/guidance/lib/python3.10/site-packages/guidance
[1.355s] byte-compiling /home/tbelier/Documents/GIT/Guerle2/ros2_ws/install/guidance/lib/python3.10/site-packages/guidance/guidance_path_following.py to guidance_path_following.cpython-310.pyc
[1.355s] byte-compiling /home/tbelier/Documents/GIT/Guerle2/ros2_ws/install/guidance/lib/python3.10/site-packages/guidance/guidance_depth.py to guidance_depth.cpython-310.pyc
[1.356s] byte-compiling /home/tbelier/Documents/GIT/Guerle2/ros2_ws/install/guidance/lib/python3.10/site-packages/guidance/__init__.py to __init__.cpython-310.pyc
[1.356s] running install_data
[1.356s] creating /home/tbelier/Documents/GIT/Guerle2/ros2_ws/install/guidance/share/ament_index
[1.356s] creating /home/tbelier/Documents/GIT/Guerle2/ros2_ws/install/guidance/share/ament_index/resource_index
[1.356s] creating /home/tbelier/Documents/GIT/Guerle2/ros2_ws/install/guidance/share/ament_index/resource_index/packages
[1.356s] copying resource/guidance -> /home/tbelier/Documents/GIT/Guerle2/ros2_ws/install/guidance/share/ament_index/resource_index/packages
[1.356s] copying package.xml -> /home/tbelier/Documents/GIT/Guerle2/ros2_ws/install/guidance/share/guidance
[1.356s] creating /home/tbelier/Documents/GIT/Guerle2/ros2_ws/install/guidance/share/guidance/config
[1.356s] running install_egg_info
[1.356s] Copying ../../build/guidance/guidance.egg-info to /home/tbelier/Documents/GIT/Guerle2/ros2_ws/install/guidance/lib/python3.10/site-packages/guidance-0.0.0-py3.10.egg-info
[1.356s] running install_scripts
[1.372s] Installing guidance_depth script to /home/tbelier/Documents/GIT/Guerle2/ros2_ws/install/guidance/lib/guidance
[1.372s] Installing guidance_path_following script to /home/tbelier/Documents/GIT/Guerle2/ros2_ws/install/guidance/lib/guidance
[1.372s] writing list of installed files to '/home/tbelier/Documents/GIT/Guerle2/ros2_ws/build/guidance/install.log'
[1.416s] Invoked command in '/home/tbelier/Documents/GIT/Guerle2/ros2_ws/src/guidance' returned '0': PYTHONPATH=/home/tbelier/Documents/GIT/Guerle2/ros2_ws/build/guidance/prefix_override:/usr/lib/python3/dist-packages/colcon_core/task/python/colcon_distutils_commands:/home/tbelier/Documents/GIT/Guerle2/ros2_ws/install/guidance/lib/python3.10/site-packages:${PYTHONPATH} /usr/bin/python3 -W ignore:setup.py install is deprecated -W ignore:easy_install command is deprecated setup.py egg_info --egg-base ../../build/guidance build --build-base /home/tbelier/Documents/GIT/Guerle2/ros2_ws/build/guidance/build install --record /home/tbelier/Documents/GIT/Guerle2/ros2_ws/build/guidance/install.log --single-version-externally-managed install_data
