[1.024s] Invoking command in '/home/tbelier/Documents/GIT/Guerle2/ros2_ws/src/bluerov_vision': PYTHONPATH=/home/tbelier/Documents/GIT/Guerle2/ros2_ws/build/bluerov_vision/prefix_override:/usr/lib/python3/dist-packages/colcon_core/task/python/colcon_distutils_commands:/home/tbelier/Documents/GIT/Guerle2/ros2_ws/install/bluerov_vision/lib/python3.10/site-packages:${PYTHONPATH} /usr/bin/python3 -W ignore:setup.py install is deprecated -W ignore:easy_install command is deprecated setup.py egg_info --egg-base ../../build/bluerov_vision build --build-base /home/tbelier/Documents/GIT/Guerle2/ros2_ws/build/bluerov_vision/build install --record /home/tbelier/Documents/GIT/Guerle2/ros2_ws/build/bluerov_vision/install.log --single-version-externally-managed install_data
[1.153s] running egg_info
[1.154s] writing ../../build/bluerov_vision/bluerov_vision.egg-info/PKG-INFO
[1.154s] writing dependency_links to ../../build/bluerov_vision/bluerov_vision.egg-info/dependency_links.txt
[1.154s] writing entry points to ../../build/bluerov_vision/bluerov_vision.egg-info/entry_points.txt
[1.154s] writing requirements to ../../build/bluerov_vision/bluerov_vision.egg-info/requires.txt
[1.154s] writing top-level names to ../../build/bluerov_vision/bluerov_vision.egg-info/top_level.txt
[1.155s] reading manifest file '../../build/bluerov_vision/bluerov_vision.egg-info/SOURCES.txt'
[1.156s] writing manifest file '../../build/bluerov_vision/bluerov_vision.egg-info/SOURCES.txt'
[1.156s] running build
[1.156s] running build_py
[1.156s] running install
[1.157s] running install_lib
[1.157s] running install_data
[1.157s] running install_egg_info
[1.158s] removing '/home/tbelier/Documents/GIT/Guerle2/ros2_ws/install/bluerov_vision/lib/python3.10/site-packages/bluerov_vision-0.0.1-py3.10.egg-info' (and everything under it)
[1.158s] Copying ../../build/bluerov_vision/bluerov_vision.egg-info to /home/tbelier/Documents/GIT/Guerle2/ros2_ws/install/bluerov_vision/lib/python3.10/site-packages/bluerov_vision-0.0.1-py3.10.egg-info
[1.159s] running install_scripts
[1.171s] Installing bluerov_visionNode script to /home/tbelier/Documents/GIT/Guerle2/ros2_ws/install/bluerov_vision/lib/bluerov_vision
[1.171s] writing list of installed files to '/home/tbelier/Documents/GIT/Guerle2/ros2_ws/build/bluerov_vision/install.log'
[1.193s] Invoked command in '/home/tbelier/Documents/GIT/Guerle2/ros2_ws/src/bluerov_vision' returned '0': PYTHONPATH=/home/tbelier/Documents/GIT/Guerle2/ros2_ws/build/bluerov_vision/prefix_override:/usr/lib/python3/dist-packages/colcon_core/task/python/colcon_distutils_commands:/home/tbelier/Documents/GIT/Guerle2/ros2_ws/install/bluerov_vision/lib/python3.10/site-packages:${PYTHONPATH} /usr/bin/python3 -W ignore:setup.py install is deprecated -W ignore:easy_install command is deprecated setup.py egg_info --egg-base ../../build/bluerov_vision build --build-base /home/tbelier/Documents/GIT/Guerle2/ros2_ws/build/bluerov_vision/build install --record /home/tbelier/Documents/GIT/Guerle2/ros2_ws/build/bluerov_vision/install.log --single-version-externally-managed install_data
