-- Found ament_cmake: 1.3.11 (/opt/ros/humble/share/ament_cmake/cmake)
-- Found rclcpp: 16.0.11 (/opt/ros/humble/share/rclcpp/cmake)
-- Found rosidl_generator_c: 3.1.6 (/opt/ros/humble/share/rosidl_generator_c/cmake)
-- Found rosidl_adapter: 3.1.6 (/opt/ros/humble/share/rosidl_adapter/cmake)
-- Found rosidl_generator_cpp: 3.1.6 (/opt/ros/humble/share/rosidl_generator_cpp/cmake)
-- Using all available rosidl_typesupport_c: rosidl_typesupport_fastrtps_c;rosidl_typesupport_introspection_c
-- Using all available rosidl_typesupport_cpp: rosidl_typesupport_fastrtps_cpp;rosidl_typesupport_introspection_cpp
-- Found rmw_implementation_cmake: 6.1.2 (/opt/ros/humble/share/rmw_implementation_cmake/cmake)
-- Found rmw_fastrtps_cpp: 6.2.7 (/opt/ros/humble/share/rmw_fastrtps_cpp/cmake)
-- Using RMW implementation 'rmw_fastrtps_cpp' as default
-- Found geometry_msgs: 4.2.4 (/opt/ros/humble/share/geometry_msgs/cmake)
-- Found tf2: 0.25.11 (/opt/ros/humble/share/tf2/cmake)
-- Found tf2_ros: 0.25.11 (/opt/ros/humble/share/tf2_ros/cmake)
-- Found tf2_geometry_msgs: 0.25.11 (/opt/ros/humble/share/tf2_geometry_msgs/cmake)
-- Found eigen3_cmake_module: 0.1.1 (/opt/ros/humble/share/eigen3_cmake_module/cmake)
-- Ensuring Eigen3 include directory is part of orocos-kdl CMake target
-- Found visualization_msgs: 4.2.4 (/opt/ros/humble/share/visualization_msgs/cmake)
-- Found ament_lint_auto: 0.12.11 (/opt/ros/humble/share/ament_lint_auto/cmake)
-- Added test 'copyright' to check source files copyright and LICENSE
-- Added test 'cppcheck' to perform static code analysis on C / C++ code
-- Configured cppcheck include dirs: 
-- Configured cppcheck exclude dirs and/or files: 
-- Added test 'flake8' to check Python code syntax and style conventions
-- Added test 'lint_cmake' to check CMake code style
-- Added test 'pep257' to check Python code against some of the docstring style conventions in PEP 257
-- Added test 'uncrustify' to check C / C++ code style
-- Configured uncrustify additional arguments: 
-- Added test 'xmllint' to check XML markup files
-- Configuring done
-- Generating done
-- Build files have been written to: /home/tbelier/Documents/GIT/Guerle2/ros2_ws/build/td2
[35m[1mConsolidate compiler generated dependencies of target boat_controller_node[0m
[35m[1mConsolidate compiler generated dependencies of target target_publisher_node[0m
[35m[1mConsolidate compiler generated dependencies of target boat_simulation_node[0m
[ 33%] Built target boat_controller_node
[ 66%] Built target target_publisher_node
[100%] Built target boat_simulation_node
-- Install configuration: ""
-- Up-to-date: /home/tbelier/Documents/GIT/Guerle2/ros2_ws/install/td2/lib/td2/boat_simulation_node
-- Up-to-date: /home/tbelier/Documents/GIT/Guerle2/ros2_ws/install/td2/lib/td2/boat_controller_node
-- Up-to-date: /home/tbelier/Documents/GIT/Guerle2/ros2_ws/install/td2/lib/td2/target_publisher_node
-- Up-to-date: /home/tbelier/Documents/GIT/Guerle2/ros2_ws/install/td2/share/td2//launch
-- Up-to-date: /home/tbelier/Documents/GIT/Guerle2/ros2_ws/install/td2/share/td2//launch/td2_launch.py
-- Up-to-date: /home/tbelier/Documents/GIT/Guerle2/ros2_ws/install/td2/share/td2//launch/Bluerov.launch.py
-- Up-to-date: /home/tbelier/Documents/GIT/Guerle2/ros2_ws/install/td2/share/td2/meshes
-- Up-to-date: /home/tbelier/Documents/GIT/Guerle2/ros2_ws/install/td2/share/td2/meshes/boat.dae
-- Up-to-date: /home/tbelier/Documents/GIT/Guerle2/ros2_ws/install/td2/share/td2/meshes/spaceship.blend
-- Up-to-date: /home/tbelier/Documents/GIT/Guerle2/ros2_ws/install/td2/share/td2/config
-- Up-to-date: /home/tbelier/Documents/GIT/Guerle2/ros2_ws/install/td2/share/td2/config/td2.yaml
-- Up-to-date: /home/tbelier/Documents/GIT/Guerle2/ros2_ws/install/td2/share/ament_index/resource_index/package_run_dependencies/td2
-- Up-to-date: /home/tbelier/Documents/GIT/Guerle2/ros2_ws/install/td2/share/ament_index/resource_index/parent_prefix_path/td2
-- Up-to-date: /home/tbelier/Documents/GIT/Guerle2/ros2_ws/install/td2/share/td2/environment/ament_prefix_path.sh
-- Installing: /home/tbelier/Documents/GIT/Guerle2/ros2_ws/install/td2/share/td2/environment/ament_prefix_path.dsv
-- Up-to-date: /home/tbelier/Documents/GIT/Guerle2/ros2_ws/install/td2/share/td2/environment/path.sh
-- Installing: /home/tbelier/Documents/GIT/Guerle2/ros2_ws/install/td2/share/td2/environment/path.dsv
-- Up-to-date: /home/tbelier/Documents/GIT/Guerle2/ros2_ws/install/td2/share/td2/local_setup.bash
-- Up-to-date: /home/tbelier/Documents/GIT/Guerle2/ros2_ws/install/td2/share/td2/local_setup.sh
-- Up-to-date: /home/tbelier/Documents/GIT/Guerle2/ros2_ws/install/td2/share/td2/local_setup.zsh
-- Installing: /home/tbelier/Documents/GIT/Guerle2/ros2_ws/install/td2/share/td2/local_setup.dsv
-- Installing: /home/tbelier/Documents/GIT/Guerle2/ros2_ws/install/td2/share/td2/package.dsv
-- Up-to-date: /home/tbelier/Documents/GIT/Guerle2/ros2_ws/install/td2/share/ament_index/resource_index/packages/td2
-- Up-to-date: /home/tbelier/Documents/GIT/Guerle2/ros2_ws/install/td2/share/td2/cmake/td2Config.cmake
-- Up-to-date: /home/tbelier/Documents/GIT/Guerle2/ros2_ws/install/td2/share/td2/cmake/td2Config-version.cmake
-- Up-to-date: /home/tbelier/Documents/GIT/Guerle2/ros2_ws/install/td2/share/td2/package.xml
