[0.998s] Invoking command in '/home/tbelier/Documents/GIT/Guerle2/ros2_ws/build/td2': CMAKE_PREFIX_PATH=${CMAKE_PREFIX_PATH}:/home/tbelier/Documents/GIT/Guerle2/ros2_ws/install/sensors:/home/tbelier/Documents/GIT/Guerle2/ros2_ws/install/guidance:/home/tbelier/Documents/GIT/Guerle2/ros2_ws/install/control:/home/tbelier/Documents/GIT/Guerle2/ros2_ws/install/castor_pollux:/home/tbelier/Documents/GIT/Guerle2/ros2_ws/install/bluerov_vision:/home/tbelier/Documents/GIT/Guerle2/ros2_ws/install/bluerov_ros_camera:/opt/ros/humble /usr/bin/cmake --build /home/tbelier/Documents/GIT/Guerle2/ros2_ws/build/td2 -- -j20 -l20
[1.025s] -- Found ament_cmake: 1.3.11 (/opt/ros/humble/share/ament_cmake/cmake)
[1.164s] -- Found rclcpp: 16.0.11 (/opt/ros/humble/share/rclcpp/cmake)
[1.186s] -- Found rosidl_generator_c: 3.1.6 (/opt/ros/humble/share/rosidl_generator_c/cmake)
[1.187s] -- Found rosidl_adapter: 3.1.6 (/opt/ros/humble/share/rosidl_adapter/cmake)
[1.191s] -- Found rosidl_generator_cpp: 3.1.6 (/opt/ros/humble/share/rosidl_generator_cpp/cmake)
[1.197s] -- Using all available rosidl_typesupport_c: rosidl_typesupport_fastrtps_c;rosidl_typesupport_introspection_c
[1.206s] -- Using all available rosidl_typesupport_cpp: rosidl_typesupport_fastrtps_cpp;rosidl_typesupport_introspection_cpp
[1.227s] -- Found rmw_implementation_cmake: 6.1.2 (/opt/ros/humble/share/rmw_implementation_cmake/cmake)
[1.228s] -- Found rmw_fastrtps_cpp: 6.2.7 (/opt/ros/humble/share/rmw_fastrtps_cpp/cmake)
[1.303s] -- Using RMW implementation 'rmw_fastrtps_cpp' as default
[1.335s] -- Found geometry_msgs: 4.2.4 (/opt/ros/humble/share/geometry_msgs/cmake)
[1.343s] -- Found tf2: 0.25.11 (/opt/ros/humble/share/tf2/cmake)
[1.346s] -- Found tf2_ros: 0.25.11 (/opt/ros/humble/share/tf2_ros/cmake)
[1.412s] -- Found tf2_geometry_msgs: 0.25.11 (/opt/ros/humble/share/tf2_geometry_msgs/cmake)
[1.414s] -- Found eigen3_cmake_module: 0.1.1 (/opt/ros/humble/share/eigen3_cmake_module/cmake)
[1.416s] -- Ensuring Eigen3 include directory is part of orocos-kdl CMake target
[1.417s] -- Found visualization_msgs: 4.2.4 (/opt/ros/humble/share/visualization_msgs/cmake)
[1.445s] -- Found ament_lint_auto: 0.12.11 (/opt/ros/humble/share/ament_lint_auto/cmake)
[1.498s] -- Added test 'copyright' to check source files copyright and LICENSE
[1.499s] -- Added test 'cppcheck' to perform static code analysis on C / C++ code
[1.499s] -- Configured cppcheck include dirs: 
[1.499s] -- Configured cppcheck exclude dirs and/or files: 
[1.499s] -- Added test 'flake8' to check Python code syntax and style conventions
[1.499s] -- Added test 'lint_cmake' to check CMake code style
[1.499s] -- Added test 'pep257' to check Python code against some of the docstring style conventions in PEP 257
[1.500s] -- Added test 'uncrustify' to check C / C++ code style
[1.500s] -- Configured uncrustify additional arguments: 
[1.500s] -- Added test 'xmllint' to check XML markup files
[1.501s] -- Configuring done
[1.518s] -- Generating done
[1.527s] -- Build files have been written to: /home/tbelier/Documents/GIT/Guerle2/ros2_ws/build/td2
[1.554s] [35m[1mConsolidate compiler generated dependencies of target boat_controller_node[0m
[1.557s] [35m[1mConsolidate compiler generated dependencies of target target_publisher_node[0m
[1.558s] [35m[1mConsolidate compiler generated dependencies of target boat_simulation_node[0m
[1.566s] [ 33%] Built target boat_controller_node
[1.578s] [ 66%] Built target target_publisher_node
[1.581s] [100%] Built target boat_simulation_node
[1.592s] Invoked command in '/home/tbelier/Documents/GIT/Guerle2/ros2_ws/build/td2' returned '0': CMAKE_PREFIX_PATH=${CMAKE_PREFIX_PATH}:/home/tbelier/Documents/GIT/Guerle2/ros2_ws/install/sensors:/home/tbelier/Documents/GIT/Guerle2/ros2_ws/install/guidance:/home/tbelier/Documents/GIT/Guerle2/ros2_ws/install/control:/home/tbelier/Documents/GIT/Guerle2/ros2_ws/install/castor_pollux:/home/tbelier/Documents/GIT/Guerle2/ros2_ws/install/bluerov_vision:/home/tbelier/Documents/GIT/Guerle2/ros2_ws/install/bluerov_ros_camera:/opt/ros/humble /usr/bin/cmake --build /home/tbelier/Documents/GIT/Guerle2/ros2_ws/build/td2 -- -j20 -l20
[1.593s] Invoking command in '/home/tbelier/Documents/GIT/Guerle2/ros2_ws/build/td2': CMAKE_PREFIX_PATH=${CMAKE_PREFIX_PATH}:/home/tbelier/Documents/GIT/Guerle2/ros2_ws/install/sensors:/home/tbelier/Documents/GIT/Guerle2/ros2_ws/install/guidance:/home/tbelier/Documents/GIT/Guerle2/ros2_ws/install/control:/home/tbelier/Documents/GIT/Guerle2/ros2_ws/install/castor_pollux:/home/tbelier/Documents/GIT/Guerle2/ros2_ws/install/bluerov_vision:/home/tbelier/Documents/GIT/Guerle2/ros2_ws/install/bluerov_ros_camera:/opt/ros/humble /usr/bin/cmake --install /home/tbelier/Documents/GIT/Guerle2/ros2_ws/build/td2
[1.599s] -- Install configuration: ""
[1.599s] -- Up-to-date: /home/tbelier/Documents/GIT/Guerle2/ros2_ws/install/td2/lib/td2/boat_simulation_node
[1.599s] -- Up-to-date: /home/tbelier/Documents/GIT/Guerle2/ros2_ws/install/td2/lib/td2/boat_controller_node
[1.599s] -- Up-to-date: /home/tbelier/Documents/GIT/Guerle2/ros2_ws/install/td2/lib/td2/target_publisher_node
[1.599s] -- Up-to-date: /home/tbelier/Documents/GIT/Guerle2/ros2_ws/install/td2/share/td2//launch
[1.599s] -- Up-to-date: /home/tbelier/Documents/GIT/Guerle2/ros2_ws/install/td2/share/td2//launch/td2_launch.py
[1.599s] -- Up-to-date: /home/tbelier/Documents/GIT/Guerle2/ros2_ws/install/td2/share/td2//launch/Bluerov.launch.py
[1.600s] -- Up-to-date: /home/tbelier/Documents/GIT/Guerle2/ros2_ws/install/td2/share/td2/meshes
[1.600s] -- Up-to-date: /home/tbelier/Documents/GIT/Guerle2/ros2_ws/install/td2/share/td2/meshes/boat.dae
[1.600s] -- Up-to-date: /home/tbelier/Documents/GIT/Guerle2/ros2_ws/install/td2/share/td2/meshes/spaceship.blend
[1.600s] -- Up-to-date: /home/tbelier/Documents/GIT/Guerle2/ros2_ws/install/td2/share/td2/config
[1.600s] -- Up-to-date: /home/tbelier/Documents/GIT/Guerle2/ros2_ws/install/td2/share/td2/config/td2.yaml
[1.600s] -- Up-to-date: /home/tbelier/Documents/GIT/Guerle2/ros2_ws/install/td2/share/ament_index/resource_index/package_run_dependencies/td2
[1.600s] -- Up-to-date: /home/tbelier/Documents/GIT/Guerle2/ros2_ws/install/td2/share/ament_index/resource_index/parent_prefix_path/td2
[1.600s] -- Up-to-date: /home/tbelier/Documents/GIT/Guerle2/ros2_ws/install/td2/share/td2/environment/ament_prefix_path.sh
[1.601s] -- Installing: /home/tbelier/Documents/GIT/Guerle2/ros2_ws/install/td2/share/td2/environment/ament_prefix_path.dsv
[1.601s] -- Up-to-date: /home/tbelier/Documents/GIT/Guerle2/ros2_ws/install/td2/share/td2/environment/path.sh
[1.601s] -- Installing: /home/tbelier/Documents/GIT/Guerle2/ros2_ws/install/td2/share/td2/environment/path.dsv
[1.601s] -- Up-to-date: /home/tbelier/Documents/GIT/Guerle2/ros2_ws/install/td2/share/td2/local_setup.bash
[1.601s] -- Up-to-date: /home/tbelier/Documents/GIT/Guerle2/ros2_ws/install/td2/share/td2/local_setup.sh
[1.601s] -- Up-to-date: /home/tbelier/Documents/GIT/Guerle2/ros2_ws/install/td2/share/td2/local_setup.zsh
[1.601s] -- Installing: /home/tbelier/Documents/GIT/Guerle2/ros2_ws/install/td2/share/td2/local_setup.dsv
[1.601s] -- Installing: /home/tbelier/Documents/GIT/Guerle2/ros2_ws/install/td2/share/td2/package.dsv
[1.601s] -- Up-to-date: /home/tbelier/Documents/GIT/Guerle2/ros2_ws/install/td2/share/ament_index/resource_index/packages/td2
[1.601s] -- Up-to-date: /home/tbelier/Documents/GIT/Guerle2/ros2_ws/install/td2/share/td2/cmake/td2Config.cmake
[1.601s] -- Up-to-date: /home/tbelier/Documents/GIT/Guerle2/ros2_ws/install/td2/share/td2/cmake/td2Config-version.cmake
[1.601s] -- Up-to-date: /home/tbelier/Documents/GIT/Guerle2/ros2_ws/install/td2/share/td2/package.xml
[1.601s] Invoked command in '/home/tbelier/Documents/GIT/Guerle2/ros2_ws/build/td2' returned '0': CMAKE_PREFIX_PATH=${CMAKE_PREFIX_PATH}:/home/tbelier/Documents/GIT/Guerle2/ros2_ws/install/sensors:/home/tbelier/Documents/GIT/Guerle2/ros2_ws/install/guidance:/home/tbelier/Documents/GIT/Guerle2/ros2_ws/install/control:/home/tbelier/Documents/GIT/Guerle2/ros2_ws/install/castor_pollux:/home/tbelier/Documents/GIT/Guerle2/ros2_ws/install/bluerov_vision:/home/tbelier/Documents/GIT/Guerle2/ros2_ws/install/bluerov_ros_camera:/opt/ros/humble /usr/bin/cmake --install /home/tbelier/Documents/GIT/Guerle2/ros2_ws/build/td2
