[35m[1mConsolidate compiler generated dependencies of target boat_controller_node[0m
[35m[1mConsolidate compiler generated dependencies of target boat_simulation_node[0m
[ 33%] Built target target_publisher_node
[ 50%] [32mBuilding CXX object CMakeFiles/boat_controller_node.dir/src/boat_controller.cpp.o[0m
[ 66%] [32mBuilding CXX object CMakeFiles/boat_simulation_node.dir/src/boat_simulation.cpp.o[0m
[ 83%] [32m[1mLinking CXX executable boat_simulation_node[0m
[ 83%] Built target boat_simulation_node
[100%] [32m[1mLinking CXX executable boat_controller_node[0m
[100%] Built target boat_controller_node
-- Install configuration: ""
-- Installing: /home/tbelier/Documents/GIT/Guerle2/ros2_ws/install/rviz_view/lib/rviz_view/boat_simulation_node
-- Set runtime path of "/home/tbelier/Documents/GIT/Guerle2/ros2_ws/install/rviz_view/lib/rviz_view/boat_simulation_node" to ""
-- Installing: /home/tbelier/Documents/GIT/Guerle2/ros2_ws/install/rviz_view/lib/rviz_view/boat_controller_node
-- Set runtime path of "/home/tbelier/Documents/GIT/Guerle2/ros2_ws/install/rviz_view/lib/rviz_view/boat_controller_node" to ""
-- Up-to-date: /home/tbelier/Documents/GIT/Guerle2/ros2_ws/install/rviz_view/lib/rviz_view/target_publisher_node
-- Up-to-date: /home/tbelier/Documents/GIT/Guerle2/ros2_ws/install/rviz_view/share/rviz_view//launch
-- Up-to-date: /home/tbelier/Documents/GIT/Guerle2/ros2_ws/install/rviz_view/share/rviz_view//launch/Bluerov.launch.py
-- Up-to-date: /home/tbelier/Documents/GIT/Guerle2/ros2_ws/install/rviz_view/share/rviz_view/meshes
-- Up-to-date: /home/tbelier/Documents/GIT/Guerle2/ros2_ws/install/rviz_view/share/rviz_view/meshes/boat.dae
-- Up-to-date: /home/tbelier/Documents/GIT/Guerle2/ros2_ws/install/rviz_view/share/rviz_view/config
-- Up-to-date: /home/tbelier/Documents/GIT/Guerle2/ros2_ws/install/rviz_view/share/rviz_view/config/rviz_view.yaml
-- Up-to-date: /home/tbelier/Documents/GIT/Guerle2/ros2_ws/install/rviz_view/share/ament_index/resource_index/package_run_dependencies/rviz_view
-- Up-to-date: /home/tbelier/Documents/GIT/Guerle2/ros2_ws/install/rviz_view/share/ament_index/resource_index/parent_prefix_path/rviz_view
-- Up-to-date: /home/tbelier/Documents/GIT/Guerle2/ros2_ws/install/rviz_view/share/rviz_view/environment/ament_prefix_path.sh
-- Up-to-date: /home/tbelier/Documents/GIT/Guerle2/ros2_ws/install/rviz_view/share/rviz_view/environment/ament_prefix_path.dsv
-- Up-to-date: /home/tbelier/Documents/GIT/Guerle2/ros2_ws/install/rviz_view/share/rviz_view/environment/path.sh
-- Up-to-date: /home/tbelier/Documents/GIT/Guerle2/ros2_ws/install/rviz_view/share/rviz_view/environment/path.dsv
-- Up-to-date: /home/tbelier/Documents/GIT/Guerle2/ros2_ws/install/rviz_view/share/rviz_view/local_setup.bash
-- Up-to-date: /home/tbelier/Documents/GIT/Guerle2/ros2_ws/install/rviz_view/share/rviz_view/local_setup.sh
-- Up-to-date: /home/tbelier/Documents/GIT/Guerle2/ros2_ws/install/rviz_view/share/rviz_view/local_setup.zsh
-- Up-to-date: /home/tbelier/Documents/GIT/Guerle2/ros2_ws/install/rviz_view/share/rviz_view/local_setup.dsv
-- Installing: /home/tbelier/Documents/GIT/Guerle2/ros2_ws/install/rviz_view/share/rviz_view/package.dsv
-- Up-to-date: /home/tbelier/Documents/GIT/Guerle2/ros2_ws/install/rviz_view/share/ament_index/resource_index/packages/rviz_view
-- Up-to-date: /home/tbelier/Documents/GIT/Guerle2/ros2_ws/install/rviz_view/share/rviz_view/cmake/rviz_viewConfig.cmake
-- Up-to-date: /home/tbelier/Documents/GIT/Guerle2/ros2_ws/install/rviz_view/share/rviz_view/cmake/rviz_viewConfig-version.cmake
-- Up-to-date: /home/tbelier/Documents/GIT/Guerle2/ros2_ws/install/rviz_view/share/rviz_view/package.xml
