[1.151s] Invoking command in '/home/tbelier/Documents/GIT/Guerle2/ros2_ws/src/sensors': PYTHONPATH=/home/tbelier/Documents/GIT/Guerle2/ros2_ws/build/sensors/prefix_override:/usr/lib/python3/dist-packages/colcon_core/task/python/colcon_distutils_commands:/home/tbelier/Documents/GIT/Guerle2/ros2_ws/install/sensors/lib/python3.10/site-packages:${PYTHONPATH} /usr/bin/python3 -W ignore:setup.py install is deprecated -W ignore:easy_install command is deprecated setup.py egg_info --egg-base ../../build/sensors build --build-base /home/tbelier/Documents/GIT/Guerle2/ros2_ws/build/sensors/build install --record /home/tbelier/Documents/GIT/Guerle2/ros2_ws/build/sensors/install.log --single-version-externally-managed install_data
[1.284s] running egg_info
[1.285s] writing ../../build/sensors/sensors.egg-info/PKG-INFO
[1.285s] writing dependency_links to ../../build/sensors/sensors.egg-info/dependency_links.txt
[1.285s] writing entry points to ../../build/sensors/sensors.egg-info/entry_points.txt
[1.285s] writing requirements to ../../build/sensors/sensors.egg-info/requires.txt
[1.285s] writing top-level names to ../../build/sensors/sensors.egg-info/top_level.txt
[1.286s] reading manifest file '../../build/sensors/sensors.egg-info/SOURCES.txt'
[1.287s] writing manifest file '../../build/sensors/sensors.egg-info/SOURCES.txt'
[1.287s] running build
[1.287s] running build_py
[1.287s] running install
[1.287s] running install_lib
[1.288s] running install_data
[1.288s] running install_egg_info
[1.289s] removing '/home/tbelier/Documents/GIT/Guerle2/ros2_ws/install/sensors/lib/python3.10/site-packages/sensors-0.0.0-py3.10.egg-info' (and everything under it)
[1.289s] Copying ../../build/sensors/sensors.egg-info to /home/tbelier/Documents/GIT/Guerle2/ros2_ws/install/sensors/lib/python3.10/site-packages/sensors-0.0.0-py3.10.egg-info
[1.289s] running install_scripts
[1.302s] Installing sensors_node script to /home/tbelier/Documents/GIT/Guerle2/ros2_ws/install/sensors/lib/sensors
[1.302s] Installing sensors_node_debug script to /home/tbelier/Documents/GIT/Guerle2/ros2_ws/install/sensors/lib/sensors
[1.302s] writing list of installed files to '/home/tbelier/Documents/GIT/Guerle2/ros2_ws/build/sensors/install.log'
[1.320s] Invoked command in '/home/tbelier/Documents/GIT/Guerle2/ros2_ws/src/sensors' returned '0': PYTHONPATH=/home/tbelier/Documents/GIT/Guerle2/ros2_ws/build/sensors/prefix_override:/usr/lib/python3/dist-packages/colcon_core/task/python/colcon_distutils_commands:/home/tbelier/Documents/GIT/Guerle2/ros2_ws/install/sensors/lib/python3.10/site-packages:${PYTHONPATH} /usr/bin/python3 -W ignore:setup.py install is deprecated -W ignore:easy_install command is deprecated setup.py egg_info --egg-base ../../build/sensors build --build-base /home/tbelier/Documents/GIT/Guerle2/ros2_ws/build/sensors/build install --record /home/tbelier/Documents/GIT/Guerle2/ros2_ws/build/sensors/install.log --single-version-externally-managed install_data
