[0.024s] Invoking command in '/home/tbelier/Documents/GIT/Guerle2/ros2_ws/build/message2': CMAKE_PREFIX_PATH=${CMAKE_PREFIX_PATH}:/home/tbelier/Documents/GIT/Guerle2/ros2_ws/install/sensors:/home/tbelier/Documents/GIT/Guerle2/ros2_ws/install/guidance:/home/tbelier/Documents/GIT/Guerle2/ros2_ws/install/control:/home/tbelier/Documents/GIT/Guerle2/ros2_ws/install/castor_pollux:/home/tbelier/Documents/GIT/Guerle2/ros2_ws/install/bluerov_vision:/home/tbelier/Documents/GIT/Guerle2/ros2_ws/install/bluerov_ros_camera:/opt/ros/humble /usr/bin/cmake --build /home/tbelier/Documents/GIT/Guerle2/ros2_ws/build/message2 -- -j20 -l20
[0.840s] [  3%] Built target message2__cpp
[0.841s] [ 12%] Built target message2__rosidl_generator_c
[0.841s] [ 12%] Built target ament_cmake_python_copy_message2
[0.841s] [ 22%] Built target message2__rosidl_typesupport_cpp
[0.841s] [ 32%] Built target message2__rosidl_typesupport_c
[0.841s] [ 51%] Built target message2__rosidl_typesupport_fastrtps_cpp
[0.841s] [ 51%] Built target message2__rosidl_typesupport_introspection_c
[0.841s] [ 61%] Built target message2__rosidl_typesupport_introspection_cpp
[0.841s] [ 70%] Built target message2__rosidl_typesupport_fastrtps_c
[0.841s] [ 70%] Built target message2
[0.841s] [ 74%] Built target message2__py
[0.841s] [ 80%] Built target message2__rosidl_generator_py
[0.841s] [ 87%] Built target message2__rosidl_typesupport_c__pyext
[0.841s] [ 93%] Built target message2__rosidl_typesupport_introspection_c__pyext
[0.841s] [100%] Built target message2__rosidl_typesupport_fastrtps_c__pyext
[0.841s] running egg_info
[0.841s] writing message2.egg-info/PKG-INFO
[0.841s] writing dependency_links to message2.egg-info/dependency_links.txt
[0.841s] writing top-level names to message2.egg-info/top_level.txt
[0.841s] reading manifest file 'message2.egg-info/SOURCES.txt'
[0.841s] writing manifest file 'message2.egg-info/SOURCES.txt'
[0.841s] [100%] Built target ament_cmake_python_build_message2_egg
[0.843s] Invoked command in '/home/tbelier/Documents/GIT/Guerle2/ros2_ws/build/message2' returned '0': CMAKE_PREFIX_PATH=${CMAKE_PREFIX_PATH}:/home/tbelier/Documents/GIT/Guerle2/ros2_ws/install/sensors:/home/tbelier/Documents/GIT/Guerle2/ros2_ws/install/guidance:/home/tbelier/Documents/GIT/Guerle2/ros2_ws/install/control:/home/tbelier/Documents/GIT/Guerle2/ros2_ws/install/castor_pollux:/home/tbelier/Documents/GIT/Guerle2/ros2_ws/install/bluerov_vision:/home/tbelier/Documents/GIT/Guerle2/ros2_ws/install/bluerov_ros_camera:/opt/ros/humble /usr/bin/cmake --build /home/tbelier/Documents/GIT/Guerle2/ros2_ws/build/message2 -- -j20 -l20
[0.849s] Invoking command in '/home/tbelier/Documents/GIT/Guerle2/ros2_ws/build/message2': CMAKE_PREFIX_PATH=${CMAKE_PREFIX_PATH}:/home/tbelier/Documents/GIT/Guerle2/ros2_ws/install/sensors:/home/tbelier/Documents/GIT/Guerle2/ros2_ws/install/guidance:/home/tbelier/Documents/GIT/Guerle2/ros2_ws/install/control:/home/tbelier/Documents/GIT/Guerle2/ros2_ws/install/castor_pollux:/home/tbelier/Documents/GIT/Guerle2/ros2_ws/install/bluerov_vision:/home/tbelier/Documents/GIT/Guerle2/ros2_ws/install/bluerov_ros_camera:/opt/ros/humble /usr/bin/cmake --install /home/tbelier/Documents/GIT/Guerle2/ros2_ws/build/message2
[0.854s] -- Install configuration: ""
[0.855s] -- Up-to-date: /home/tbelier/Documents/GIT/Guerle2/ros2_ws/install/message2/share/ament_index/resource_index/rosidl_interfaces/message2
[0.855s] -- Up-to-date: /home/tbelier/Documents/GIT/Guerle2/ros2_ws/install/message2/include/message2/message2
[0.855s] -- Up-to-date: /home/tbelier/Documents/GIT/Guerle2/ros2_ws/install/message2/include/message2/message2/msg
[0.856s] -- Up-to-date: /home/tbelier/Documents/GIT/Guerle2/ros2_ws/install/message2/include/message2/message2/msg/rosidl_generator_c__visibility_control.h
[0.856s] -- Up-to-date: /home/tbelier/Documents/GIT/Guerle2/ros2_ws/install/message2/include/message2/message2/msg/detail
[0.857s] -- Up-to-date: /home/tbelier/Documents/GIT/Guerle2/ros2_ws/install/message2/include/message2/message2/msg/detail/usbl__functions.h
[0.857s] -- Up-to-date: /home/tbelier/Documents/GIT/Guerle2/ros2_ws/install/message2/include/message2/message2/msg/detail/usbl__type_support.h
[0.857s] -- Up-to-date: /home/tbelier/Documents/GIT/Guerle2/ros2_ws/install/message2/include/message2/message2/msg/detail/usbl__struct.h
[0.857s] -- Up-to-date: /home/tbelier/Documents/GIT/Guerle2/ros2_ws/install/message2/include/message2/message2/msg/detail/usbl__functions.c
[0.858s] -- Up-to-date: /home/tbelier/Documents/GIT/Guerle2/ros2_ws/install/message2/include/message2/message2/msg/usbl.h
[0.858s] -- Up-to-date: /home/tbelier/Documents/GIT/Guerle2/ros2_ws/install/message2/share/message2/environment/library_path.sh
[0.858s] -- Up-to-date: /home/tbelier/Documents/GIT/Guerle2/ros2_ws/install/message2/share/message2/environment/library_path.dsv
[0.859s] -- Up-to-date: /home/tbelier/Documents/GIT/Guerle2/ros2_ws/install/message2/lib/libmessage2__rosidl_generator_c.so
[0.859s] -- Up-to-date: /home/tbelier/Documents/GIT/Guerle2/ros2_ws/install/message2/include/message2/message2
[0.859s] -- Up-to-date: /home/tbelier/Documents/GIT/Guerle2/ros2_ws/install/message2/include/message2/message2/msg
[0.860s] -- Up-to-date: /home/tbelier/Documents/GIT/Guerle2/ros2_ws/install/message2/include/message2/message2/msg/detail
[0.860s] -- Up-to-date: /home/tbelier/Documents/GIT/Guerle2/ros2_ws/install/message2/include/message2/message2/msg/detail/usbl__rosidl_typesupport_fastrtps_c.h
[0.861s] -- Up-to-date: /home/tbelier/Documents/GIT/Guerle2/ros2_ws/install/message2/include/message2/message2/msg/rosidl_typesupport_fastrtps_c__visibility_control.h
[0.861s] -- Up-to-date: /home/tbelier/Documents/GIT/Guerle2/ros2_ws/install/message2/lib/libmessage2__rosidl_typesupport_fastrtps_c.so
[0.861s] -- Up-to-date: /home/tbelier/Documents/GIT/Guerle2/ros2_ws/install/message2/include/message2/message2
[0.862s] -- Up-to-date: /home/tbelier/Documents/GIT/Guerle2/ros2_ws/install/message2/include/message2/message2/msg
[0.862s] -- Up-to-date: /home/tbelier/Documents/GIT/Guerle2/ros2_ws/install/message2/include/message2/message2/msg/detail
[0.862s] -- Up-to-date: /home/tbelier/Documents/GIT/Guerle2/ros2_ws/install/message2/include/message2/message2/msg/detail/usbl__traits.hpp
[0.863s] -- Up-to-date: /home/tbelier/Documents/GIT/Guerle2/ros2_ws/install/message2/include/message2/message2/msg/detail/usbl__type_support.hpp
[0.864s] -- Up-to-date: /home/tbelier/Documents/GIT/Guerle2/ros2_ws/install/message2/include/message2/message2/msg/detail/usbl__struct.hpp
[0.864s] -- Up-to-date: /home/tbelier/Documents/GIT/Guerle2/ros2_ws/install/message2/include/message2/message2/msg/detail/usbl__builder.hpp
[0.864s] -- Up-to-date: /home/tbelier/Documents/GIT/Guerle2/ros2_ws/install/message2/include/message2/message2/msg/rosidl_generator_cpp__visibility_control.hpp
[0.864s] -- Up-to-date: /home/tbelier/Documents/GIT/Guerle2/ros2_ws/install/message2/include/message2/message2/msg/usbl.hpp
[0.864s] -- Up-to-date: /home/tbelier/Documents/GIT/Guerle2/ros2_ws/install/message2/include/message2/message2
[0.865s] -- Up-to-date: /home/tbelier/Documents/GIT/Guerle2/ros2_ws/install/message2/include/message2/message2/msg
[0.865s] -- Up-to-date: /home/tbelier/Documents/GIT/Guerle2/ros2_ws/install/message2/include/message2/message2/msg/detail
[0.865s] -- Up-to-date: /home/tbelier/Documents/GIT/Guerle2/ros2_ws/install/message2/include/message2/message2/msg/detail/usbl__rosidl_typesupport_fastrtps_cpp.hpp
[0.866s] -- Up-to-date: /home/tbelier/Documents/GIT/Guerle2/ros2_ws/install/message2/include/message2/message2/msg/detail/dds_fastrtps
[0.866s] -- Up-to-date: /home/tbelier/Documents/GIT/Guerle2/ros2_ws/install/message2/include/message2/message2/msg/rosidl_typesupport_fastrtps_cpp__visibility_control.h
[0.866s] -- Up-to-date: /home/tbelier/Documents/GIT/Guerle2/ros2_ws/install/message2/lib/libmessage2__rosidl_typesupport_fastrtps_cpp.so
[0.866s] -- Up-to-date: /home/tbelier/Documents/GIT/Guerle2/ros2_ws/install/message2/include/message2/message2
[0.866s] -- Up-to-date: /home/tbelier/Documents/GIT/Guerle2/ros2_ws/install/message2/include/message2/message2/msg
[0.866s] -- Up-to-date: /home/tbelier/Documents/GIT/Guerle2/ros2_ws/install/message2/include/message2/message2/msg/detail
[0.866s] -- Up-to-date: /home/tbelier/Documents/GIT/Guerle2/ros2_ws/install/message2/include/message2/message2/msg/detail/usbl__type_support.c
[0.866s] -- Up-to-date: /home/tbelier/Documents/GIT/Guerle2/ros2_ws/install/message2/include/message2/message2/msg/detail/usbl__rosidl_typesupport_introspection_c.h
[0.866s] -- Up-to-date: /home/tbelier/Documents/GIT/Guerle2/ros2_ws/install/message2/include/message2/message2/msg/rosidl_typesupport_introspection_c__visibility_control.h
[0.867s] -- Up-to-date: /home/tbelier/Documents/GIT/Guerle2/ros2_ws/install/message2/lib/libmessage2__rosidl_typesupport_introspection_c.so
[0.867s] -- Up-to-date: /home/tbelier/Documents/GIT/Guerle2/ros2_ws/install/message2/lib/libmessage2__rosidl_typesupport_c.so
[0.867s] -- Up-to-date: /home/tbelier/Documents/GIT/Guerle2/ros2_ws/install/message2/include/message2/message2
[0.867s] -- Up-to-date: /home/tbelier/Documents/GIT/Guerle2/ros2_ws/install/message2/include/message2/message2/msg
[0.867s] -- Up-to-date: /home/tbelier/Documents/GIT/Guerle2/ros2_ws/install/message2/include/message2/message2/msg/detail
[0.867s] -- Up-to-date: /home/tbelier/Documents/GIT/Guerle2/ros2_ws/install/message2/include/message2/message2/msg/detail/usbl__rosidl_typesupport_introspection_cpp.hpp
[0.867s] -- Up-to-date: /home/tbelier/Documents/GIT/Guerle2/ros2_ws/install/message2/include/message2/message2/msg/detail/usbl__type_support.cpp
[0.867s] -- Up-to-date: /home/tbelier/Documents/GIT/Guerle2/ros2_ws/install/message2/lib/libmessage2__rosidl_typesupport_introspection_cpp.so
[0.867s] -- Up-to-date: /home/tbelier/Documents/GIT/Guerle2/ros2_ws/install/message2/lib/libmessage2__rosidl_typesupport_cpp.so
[0.867s] -- Up-to-date: /home/tbelier/Documents/GIT/Guerle2/ros2_ws/install/message2/share/message2/environment/pythonpath.sh
[0.867s] -- Up-to-date: /home/tbelier/Documents/GIT/Guerle2/ros2_ws/install/message2/share/message2/environment/pythonpath.dsv
[0.867s] -- Up-to-date: /home/tbelier/Documents/GIT/Guerle2/ros2_ws/install/message2/local/lib/python3.10/dist-packages/message2-0.0.0-py3.10.egg-info
[0.868s] -- Installing: /home/tbelier/Documents/GIT/Guerle2/ros2_ws/install/message2/local/lib/python3.10/dist-packages/message2-0.0.0-py3.10.egg-info/PKG-INFO
[0.868s] -- Installing: /home/tbelier/Documents/GIT/Guerle2/ros2_ws/install/message2/local/lib/python3.10/dist-packages/message2-0.0.0-py3.10.egg-info/top_level.txt
[0.869s] -- Installing: /home/tbelier/Documents/GIT/Guerle2/ros2_ws/install/message2/local/lib/python3.10/dist-packages/message2-0.0.0-py3.10.egg-info/SOURCES.txt
[0.869s] -- Installing: /home/tbelier/Documents/GIT/Guerle2/ros2_ws/install/message2/local/lib/python3.10/dist-packages/message2-0.0.0-py3.10.egg-info/dependency_links.txt
[0.869s] -- Up-to-date: /home/tbelier/Documents/GIT/Guerle2/ros2_ws/install/message2/local/lib/python3.10/dist-packages/message2
[0.869s] -- Up-to-date: /home/tbelier/Documents/GIT/Guerle2/ros2_ws/install/message2/local/lib/python3.10/dist-packages/message2/_message2_s.ep.rosidl_typesupport_introspection_c.c
[0.869s] -- Up-to-date: /home/tbelier/Documents/GIT/Guerle2/ros2_ws/install/message2/local/lib/python3.10/dist-packages/message2/_message2_s.ep.rosidl_typesupport_fastrtps_c.c
[0.869s] -- Up-to-date: /home/tbelier/Documents/GIT/Guerle2/ros2_ws/install/message2/local/lib/python3.10/dist-packages/message2/_message2_s.ep.rosidl_typesupport_c.c
[0.869s] -- Up-to-date: /home/tbelier/Documents/GIT/Guerle2/ros2_ws/install/message2/local/lib/python3.10/dist-packages/message2/message2_s__rosidl_typesupport_introspection_c.cpython-310-x86_64-linux-gnu.so
[0.870s] -- Up-to-date: /home/tbelier/Documents/GIT/Guerle2/ros2_ws/install/message2/local/lib/python3.10/dist-packages/message2/libmessage2__rosidl_generator_py.so
[0.870s] -- Up-to-date: /home/tbelier/Documents/GIT/Guerle2/ros2_ws/install/message2/local/lib/python3.10/dist-packages/message2/msg
[0.870s] -- Up-to-date: /home/tbelier/Documents/GIT/Guerle2/ros2_ws/install/message2/local/lib/python3.10/dist-packages/message2/msg/_usbl.py
[0.870s] -- Up-to-date: /home/tbelier/Documents/GIT/Guerle2/ros2_ws/install/message2/local/lib/python3.10/dist-packages/message2/msg/_usbl_s.c
[0.870s] -- Up-to-date: /home/tbelier/Documents/GIT/Guerle2/ros2_ws/install/message2/local/lib/python3.10/dist-packages/message2/msg/__init__.py
[0.870s] -- Up-to-date: /home/tbelier/Documents/GIT/Guerle2/ros2_ws/install/message2/local/lib/python3.10/dist-packages/message2/message2_s__rosidl_typesupport_fastrtps_c.cpython-310-x86_64-linux-gnu.so
[0.870s] -- Up-to-date: /home/tbelier/Documents/GIT/Guerle2/ros2_ws/install/message2/local/lib/python3.10/dist-packages/message2/message2_s__rosidl_typesupport_c.cpython-310-x86_64-linux-gnu.so
[0.870s] -- Up-to-date: /home/tbelier/Documents/GIT/Guerle2/ros2_ws/install/message2/local/lib/python3.10/dist-packages/message2/__init__.py
[0.880s] Listing '/home/tbelier/Documents/GIT/Guerle2/ros2_ws/install/message2/local/lib/python3.10/dist-packages/message2'...
[0.880s] Listing '/home/tbelier/Documents/GIT/Guerle2/ros2_ws/install/message2/local/lib/python3.10/dist-packages/message2/msg'...
[0.883s] -- Up-to-date: /home/tbelier/Documents/GIT/Guerle2/ros2_ws/install/message2/local/lib/python3.10/dist-packages/message2/message2_s__rosidl_typesupport_fastrtps_c.cpython-310-x86_64-linux-gnu.so
[0.883s] -- Up-to-date: /home/tbelier/Documents/GIT/Guerle2/ros2_ws/install/message2/local/lib/python3.10/dist-packages/message2/message2_s__rosidl_typesupport_introspection_c.cpython-310-x86_64-linux-gnu.so
[0.883s] -- Up-to-date: /home/tbelier/Documents/GIT/Guerle2/ros2_ws/install/message2/local/lib/python3.10/dist-packages/message2/message2_s__rosidl_typesupport_c.cpython-310-x86_64-linux-gnu.so
[0.884s] -- Up-to-date: /home/tbelier/Documents/GIT/Guerle2/ros2_ws/install/message2/lib/libmessage2__rosidl_generator_py.so
[0.884s] -- Up-to-date: /home/tbelier/Documents/GIT/Guerle2/ros2_ws/install/message2/share/message2/msg/Usbl.idl
[0.884s] -- Up-to-date: /home/tbelier/Documents/GIT/Guerle2/ros2_ws/install/message2/share/message2/msg/Usbl.msg
[0.884s] -- Up-to-date: /home/tbelier/Documents/GIT/Guerle2/ros2_ws/install/message2/share/ament_index/resource_index/package_run_dependencies/message2
[0.884s] -- Up-to-date: /home/tbelier/Documents/GIT/Guerle2/ros2_ws/install/message2/share/ament_index/resource_index/parent_prefix_path/message2
[0.884s] -- Up-to-date: /home/tbelier/Documents/GIT/Guerle2/ros2_ws/install/message2/share/message2/environment/ament_prefix_path.sh
[0.884s] -- Up-to-date: /home/tbelier/Documents/GIT/Guerle2/ros2_ws/install/message2/share/message2/environment/ament_prefix_path.dsv
[0.884s] -- Up-to-date: /home/tbelier/Documents/GIT/Guerle2/ros2_ws/install/message2/share/message2/environment/path.sh
[0.884s] -- Up-to-date: /home/tbelier/Documents/GIT/Guerle2/ros2_ws/install/message2/share/message2/environment/path.dsv
[0.884s] -- Up-to-date: /home/tbelier/Documents/GIT/Guerle2/ros2_ws/install/message2/share/message2/local_setup.bash
[0.885s] -- Up-to-date: /home/tbelier/Documents/GIT/Guerle2/ros2_ws/install/message2/share/message2/local_setup.sh
[0.885s] -- Up-to-date: /home/tbelier/Documents/GIT/Guerle2/ros2_ws/install/message2/share/message2/local_setup.zsh
[0.885s] -- Up-to-date: /home/tbelier/Documents/GIT/Guerle2/ros2_ws/install/message2/share/message2/local_setup.dsv
[0.885s] -- Installing: /home/tbelier/Documents/GIT/Guerle2/ros2_ws/install/message2/share/message2/package.dsv
[0.885s] -- Up-to-date: /home/tbelier/Documents/GIT/Guerle2/ros2_ws/install/message2/share/ament_index/resource_index/packages/message2
[0.885s] -- Up-to-date: /home/tbelier/Documents/GIT/Guerle2/ros2_ws/install/message2/share/message2/cmake/export_message2__rosidl_generator_cExport.cmake
[0.886s] -- Up-to-date: /home/tbelier/Documents/GIT/Guerle2/ros2_ws/install/message2/share/message2/cmake/export_message2__rosidl_generator_cExport-noconfig.cmake
[0.886s] -- Up-to-date: /home/tbelier/Documents/GIT/Guerle2/ros2_ws/install/message2/share/message2/cmake/export_message2__rosidl_typesupport_fastrtps_cExport.cmake
[0.886s] -- Up-to-date: /home/tbelier/Documents/GIT/Guerle2/ros2_ws/install/message2/share/message2/cmake/export_message2__rosidl_typesupport_fastrtps_cExport-noconfig.cmake
[0.886s] -- Up-to-date: /home/tbelier/Documents/GIT/Guerle2/ros2_ws/install/message2/share/message2/cmake/export_message2__rosidl_generator_cppExport.cmake
[0.886s] -- Up-to-date: /home/tbelier/Documents/GIT/Guerle2/ros2_ws/install/message2/share/message2/cmake/export_message2__rosidl_typesupport_fastrtps_cppExport.cmake
[0.886s] -- Up-to-date: /home/tbelier/Documents/GIT/Guerle2/ros2_ws/install/message2/share/message2/cmake/export_message2__rosidl_typesupport_fastrtps_cppExport-noconfig.cmake
[0.886s] -- Up-to-date: /home/tbelier/Documents/GIT/Guerle2/ros2_ws/install/message2/share/message2/cmake/message2__rosidl_typesupport_introspection_cExport.cmake
[0.886s] -- Up-to-date: /home/tbelier/Documents/GIT/Guerle2/ros2_ws/install/message2/share/message2/cmake/message2__rosidl_typesupport_introspection_cExport-noconfig.cmake
[0.886s] -- Up-to-date: /home/tbelier/Documents/GIT/Guerle2/ros2_ws/install/message2/share/message2/cmake/message2__rosidl_typesupport_cExport.cmake
[0.886s] -- Up-to-date: /home/tbelier/Documents/GIT/Guerle2/ros2_ws/install/message2/share/message2/cmake/message2__rosidl_typesupport_cExport-noconfig.cmake
[0.886s] -- Up-to-date: /home/tbelier/Documents/GIT/Guerle2/ros2_ws/install/message2/share/message2/cmake/message2__rosidl_typesupport_introspection_cppExport.cmake
[0.886s] -- Up-to-date: /home/tbelier/Documents/GIT/Guerle2/ros2_ws/install/message2/share/message2/cmake/message2__rosidl_typesupport_introspection_cppExport-noconfig.cmake
[0.886s] -- Up-to-date: /home/tbelier/Documents/GIT/Guerle2/ros2_ws/install/message2/share/message2/cmake/message2__rosidl_typesupport_cppExport.cmake
[0.886s] -- Up-to-date: /home/tbelier/Documents/GIT/Guerle2/ros2_ws/install/message2/share/message2/cmake/message2__rosidl_typesupport_cppExport-noconfig.cmake
[0.886s] -- Up-to-date: /home/tbelier/Documents/GIT/Guerle2/ros2_ws/install/message2/share/message2/cmake/export_message2__rosidl_generator_pyExport.cmake
[0.886s] -- Up-to-date: /home/tbelier/Documents/GIT/Guerle2/ros2_ws/install/message2/share/message2/cmake/export_message2__rosidl_generator_pyExport-noconfig.cmake
[0.886s] -- Up-to-date: /home/tbelier/Documents/GIT/Guerle2/ros2_ws/install/message2/share/message2/cmake/rosidl_cmake-extras.cmake
[0.887s] -- Up-to-date: /home/tbelier/Documents/GIT/Guerle2/ros2_ws/install/message2/share/message2/cmake/ament_cmake_export_dependencies-extras.cmake
[0.887s] -- Up-to-date: /home/tbelier/Documents/GIT/Guerle2/ros2_ws/install/message2/share/message2/cmake/ament_cmake_export_include_directories-extras.cmake
[0.887s] -- Up-to-date: /home/tbelier/Documents/GIT/Guerle2/ros2_ws/install/message2/share/message2/cmake/ament_cmake_export_libraries-extras.cmake
[0.887s] -- Up-to-date: /home/tbelier/Documents/GIT/Guerle2/ros2_ws/install/message2/share/message2/cmake/ament_cmake_export_targets-extras.cmake
[0.887s] -- Up-to-date: /home/tbelier/Documents/GIT/Guerle2/ros2_ws/install/message2/share/message2/cmake/rosidl_cmake_export_typesupport_targets-extras.cmake
[0.887s] -- Up-to-date: /home/tbelier/Documents/GIT/Guerle2/ros2_ws/install/message2/share/message2/cmake/rosidl_cmake_export_typesupport_libraries-extras.cmake
[0.887s] -- Up-to-date: /home/tbelier/Documents/GIT/Guerle2/ros2_ws/install/message2/share/message2/cmake/message2Config.cmake
[0.887s] -- Up-to-date: /home/tbelier/Documents/GIT/Guerle2/ros2_ws/install/message2/share/message2/cmake/message2Config-version.cmake
[0.887s] -- Up-to-date: /home/tbelier/Documents/GIT/Guerle2/ros2_ws/install/message2/share/message2/package.xml
[0.889s] Invoked command in '/home/tbelier/Documents/GIT/Guerle2/ros2_ws/build/message2' returned '0': CMAKE_PREFIX_PATH=${CMAKE_PREFIX_PATH}:/home/tbelier/Documents/GIT/Guerle2/ros2_ws/install/sensors:/home/tbelier/Documents/GIT/Guerle2/ros2_ws/install/guidance:/home/tbelier/Documents/GIT/Guerle2/ros2_ws/install/control:/home/tbelier/Documents/GIT/Guerle2/ros2_ws/install/castor_pollux:/home/tbelier/Documents/GIT/Guerle2/ros2_ws/install/bluerov_vision:/home/tbelier/Documents/GIT/Guerle2/ros2_ws/install/bluerov_ros_camera:/opt/ros/humble /usr/bin/cmake --install /home/tbelier/Documents/GIT/Guerle2/ros2_ws/build/message2
