[0.808s] Invoking command in '/home/tbelier/Documents/GIT/Guerle2/ros2_ws/build/td2': CMAKE_PREFIX_PATH=${CMAKE_PREFIX_PATH}:/home/tbelier/Documents/GIT/Guerle2/ros2_ws/install/sensors:/home/tbelier/Documents/GIT/Guerle2/ros2_ws/install/guidance:/home/tbelier/Documents/GIT/Guerle2/ros2_ws/install/control:/home/tbelier/Documents/GIT/Guerle2/ros2_ws/install/castor_pollux:/home/tbelier/Documents/GIT/Guerle2/ros2_ws/install/bluerov_vision:/home/tbelier/Documents/GIT/Guerle2/ros2_ws/install/bluerov_ros_camera:/opt/ros/humble /usr/bin/cmake --build /home/tbelier/Documents/GIT/Guerle2/ros2_ws/build/td2 -- -j20 -l20
[0.843s] [ 33%] Built target boat_simulation_node
[0.846s] [100%] Built target boat_controller_node
[0.846s] [100%] Built target target_publisher_node
[0.856s] Invoked command in '/home/tbelier/Documents/GIT/Guerle2/ros2_ws/build/td2' returned '0': CMAKE_PREFIX_PATH=${CMAKE_PREFIX_PATH}:/home/tbelier/Documents/GIT/Guerle2/ros2_ws/install/sensors:/home/tbelier/Documents/GIT/Guerle2/ros2_ws/install/guidance:/home/tbelier/Documents/GIT/Guerle2/ros2_ws/install/control:/home/tbelier/Documents/GIT/Guerle2/ros2_ws/install/castor_pollux:/home/tbelier/Documents/GIT/Guerle2/ros2_ws/install/bluerov_vision:/home/tbelier/Documents/GIT/Guerle2/ros2_ws/install/bluerov_ros_camera:/opt/ros/humble /usr/bin/cmake --build /home/tbelier/Documents/GIT/Guerle2/ros2_ws/build/td2 -- -j20 -l20
[0.859s] Invoking command in '/home/tbelier/Documents/GIT/Guerle2/ros2_ws/build/td2': CMAKE_PREFIX_PATH=${CMAKE_PREFIX_PATH}:/home/tbelier/Documents/GIT/Guerle2/ros2_ws/install/sensors:/home/tbelier/Documents/GIT/Guerle2/ros2_ws/install/guidance:/home/tbelier/Documents/GIT/Guerle2/ros2_ws/install/control:/home/tbelier/Documents/GIT/Guerle2/ros2_ws/install/castor_pollux:/home/tbelier/Documents/GIT/Guerle2/ros2_ws/install/bluerov_vision:/home/tbelier/Documents/GIT/Guerle2/ros2_ws/install/bluerov_ros_camera:/opt/ros/humble /usr/bin/cmake --install /home/tbelier/Documents/GIT/Guerle2/ros2_ws/build/td2
[0.865s] -- Install configuration: ""
[0.865s] -- Up-to-date: /home/tbelier/Documents/GIT/Guerle2/ros2_ws/install/td2/lib/td2/boat_simulation_node
[0.865s] -- Up-to-date: /home/tbelier/Documents/GIT/Guerle2/ros2_ws/install/td2/lib/td2/boat_controller_node
[0.865s] -- Up-to-date: /home/tbelier/Documents/GIT/Guerle2/ros2_ws/install/td2/lib/td2/target_publisher_node
[0.865s] -- Up-to-date: /home/tbelier/Documents/GIT/Guerle2/ros2_ws/install/td2/share/td2//launch
[0.866s] -- Up-to-date: /home/tbelier/Documents/GIT/Guerle2/ros2_ws/install/td2/share/td2//launch/td2_launch.py
[0.866s] -- Up-to-date: /home/tbelier/Documents/GIT/Guerle2/ros2_ws/install/td2/share/td2//launch/Bluerov.launch.py
[0.866s] -- Up-to-date: /home/tbelier/Documents/GIT/Guerle2/ros2_ws/install/td2/share/td2/meshes
[0.866s] -- Up-to-date: /home/tbelier/Documents/GIT/Guerle2/ros2_ws/install/td2/share/td2/meshes/boat.dae
[0.866s] -- Up-to-date: /home/tbelier/Documents/GIT/Guerle2/ros2_ws/install/td2/share/td2/meshes/spaceship.blend
[0.866s] -- Up-to-date: /home/tbelier/Documents/GIT/Guerle2/ros2_ws/install/td2/share/td2/config
[0.866s] -- Up-to-date: /home/tbelier/Documents/GIT/Guerle2/ros2_ws/install/td2/share/td2/config/td2.yaml
[0.866s] -- Up-to-date: /home/tbelier/Documents/GIT/Guerle2/ros2_ws/install/td2/share/ament_index/resource_index/package_run_dependencies/td2
[0.866s] -- Up-to-date: /home/tbelier/Documents/GIT/Guerle2/ros2_ws/install/td2/share/ament_index/resource_index/parent_prefix_path/td2
[0.866s] -- Up-to-date: /home/tbelier/Documents/GIT/Guerle2/ros2_ws/install/td2/share/td2/environment/ament_prefix_path.sh
[0.867s] -- Up-to-date: /home/tbelier/Documents/GIT/Guerle2/ros2_ws/install/td2/share/td2/environment/ament_prefix_path.dsv
[0.867s] -- Up-to-date: /home/tbelier/Documents/GIT/Guerle2/ros2_ws/install/td2/share/td2/environment/path.sh
[0.867s] -- Up-to-date: /home/tbelier/Documents/GIT/Guerle2/ros2_ws/install/td2/share/td2/environment/path.dsv
[0.867s] -- Up-to-date: /home/tbelier/Documents/GIT/Guerle2/ros2_ws/install/td2/share/td2/local_setup.bash
[0.867s] -- Up-to-date: /home/tbelier/Documents/GIT/Guerle2/ros2_ws/install/td2/share/td2/local_setup.sh
[0.867s] -- Up-to-date: /home/tbelier/Documents/GIT/Guerle2/ros2_ws/install/td2/share/td2/local_setup.zsh
[0.867s] -- Up-to-date: /home/tbelier/Documents/GIT/Guerle2/ros2_ws/install/td2/share/td2/local_setup.dsv
[0.867s] -- Installing: /home/tbelier/Documents/GIT/Guerle2/ros2_ws/install/td2/share/td2/package.dsv
[0.867s] -- Up-to-date: /home/tbelier/Documents/GIT/Guerle2/ros2_ws/install/td2/share/ament_index/resource_index/packages/td2
[0.867s] -- Up-to-date: /home/tbelier/Documents/GIT/Guerle2/ros2_ws/install/td2/share/td2/cmake/td2Config.cmake
[0.867s] -- Up-to-date: /home/tbelier/Documents/GIT/Guerle2/ros2_ws/install/td2/share/td2/cmake/td2Config-version.cmake
[0.867s] -- Up-to-date: /home/tbelier/Documents/GIT/Guerle2/ros2_ws/install/td2/share/td2/package.xml
[0.868s] Invoked command in '/home/tbelier/Documents/GIT/Guerle2/ros2_ws/build/td2' returned '0': CMAKE_PREFIX_PATH=${CMAKE_PREFIX_PATH}:/home/tbelier/Documents/GIT/Guerle2/ros2_ws/install/sensors:/home/tbelier/Documents/GIT/Guerle2/ros2_ws/install/guidance:/home/tbelier/Documents/GIT/Guerle2/ros2_ws/install/control:/home/tbelier/Documents/GIT/Guerle2/ros2_ws/install/castor_pollux:/home/tbelier/Documents/GIT/Guerle2/ros2_ws/install/bluerov_vision:/home/tbelier/Documents/GIT/Guerle2/ros2_ws/install/bluerov_ros_camera:/opt/ros/humble /usr/bin/cmake --install /home/tbelier/Documents/GIT/Guerle2/ros2_ws/build/td2
