[0.005s] Invoking command in '/home/tbelier/Documents/GIT/Guerle2/ros2_ws/build/usbl_seatrac': CMAKE_PREFIX_PATH=/home/tbelier/Documents/GIT/Guerle2/ros2_ws/install/message2:/home/tbelier/Documents/GIT/Guerle2/ros2_ws/install/usbl_seatrac:/home/tbelier/Documents/GIT/Guerle2/ros2_ws/install/td2:/home/tbelier/Documents/GIT/Guerle2/ros2_ws/install/rviz_view:/home/tbelier/drivers/drivers_rtac_asio/:/home/tbelier/drivers/drivers_seatrac/:/home/tbelier/Documents/GIT/Guerle2/ros2_ws/install/sensors:/home/tbelier/Documents/GIT/Guerle2/ros2_ws/install/guidance:/home/tbelier/Documents/GIT/Guerle2/ros2_ws/install/control:/home/tbelier/Documents/GIT/Guerle2/ros2_ws/install/castor_pollux:/home/tbelier/Documents/GIT/Guerle2/ros2_ws/install/bluerov_vision:/home/tbelier/Documents/GIT/Guerle2/ros2_ws/install/bluerov_ros_camera:/opt/ros/humble /usr/bin/cmake --build /home/tbelier/Documents/GIT/Guerle2/ros2_ws/build/usbl_seatrac -- -j20 -l20
[0.042s] [ 33%] Built target usbl_pub_cpp_choice_beacon
[0.050s] [ 66%] Built target usbl_pub_cpp
[0.052s] [100%] Built target usbl_pub_cpp_multi
[0.062s] Invoked command in '/home/tbelier/Documents/GIT/Guerle2/ros2_ws/build/usbl_seatrac' returned '0': CMAKE_PREFIX_PATH=/home/tbelier/Documents/GIT/Guerle2/ros2_ws/install/message2:/home/tbelier/Documents/GIT/Guerle2/ros2_ws/install/usbl_seatrac:/home/tbelier/Documents/GIT/Guerle2/ros2_ws/install/td2:/home/tbelier/Documents/GIT/Guerle2/ros2_ws/install/rviz_view:/home/tbelier/drivers/drivers_rtac_asio/:/home/tbelier/drivers/drivers_seatrac/:/home/tbelier/Documents/GIT/Guerle2/ros2_ws/install/sensors:/home/tbelier/Documents/GIT/Guerle2/ros2_ws/install/guidance:/home/tbelier/Documents/GIT/Guerle2/ros2_ws/install/control:/home/tbelier/Documents/GIT/Guerle2/ros2_ws/install/castor_pollux:/home/tbelier/Documents/GIT/Guerle2/ros2_ws/install/bluerov_vision:/home/tbelier/Documents/GIT/Guerle2/ros2_ws/install/bluerov_ros_camera:/opt/ros/humble /usr/bin/cmake --build /home/tbelier/Documents/GIT/Guerle2/ros2_ws/build/usbl_seatrac -- -j20 -l20
[0.063s] Invoking command in '/home/tbelier/Documents/GIT/Guerle2/ros2_ws/build/usbl_seatrac': CMAKE_PREFIX_PATH=/home/tbelier/Documents/GIT/Guerle2/ros2_ws/install/message2:/home/tbelier/Documents/GIT/Guerle2/ros2_ws/install/usbl_seatrac:/home/tbelier/Documents/GIT/Guerle2/ros2_ws/install/td2:/home/tbelier/Documents/GIT/Guerle2/ros2_ws/install/rviz_view:/home/tbelier/drivers/drivers_rtac_asio/:/home/tbelier/drivers/drivers_seatrac/:/home/tbelier/Documents/GIT/Guerle2/ros2_ws/install/sensors:/home/tbelier/Documents/GIT/Guerle2/ros2_ws/install/guidance:/home/tbelier/Documents/GIT/Guerle2/ros2_ws/install/control:/home/tbelier/Documents/GIT/Guerle2/ros2_ws/install/castor_pollux:/home/tbelier/Documents/GIT/Guerle2/ros2_ws/install/bluerov_vision:/home/tbelier/Documents/GIT/Guerle2/ros2_ws/install/bluerov_ros_camera:/opt/ros/humble /usr/bin/cmake --install /home/tbelier/Documents/GIT/Guerle2/ros2_ws/build/usbl_seatrac
[0.068s] -- Install configuration: ""
[0.068s] -- Up-to-date: /home/tbelier/Documents/GIT/Guerle2/ros2_ws/install/usbl_seatrac/lib/usbl_seatrac/usbl_pub_cpp
[0.069s] -- Up-to-date: /home/tbelier/Documents/GIT/Guerle2/ros2_ws/install/usbl_seatrac/lib/usbl_seatrac/usbl_pub_cpp_choice_beacon
[0.069s] -- Up-to-date: /home/tbelier/Documents/GIT/Guerle2/ros2_ws/install/usbl_seatrac/lib/usbl_seatrac/usbl_pub_cpp_multi
[0.069s] -- Up-to-date: /home/tbelier/Documents/GIT/Guerle2/ros2_ws/install/usbl_seatrac/share/ament_index/resource_index/package_run_dependencies/usbl_seatrac
[0.069s] -- Up-to-date: /home/tbelier/Documents/GIT/Guerle2/ros2_ws/install/usbl_seatrac/share/ament_index/resource_index/parent_prefix_path/usbl_seatrac
[0.069s] -- Up-to-date: /home/tbelier/Documents/GIT/Guerle2/ros2_ws/install/usbl_seatrac/share/usbl_seatrac/environment/ament_prefix_path.sh
[0.069s] -- Up-to-date: /home/tbelier/Documents/GIT/Guerle2/ros2_ws/install/usbl_seatrac/share/usbl_seatrac/environment/ament_prefix_path.dsv
[0.069s] -- Up-to-date: /home/tbelier/Documents/GIT/Guerle2/ros2_ws/install/usbl_seatrac/share/usbl_seatrac/environment/path.sh
[0.069s] -- Up-to-date: /home/tbelier/Documents/GIT/Guerle2/ros2_ws/install/usbl_seatrac/share/usbl_seatrac/environment/path.dsv
[0.069s] -- Up-to-date: /home/tbelier/Documents/GIT/Guerle2/ros2_ws/install/usbl_seatrac/share/usbl_seatrac/local_setup.bash
[0.069s] -- Up-to-date: /home/tbelier/Documents/GIT/Guerle2/ros2_ws/install/usbl_seatrac/share/usbl_seatrac/local_setup.sh
[0.069s] -- Up-to-date: /home/tbelier/Documents/GIT/Guerle2/ros2_ws/install/usbl_seatrac/share/usbl_seatrac/local_setup.zsh
[0.069s] -- Up-to-date: /home/tbelier/Documents/GIT/Guerle2/ros2_ws/install/usbl_seatrac/share/usbl_seatrac/local_setup.dsv
[0.069s] -- Installing: /home/tbelier/Documents/GIT/Guerle2/ros2_ws/install/usbl_seatrac/share/usbl_seatrac/package.dsv
[0.069s] -- Up-to-date: /home/tbelier/Documents/GIT/Guerle2/ros2_ws/install/usbl_seatrac/share/ament_index/resource_index/packages/usbl_seatrac
[0.069s] -- Up-to-date: /home/tbelier/Documents/GIT/Guerle2/ros2_ws/install/usbl_seatrac/share/usbl_seatrac/cmake/usbl_seatracConfig.cmake
[0.069s] -- Up-to-date: /home/tbelier/Documents/GIT/Guerle2/ros2_ws/install/usbl_seatrac/share/usbl_seatrac/cmake/usbl_seatracConfig-version.cmake
[0.070s] -- Up-to-date: /home/tbelier/Documents/GIT/Guerle2/ros2_ws/install/usbl_seatrac/share/usbl_seatrac/package.xml
[0.071s] Invoked command in '/home/tbelier/Documents/GIT/Guerle2/ros2_ws/build/usbl_seatrac' returned '0': CMAKE_PREFIX_PATH=/home/tbelier/Documents/GIT/Guerle2/ros2_ws/install/message2:/home/tbelier/Documents/GIT/Guerle2/ros2_ws/install/usbl_seatrac:/home/tbelier/Documents/GIT/Guerle2/ros2_ws/install/td2:/home/tbelier/Documents/GIT/Guerle2/ros2_ws/install/rviz_view:/home/tbelier/drivers/drivers_rtac_asio/:/home/tbelier/drivers/drivers_seatrac/:/home/tbelier/Documents/GIT/Guerle2/ros2_ws/install/sensors:/home/tbelier/Documents/GIT/Guerle2/ros2_ws/install/guidance:/home/tbelier/Documents/GIT/Guerle2/ros2_ws/install/control:/home/tbelier/Documents/GIT/Guerle2/ros2_ws/install/castor_pollux:/home/tbelier/Documents/GIT/Guerle2/ros2_ws/install/bluerov_vision:/home/tbelier/Documents/GIT/Guerle2/ros2_ws/install/bluerov_ros_camera:/opt/ros/humble /usr/bin/cmake --install /home/tbelier/Documents/GIT/Guerle2/ros2_ws/build/usbl_seatrac
