[1.469s] Invoking command in '/home/tbelier/Documents/GIT/Guerle2/ros2_ws/src/bluerov_vision': PYTHONPATH=/home/tbelier/Documents/GIT/Guerle2/ros2_ws/build/bluerov_vision/prefix_override:/usr/lib/python3/dist-packages/colcon_core/task/python/colcon_distutils_commands:/home/tbelier/Documents/GIT/Guerle2/ros2_ws/install/bluerov_vision/lib/python3.10/site-packages:${PYTHONPATH} /usr/bin/python3 -W ignore:setup.py install is deprecated -W ignore:easy_install command is deprecated setup.py egg_info --egg-base ../../build/bluerov_vision build --build-base /home/tbelier/Documents/GIT/Guerle2/ros2_ws/build/bluerov_vision/build install --record /home/tbelier/Documents/GIT/Guerle2/ros2_ws/build/bluerov_vision/install.log --single-version-externally-managed install_data
[1.622s] running egg_info
[1.622s] writing ../../build/bluerov_vision/bluerov_vision.egg-info/PKG-INFO
[1.623s] writing dependency_links to ../../build/bluerov_vision/bluerov_vision.egg-info/dependency_links.txt
[1.623s] writing entry points to ../../build/bluerov_vision/bluerov_vision.egg-info/entry_points.txt
[1.623s] writing requirements to ../../build/bluerov_vision/bluerov_vision.egg-info/requires.txt
[1.624s] writing top-level names to ../../build/bluerov_vision/bluerov_vision.egg-info/top_level.txt
[1.624s] reading manifest file '../../build/bluerov_vision/bluerov_vision.egg-info/SOURCES.txt'
[1.625s] writing manifest file '../../build/bluerov_vision/bluerov_vision.egg-info/SOURCES.txt'
[1.625s] running build
[1.625s] running build_py
[1.625s] running install
[1.625s] running install_lib
[1.626s] running install_data
[1.626s] running install_egg_info
[1.627s] removing '/home/tbelier/Documents/GIT/Guerle2/ros2_ws/install/bluerov_vision/lib/python3.10/site-packages/bluerov_vision-0.0.1-py3.10.egg-info' (and everything under it)
[1.627s] Copying ../../build/bluerov_vision/bluerov_vision.egg-info to /home/tbelier/Documents/GIT/Guerle2/ros2_ws/install/bluerov_vision/lib/python3.10/site-packages/bluerov_vision-0.0.1-py3.10.egg-info
[1.628s] running install_scripts
[1.641s] Installing bluerov_visionNode script to /home/tbelier/Documents/GIT/Guerle2/ros2_ws/install/bluerov_vision/lib/bluerov_vision
[1.642s] writing list of installed files to '/home/tbelier/Documents/GIT/Guerle2/ros2_ws/build/bluerov_vision/install.log'
[1.657s] Invoked command in '/home/tbelier/Documents/GIT/Guerle2/ros2_ws/src/bluerov_vision' returned '0': PYTHONPATH=/home/tbelier/Documents/GIT/Guerle2/ros2_ws/build/bluerov_vision/prefix_override:/usr/lib/python3/dist-packages/colcon_core/task/python/colcon_distutils_commands:/home/tbelier/Documents/GIT/Guerle2/ros2_ws/install/bluerov_vision/lib/python3.10/site-packages:${PYTHONPATH} /usr/bin/python3 -W ignore:setup.py install is deprecated -W ignore:easy_install command is deprecated setup.py egg_info --egg-base ../../build/bluerov_vision build --build-base /home/tbelier/Documents/GIT/Guerle2/ros2_ws/build/bluerov_vision/build install --record /home/tbelier/Documents/GIT/Guerle2/ros2_ws/build/bluerov_vision/install.log --single-version-externally-managed install_data
