running egg_info
creating ../../build/sensors/sensors.egg-info
writing ../../build/sensors/sensors.egg-info/PKG-INFO
writing dependency_links to ../../build/sensors/sensors.egg-info/dependency_links.txt
writing entry points to ../../build/sensors/sensors.egg-info/entry_points.txt
writing requirements to ../../build/sensors/sensors.egg-info/requires.txt
writing top-level names to ../../build/sensors/sensors.egg-info/top_level.txt
writing manifest file '../../build/sensors/sensors.egg-info/SOURCES.txt'
reading manifest file '../../build/sensors/sensors.egg-info/SOURCES.txt'
writing manifest file '../../build/sensors/sensors.egg-info/SOURCES.txt'
running build
running build_py
creating /home/tbelier/Documents/GIT/Guerle2/ros2_ws/build/sensors/build
creating /home/tbelier/Documents/GIT/Guerle2/ros2_ws/build/sensors/build/lib
creating /home/tbelier/Documents/GIT/Guerle2/ros2_ws/build/sensors/build/lib/sensors
copying sensors/sensors_script.py -> /home/tbelier/Documents/GIT/Guerle2/ros2_ws/build/sensors/build/lib/sensors
copying sensors/__init__.py -> /home/tbelier/Documents/GIT/Guerle2/ros2_ws/build/sensors/build/lib/sensors
copying sensors/sensors_script_debug.py -> /home/tbelier/Documents/GIT/Guerle2/ros2_ws/build/sensors/build/lib/sensors
running install
running install_lib
creating /home/tbelier/Documents/GIT/Guerle2/ros2_ws/install/sensors/lib/python3.10/site-packages/sensors
copying /home/tbelier/Documents/GIT/Guerle2/ros2_ws/build/sensors/build/lib/sensors/sensors_script.py -> /home/tbelier/Documents/GIT/Guerle2/ros2_ws/install/sensors/lib/python3.10/site-packages/sensors
copying /home/tbelier/Documents/GIT/Guerle2/ros2_ws/build/sensors/build/lib/sensors/__init__.py -> /home/tbelier/Documents/GIT/Guerle2/ros2_ws/install/sensors/lib/python3.10/site-packages/sensors
copying /home/tbelier/Documents/GIT/Guerle2/ros2_ws/build/sensors/build/lib/sensors/sensors_script_debug.py -> /home/tbelier/Documents/GIT/Guerle2/ros2_ws/install/sensors/lib/python3.10/site-packages/sensors
byte-compiling /home/tbelier/Documents/GIT/Guerle2/ros2_ws/install/sensors/lib/python3.10/site-packages/sensors/sensors_script.py to sensors_script.cpython-310.pyc
byte-compiling /home/tbelier/Documents/GIT/Guerle2/ros2_ws/install/sensors/lib/python3.10/site-packages/sensors/__init__.py to __init__.cpython-310.pyc
byte-compiling /home/tbelier/Documents/GIT/Guerle2/ros2_ws/install/sensors/lib/python3.10/site-packages/sensors/sensors_script_debug.py to sensors_script_debug.cpython-310.pyc
running install_data
creating /home/tbelier/Documents/GIT/Guerle2/ros2_ws/install/sensors/share/ament_index
creating /home/tbelier/Documents/GIT/Guerle2/ros2_ws/install/sensors/share/ament_index/resource_index
creating /home/tbelier/Documents/GIT/Guerle2/ros2_ws/install/sensors/share/ament_index/resource_index/packages
copying resource/sensors -> /home/tbelier/Documents/GIT/Guerle2/ros2_ws/install/sensors/share/ament_index/resource_index/packages
copying package.xml -> /home/tbelier/Documents/GIT/Guerle2/ros2_ws/install/sensors/share/sensors
running install_egg_info
Copying ../../build/sensors/sensors.egg-info to /home/tbelier/Documents/GIT/Guerle2/ros2_ws/install/sensors/lib/python3.10/site-packages/sensors-0.0.0-py3.10.egg-info
running install_scripts
Installing sensors_node script to /home/tbelier/Documents/GIT/Guerle2/ros2_ws/install/sensors/lib/sensors
Installing sensors_node_debug script to /home/tbelier/Documents/GIT/Guerle2/ros2_ws/install/sensors/lib/sensors
writing list of installed files to '/home/tbelier/Documents/GIT/Guerle2/ros2_ws/build/sensors/install.log'
