[1.190s] Invoking command in '/home/tbelier/Documents/GIT/Guerle2/ros2_ws/src/sensors': PYTHONPATH=/home/tbelier/Documents/GIT/Guerle2/ros2_ws/build/sensors/prefix_override:/usr/lib/python3/dist-packages/colcon_core/task/python/colcon_distutils_commands:/home/tbelier/Documents/GIT/Guerle2/ros2_ws/install/sensors/lib/python3.10/site-packages:${PYTHONPATH} /usr/bin/python3 -W ignore:setup.py install is deprecated -W ignore:easy_install command is deprecated setup.py egg_info --egg-base ../../build/sensors build --build-base /home/tbelier/Documents/GIT/Guerle2/ros2_ws/build/sensors/build install --record /home/tbelier/Documents/GIT/Guerle2/ros2_ws/build/sensors/install.log --single-version-externally-managed install_data
[1.336s] running egg_info
[1.336s] creating ../../build/sensors/sensors.egg-info
[1.337s] writing ../../build/sensors/sensors.egg-info/PKG-INFO
[1.337s] writing dependency_links to ../../build/sensors/sensors.egg-info/dependency_links.txt
[1.337s] writing entry points to ../../build/sensors/sensors.egg-info/entry_points.txt
[1.337s] writing requirements to ../../build/sensors/sensors.egg-info/requires.txt
[1.337s] writing top-level names to ../../build/sensors/sensors.egg-info/top_level.txt
[1.337s] writing manifest file '../../build/sensors/sensors.egg-info/SOURCES.txt'
[1.338s] reading manifest file '../../build/sensors/sensors.egg-info/SOURCES.txt'
[1.340s] writing manifest file '../../build/sensors/sensors.egg-info/SOURCES.txt'
[1.340s] running build
[1.341s] running build_py
[1.341s] creating /home/tbelier/Documents/GIT/Guerle2/ros2_ws/build/sensors/build
[1.341s] creating /home/tbelier/Documents/GIT/Guerle2/ros2_ws/build/sensors/build/lib
[1.341s] creating /home/tbelier/Documents/GIT/Guerle2/ros2_ws/build/sensors/build/lib/sensors
[1.341s] copying sensors/sensors_script.py -> /home/tbelier/Documents/GIT/Guerle2/ros2_ws/build/sensors/build/lib/sensors
[1.341s] copying sensors/__init__.py -> /home/tbelier/Documents/GIT/Guerle2/ros2_ws/build/sensors/build/lib/sensors
[1.341s] copying sensors/sensors_script_debug.py -> /home/tbelier/Documents/GIT/Guerle2/ros2_ws/build/sensors/build/lib/sensors
[1.342s] running install
[1.342s] running install_lib
[1.345s] creating /home/tbelier/Documents/GIT/Guerle2/ros2_ws/install/sensors/lib/python3.10/site-packages/sensors
[1.345s] copying /home/tbelier/Documents/GIT/Guerle2/ros2_ws/build/sensors/build/lib/sensors/sensors_script.py -> /home/tbelier/Documents/GIT/Guerle2/ros2_ws/install/sensors/lib/python3.10/site-packages/sensors
[1.345s] copying /home/tbelier/Documents/GIT/Guerle2/ros2_ws/build/sensors/build/lib/sensors/__init__.py -> /home/tbelier/Documents/GIT/Guerle2/ros2_ws/install/sensors/lib/python3.10/site-packages/sensors
[1.345s] copying /home/tbelier/Documents/GIT/Guerle2/ros2_ws/build/sensors/build/lib/sensors/sensors_script_debug.py -> /home/tbelier/Documents/GIT/Guerle2/ros2_ws/install/sensors/lib/python3.10/site-packages/sensors
[1.345s] byte-compiling /home/tbelier/Documents/GIT/Guerle2/ros2_ws/install/sensors/lib/python3.10/site-packages/sensors/sensors_script.py to sensors_script.cpython-310.pyc
[1.347s] byte-compiling /home/tbelier/Documents/GIT/Guerle2/ros2_ws/install/sensors/lib/python3.10/site-packages/sensors/__init__.py to __init__.cpython-310.pyc
[1.347s] byte-compiling /home/tbelier/Documents/GIT/Guerle2/ros2_ws/install/sensors/lib/python3.10/site-packages/sensors/sensors_script_debug.py to sensors_script_debug.cpython-310.pyc
[1.347s] running install_data
[1.347s] creating /home/tbelier/Documents/GIT/Guerle2/ros2_ws/install/sensors/share/ament_index
[1.347s] creating /home/tbelier/Documents/GIT/Guerle2/ros2_ws/install/sensors/share/ament_index/resource_index
[1.347s] creating /home/tbelier/Documents/GIT/Guerle2/ros2_ws/install/sensors/share/ament_index/resource_index/packages
[1.347s] copying resource/sensors -> /home/tbelier/Documents/GIT/Guerle2/ros2_ws/install/sensors/share/ament_index/resource_index/packages
[1.347s] copying package.xml -> /home/tbelier/Documents/GIT/Guerle2/ros2_ws/install/sensors/share/sensors
[1.347s] running install_egg_info
[1.347s] Copying ../../build/sensors/sensors.egg-info to /home/tbelier/Documents/GIT/Guerle2/ros2_ws/install/sensors/lib/python3.10/site-packages/sensors-0.0.0-py3.10.egg-info
[1.349s] running install_scripts
[1.366s] Installing sensors_node script to /home/tbelier/Documents/GIT/Guerle2/ros2_ws/install/sensors/lib/sensors
[1.366s] Installing sensors_node_debug script to /home/tbelier/Documents/GIT/Guerle2/ros2_ws/install/sensors/lib/sensors
[1.366s] writing list of installed files to '/home/tbelier/Documents/GIT/Guerle2/ros2_ws/build/sensors/install.log'
[1.419s] Invoked command in '/home/tbelier/Documents/GIT/Guerle2/ros2_ws/src/sensors' returned '0': PYTHONPATH=/home/tbelier/Documents/GIT/Guerle2/ros2_ws/build/sensors/prefix_override:/usr/lib/python3/dist-packages/colcon_core/task/python/colcon_distutils_commands:/home/tbelier/Documents/GIT/Guerle2/ros2_ws/install/sensors/lib/python3.10/site-packages:${PYTHONPATH} /usr/bin/python3 -W ignore:setup.py install is deprecated -W ignore:easy_install command is deprecated setup.py egg_info --egg-base ../../build/sensors build --build-base /home/tbelier/Documents/GIT/Guerle2/ros2_ws/build/sensors/build install --record /home/tbelier/Documents/GIT/Guerle2/ros2_ws/build/sensors/install.log --single-version-externally-managed install_data
