[1.063s] Invoking command in '/home/tbelier/Documents/GIT/Guerle2/ros2_ws/src/castor_pollux': PYTHONPATH=/home/tbelier/Documents/GIT/Guerle2/ros2_ws/build/castor_pollux/prefix_override:/usr/lib/python3/dist-packages/colcon_core/task/python/colcon_distutils_commands:/home/tbelier/Documents/GIT/Guerle2/ros2_ws/install/castor_pollux/lib/python3.10/site-packages:${PYTHONPATH} /usr/bin/python3 -W ignore:setup.py install is deprecated -W ignore:easy_install command is deprecated setup.py egg_info --egg-base ../../build/castor_pollux build --build-base /home/tbelier/Documents/GIT/Guerle2/ros2_ws/build/castor_pollux/build install --record /home/tbelier/Documents/GIT/Guerle2/ros2_ws/build/castor_pollux/install.log --single-version-externally-managed install_data
[1.206s] running egg_info
[1.206s] writing ../../build/castor_pollux/castor_pollux.egg-info/PKG-INFO
[1.206s] writing dependency_links to ../../build/castor_pollux/castor_pollux.egg-info/dependency_links.txt
[1.206s] writing entry points to ../../build/castor_pollux/castor_pollux.egg-info/entry_points.txt
[1.206s] writing requirements to ../../build/castor_pollux/castor_pollux.egg-info/requires.txt
[1.206s] writing top-level names to ../../build/castor_pollux/castor_pollux.egg-info/top_level.txt
[1.208s] reading manifest file '../../build/castor_pollux/castor_pollux.egg-info/SOURCES.txt'
[1.212s] writing manifest file '../../build/castor_pollux/castor_pollux.egg-info/SOURCES.txt'
[1.212s] running build
[1.212s] running build_py
[1.212s] running install
[1.212s] running install_lib
[1.213s] running install_data
[1.213s] running install_egg_info
[1.214s] removing '/home/tbelier/Documents/GIT/Guerle2/ros2_ws/install/castor_pollux/lib/python3.10/site-packages/castor_pollux-0.0.0-py3.10.egg-info' (and everything under it)
[1.215s] Copying ../../build/castor_pollux/castor_pollux.egg-info to /home/tbelier/Documents/GIT/Guerle2/ros2_ws/install/castor_pollux/lib/python3.10/site-packages/castor_pollux-0.0.0-py3.10.egg-info
[1.216s] running install_scripts
[1.230s] writing list of installed files to '/home/tbelier/Documents/GIT/Guerle2/ros2_ws/build/castor_pollux/install.log'
[1.245s] Invoked command in '/home/tbelier/Documents/GIT/Guerle2/ros2_ws/src/castor_pollux' returned '0': PYTHONPATH=/home/tbelier/Documents/GIT/Guerle2/ros2_ws/build/castor_pollux/prefix_override:/usr/lib/python3/dist-packages/colcon_core/task/python/colcon_distutils_commands:/home/tbelier/Documents/GIT/Guerle2/ros2_ws/install/castor_pollux/lib/python3.10/site-packages:${PYTHONPATH} /usr/bin/python3 -W ignore:setup.py install is deprecated -W ignore:easy_install command is deprecated setup.py egg_info --egg-base ../../build/castor_pollux build --build-base /home/tbelier/Documents/GIT/Guerle2/ros2_ws/build/castor_pollux/build install --record /home/tbelier/Documents/GIT/Guerle2/ros2_ws/build/castor_pollux/install.log --single-version-externally-managed install_data
