[1.419s] Invoking command in '/home/tbelier/Documents/GIT/Guerle2/ros2_ws/src/control': PYTHONPATH=/home/tbelier/Documents/GIT/Guerle2/ros2_ws/build/control/prefix_override:/usr/lib/python3/dist-packages/colcon_core/task/python/colcon_distutils_commands:/home/tbelier/Documents/GIT/Guerle2/ros2_ws/install/control/lib/python3.10/site-packages:${PYTHONPATH} /usr/bin/python3 -W ignore:setup.py install is deprecated -W ignore:easy_install command is deprecated setup.py egg_info --egg-base ../../build/control build --build-base /home/tbelier/Documents/GIT/Guerle2/ros2_ws/build/control/build install --record /home/tbelier/Documents/GIT/Guerle2/ros2_ws/build/control/install.log --single-version-externally-managed install_data
[1.716s] running egg_info
[1.717s] creating ../../build/control/control.egg-info
[1.717s] writing ../../build/control/control.egg-info/PKG-INFO
[1.717s] writing dependency_links to ../../build/control/control.egg-info/dependency_links.txt
[1.717s] writing entry points to ../../build/control/control.egg-info/entry_points.txt
[1.718s] writing requirements to ../../build/control/control.egg-info/requires.txt
[1.718s] writing top-level names to ../../build/control/control.egg-info/top_level.txt
[1.718s] writing manifest file '../../build/control/control.egg-info/SOURCES.txt'
[1.720s] reading manifest file '../../build/control/control.egg-info/SOURCES.txt'
[1.723s] writing manifest file '../../build/control/control.egg-info/SOURCES.txt'
[1.723s] running build
[1.723s] running build_py
[1.723s] creating /home/tbelier/Documents/GIT/Guerle2/ros2_ws/build/control/build
[1.723s] creating /home/tbelier/Documents/GIT/Guerle2/ros2_ws/build/control/build/lib
[1.723s] creating /home/tbelier/Documents/GIT/Guerle2/ros2_ws/build/control/build/lib/control
[1.723s] copying control/control_script.py -> /home/tbelier/Documents/GIT/Guerle2/ros2_ws/build/control/build/lib/control
[1.724s] copying control/old_control_script.py -> /home/tbelier/Documents/GIT/Guerle2/ros2_ws/build/control/build/lib/control
[1.724s] copying control/__init__.py -> /home/tbelier/Documents/GIT/Guerle2/ros2_ws/build/control/build/lib/control
[1.724s] running install
[1.724s] running install_lib
[1.725s] creating /home/tbelier/Documents/GIT/Guerle2/ros2_ws/install/control/lib/python3.10/site-packages/control
[1.725s] copying /home/tbelier/Documents/GIT/Guerle2/ros2_ws/build/control/build/lib/control/control_script.py -> /home/tbelier/Documents/GIT/Guerle2/ros2_ws/install/control/lib/python3.10/site-packages/control
[1.726s] copying /home/tbelier/Documents/GIT/Guerle2/ros2_ws/build/control/build/lib/control/old_control_script.py -> /home/tbelier/Documents/GIT/Guerle2/ros2_ws/install/control/lib/python3.10/site-packages/control
[1.726s] copying /home/tbelier/Documents/GIT/Guerle2/ros2_ws/build/control/build/lib/control/__init__.py -> /home/tbelier/Documents/GIT/Guerle2/ros2_ws/install/control/lib/python3.10/site-packages/control
[1.726s] byte-compiling /home/tbelier/Documents/GIT/Guerle2/ros2_ws/install/control/lib/python3.10/site-packages/control/control_script.py to control_script.cpython-310.pyc
[1.729s] byte-compiling /home/tbelier/Documents/GIT/Guerle2/ros2_ws/install/control/lib/python3.10/site-packages/control/old_control_script.py to old_control_script.cpython-310.pyc
[1.731s] byte-compiling /home/tbelier/Documents/GIT/Guerle2/ros2_ws/install/control/lib/python3.10/site-packages/control/__init__.py to __init__.cpython-310.pyc
[1.731s] running install_data
[1.731s] creating /home/tbelier/Documents/GIT/Guerle2/ros2_ws/install/control/share/ament_index
[1.731s] creating /home/tbelier/Documents/GIT/Guerle2/ros2_ws/install/control/share/ament_index/resource_index
[1.731s] creating /home/tbelier/Documents/GIT/Guerle2/ros2_ws/install/control/share/ament_index/resource_index/packages
[1.731s] copying resource/control -> /home/tbelier/Documents/GIT/Guerle2/ros2_ws/install/control/share/ament_index/resource_index/packages
[1.731s] copying package.xml -> /home/tbelier/Documents/GIT/Guerle2/ros2_ws/install/control/share/control
[1.731s] copying launch/control_launch.py -> /home/tbelier/Documents/GIT/Guerle2/ros2_ws/install/control/share/control
[1.732s] creating /home/tbelier/Documents/GIT/Guerle2/ros2_ws/install/control/share/control/config
[1.732s] running install_egg_info
[1.734s] Copying ../../build/control/control.egg-info to /home/tbelier/Documents/GIT/Guerle2/ros2_ws/install/control/lib/python3.10/site-packages/control-0.0.0-py3.10.egg-info
[1.736s] running install_scripts
[1.761s] Installing control script to /home/tbelier/Documents/GIT/Guerle2/ros2_ws/install/control/lib/control
[1.761s] writing list of installed files to '/home/tbelier/Documents/GIT/Guerle2/ros2_ws/build/control/install.log'
[1.791s] Invoked command in '/home/tbelier/Documents/GIT/Guerle2/ros2_ws/src/control' returned '0': PYTHONPATH=/home/tbelier/Documents/GIT/Guerle2/ros2_ws/build/control/prefix_override:/usr/lib/python3/dist-packages/colcon_core/task/python/colcon_distutils_commands:/home/tbelier/Documents/GIT/Guerle2/ros2_ws/install/control/lib/python3.10/site-packages:${PYTHONPATH} /usr/bin/python3 -W ignore:setup.py install is deprecated -W ignore:easy_install command is deprecated setup.py egg_info --egg-base ../../build/control build --build-base /home/tbelier/Documents/GIT/Guerle2/ros2_ws/build/control/build install --record /home/tbelier/Documents/GIT/Guerle2/ros2_ws/build/control/install.log --single-version-externally-managed install_data
