[0.030s] Invoking command in '/home/tbelier/Documents/GIT/Guerle2/ros2_ws/build/message2': CMAKE_PREFIX_PATH=${CMAKE_PREFIX_PATH}:/home/tbelier/Documents/GIT/Guerle2/ros2_ws/install/sensors:/home/tbelier/Documents/GIT/Guerle2/ros2_ws/install/guidance:/home/tbelier/Documents/GIT/Guerle2/ros2_ws/install/control:/home/tbelier/Documents/GIT/Guerle2/ros2_ws/install/castor_pollux:/home/tbelier/Documents/GIT/Guerle2/ros2_ws/install/bluerov_vision:/home/tbelier/Documents/GIT/Guerle2/ros2_ws/install/bluerov_ros_camera:/opt/ros/humble /usr/bin/cmake --build /home/tbelier/Documents/GIT/Guerle2/ros2_ws/build/message2 -- -j20 -l20
[1.034s] [  3%] Built target message2__cpp
[1.035s] [ 12%] Built target message2__rosidl_generator_c
[1.035s] [ 12%] Built target ament_cmake_python_copy_message2
[1.036s] [ 29%] Built target message2__rosidl_typesupport_cpp
[1.036s] [ 32%] Built target message2__rosidl_typesupport_c
[1.036s] [ 41%] Built target message2__rosidl_typesupport_fastrtps_cpp
[1.036s] [ 51%] Built target message2__rosidl_typesupport_introspection_c
[1.037s] [ 61%] Built target message2__rosidl_typesupport_fastrtps_c
[1.037s] [ 70%] Built target message2__rosidl_typesupport_introspection_cpp
[1.037s] [ 70%] Built target message2
[1.038s] [ 74%] Built target message2__py
[1.039s] [ 80%] Built target message2__rosidl_generator_py
[1.039s] [ 87%] Built target message2__rosidl_typesupport_introspection_c__pyext
[1.040s] [100%] Built target message2__rosidl_typesupport_fastrtps_c__pyext
[1.042s] [100%] Built target message2__rosidl_typesupport_c__pyext
[1.042s] running egg_info
[1.042s] writing message2.egg-info/PKG-INFO
[1.042s] writing dependency_links to message2.egg-info/dependency_links.txt
[1.042s] writing top-level names to message2.egg-info/top_level.txt
[1.042s] reading manifest file 'message2.egg-info/SOURCES.txt'
[1.042s] writing manifest file 'message2.egg-info/SOURCES.txt'
[1.042s] [100%] Built target ament_cmake_python_build_message2_egg
[1.044s] Invoked command in '/home/tbelier/Documents/GIT/Guerle2/ros2_ws/build/message2' returned '0': CMAKE_PREFIX_PATH=${CMAKE_PREFIX_PATH}:/home/tbelier/Documents/GIT/Guerle2/ros2_ws/install/sensors:/home/tbelier/Documents/GIT/Guerle2/ros2_ws/install/guidance:/home/tbelier/Documents/GIT/Guerle2/ros2_ws/install/control:/home/tbelier/Documents/GIT/Guerle2/ros2_ws/install/castor_pollux:/home/tbelier/Documents/GIT/Guerle2/ros2_ws/install/bluerov_vision:/home/tbelier/Documents/GIT/Guerle2/ros2_ws/install/bluerov_ros_camera:/opt/ros/humble /usr/bin/cmake --build /home/tbelier/Documents/GIT/Guerle2/ros2_ws/build/message2 -- -j20 -l20
[1.050s] Invoking command in '/home/tbelier/Documents/GIT/Guerle2/ros2_ws/build/message2': CMAKE_PREFIX_PATH=${CMAKE_PREFIX_PATH}:/home/tbelier/Documents/GIT/Guerle2/ros2_ws/install/sensors:/home/tbelier/Documents/GIT/Guerle2/ros2_ws/install/guidance:/home/tbelier/Documents/GIT/Guerle2/ros2_ws/install/control:/home/tbelier/Documents/GIT/Guerle2/ros2_ws/install/castor_pollux:/home/tbelier/Documents/GIT/Guerle2/ros2_ws/install/bluerov_vision:/home/tbelier/Documents/GIT/Guerle2/ros2_ws/install/bluerov_ros_camera:/opt/ros/humble /usr/bin/cmake --install /home/tbelier/Documents/GIT/Guerle2/ros2_ws/build/message2
[1.060s] -- Install configuration: ""
[1.060s] -- Up-to-date: /home/tbelier/Documents/GIT/Guerle2/ros2_ws/install/message2/share/ament_index/resource_index/rosidl_interfaces/message2
[1.060s] -- Up-to-date: /home/tbelier/Documents/GIT/Guerle2/ros2_ws/install/message2/include/message2/message2
[1.060s] -- Up-to-date: /home/tbelier/Documents/GIT/Guerle2/ros2_ws/install/message2/include/message2/message2/msg
[1.060s] -- Up-to-date: /home/tbelier/Documents/GIT/Guerle2/ros2_ws/install/message2/include/message2/message2/msg/rosidl_generator_c__visibility_control.h
[1.060s] -- Up-to-date: /home/tbelier/Documents/GIT/Guerle2/ros2_ws/install/message2/include/message2/message2/msg/detail
[1.060s] -- Up-to-date: /home/tbelier/Documents/GIT/Guerle2/ros2_ws/install/message2/include/message2/message2/msg/detail/usbl__functions.h
[1.060s] -- Up-to-date: /home/tbelier/Documents/GIT/Guerle2/ros2_ws/install/message2/include/message2/message2/msg/detail/usbl__type_support.h
[1.060s] -- Up-to-date: /home/tbelier/Documents/GIT/Guerle2/ros2_ws/install/message2/include/message2/message2/msg/detail/usbl__struct.h
[1.060s] -- Up-to-date: /home/tbelier/Documents/GIT/Guerle2/ros2_ws/install/message2/include/message2/message2/msg/detail/usbl__functions.c
[1.060s] -- Up-to-date: /home/tbelier/Documents/GIT/Guerle2/ros2_ws/install/message2/include/message2/message2/msg/usbl.h
[1.060s] -- Up-to-date: /home/tbelier/Documents/GIT/Guerle2/ros2_ws/install/message2/share/message2/environment/library_path.sh
[1.060s] -- Up-to-date: /home/tbelier/Documents/GIT/Guerle2/ros2_ws/install/message2/share/message2/environment/library_path.dsv
[1.061s] -- Up-to-date: /home/tbelier/Documents/GIT/Guerle2/ros2_ws/install/message2/lib/libmessage2__rosidl_generator_c.so
[1.061s] -- Up-to-date: /home/tbelier/Documents/GIT/Guerle2/ros2_ws/install/message2/include/message2/message2
[1.061s] -- Up-to-date: /home/tbelier/Documents/GIT/Guerle2/ros2_ws/install/message2/include/message2/message2/msg
[1.061s] -- Up-to-date: /home/tbelier/Documents/GIT/Guerle2/ros2_ws/install/message2/include/message2/message2/msg/detail
[1.061s] -- Up-to-date: /home/tbelier/Documents/GIT/Guerle2/ros2_ws/install/message2/include/message2/message2/msg/detail/usbl__rosidl_typesupport_fastrtps_c.h
[1.061s] -- Up-to-date: /home/tbelier/Documents/GIT/Guerle2/ros2_ws/install/message2/include/message2/message2/msg/rosidl_typesupport_fastrtps_c__visibility_control.h
[1.061s] -- Up-to-date: /home/tbelier/Documents/GIT/Guerle2/ros2_ws/install/message2/lib/libmessage2__rosidl_typesupport_fastrtps_c.so
[1.061s] -- Up-to-date: /home/tbelier/Documents/GIT/Guerle2/ros2_ws/install/message2/include/message2/message2
[1.061s] -- Up-to-date: /home/tbelier/Documents/GIT/Guerle2/ros2_ws/install/message2/include/message2/message2/msg
[1.061s] -- Up-to-date: /home/tbelier/Documents/GIT/Guerle2/ros2_ws/install/message2/include/message2/message2/msg/detail
[1.062s] -- Up-to-date: /home/tbelier/Documents/GIT/Guerle2/ros2_ws/install/message2/include/message2/message2/msg/detail/usbl__traits.hpp
[1.062s] -- Up-to-date: /home/tbelier/Documents/GIT/Guerle2/ros2_ws/install/message2/include/message2/message2/msg/detail/usbl__type_support.hpp
[1.062s] -- Up-to-date: /home/tbelier/Documents/GIT/Guerle2/ros2_ws/install/message2/include/message2/message2/msg/detail/usbl__struct.hpp
[1.062s] -- Up-to-date: /home/tbelier/Documents/GIT/Guerle2/ros2_ws/install/message2/include/message2/message2/msg/detail/usbl__builder.hpp
[1.062s] -- Up-to-date: /home/tbelier/Documents/GIT/Guerle2/ros2_ws/install/message2/include/message2/message2/msg/rosidl_generator_cpp__visibility_control.hpp
[1.062s] -- Up-to-date: /home/tbelier/Documents/GIT/Guerle2/ros2_ws/install/message2/include/message2/message2/msg/usbl.hpp
[1.062s] -- Up-to-date: /home/tbelier/Documents/GIT/Guerle2/ros2_ws/install/message2/include/message2/message2
[1.062s] -- Up-to-date: /home/tbelier/Documents/GIT/Guerle2/ros2_ws/install/message2/include/message2/message2/msg
[1.062s] -- Up-to-date: /home/tbelier/Documents/GIT/Guerle2/ros2_ws/install/message2/include/message2/message2/msg/detail
[1.062s] -- Up-to-date: /home/tbelier/Documents/GIT/Guerle2/ros2_ws/install/message2/include/message2/message2/msg/detail/usbl__rosidl_typesupport_fastrtps_cpp.hpp
[1.062s] -- Up-to-date: /home/tbelier/Documents/GIT/Guerle2/ros2_ws/install/message2/include/message2/message2/msg/detail/dds_fastrtps
[1.062s] -- Up-to-date: /home/tbelier/Documents/GIT/Guerle2/ros2_ws/install/message2/include/message2/message2/msg/rosidl_typesupport_fastrtps_cpp__visibility_control.h
[1.062s] -- Up-to-date: /home/tbelier/Documents/GIT/Guerle2/ros2_ws/install/message2/lib/libmessage2__rosidl_typesupport_fastrtps_cpp.so
[1.062s] -- Up-to-date: /home/tbelier/Documents/GIT/Guerle2/ros2_ws/install/message2/include/message2/message2
[1.062s] -- Up-to-date: /home/tbelier/Documents/GIT/Guerle2/ros2_ws/install/message2/include/message2/message2/msg
[1.062s] -- Up-to-date: /home/tbelier/Documents/GIT/Guerle2/ros2_ws/install/message2/include/message2/message2/msg/detail
[1.062s] -- Up-to-date: /home/tbelier/Documents/GIT/Guerle2/ros2_ws/install/message2/include/message2/message2/msg/detail/usbl__type_support.c
[1.062s] -- Up-to-date: /home/tbelier/Documents/GIT/Guerle2/ros2_ws/install/message2/include/message2/message2/msg/detail/usbl__rosidl_typesupport_introspection_c.h
[1.062s] -- Up-to-date: /home/tbelier/Documents/GIT/Guerle2/ros2_ws/install/message2/include/message2/message2/msg/rosidl_typesupport_introspection_c__visibility_control.h
[1.062s] -- Up-to-date: /home/tbelier/Documents/GIT/Guerle2/ros2_ws/install/message2/lib/libmessage2__rosidl_typesupport_introspection_c.so
[1.062s] -- Up-to-date: /home/tbelier/Documents/GIT/Guerle2/ros2_ws/install/message2/lib/libmessage2__rosidl_typesupport_c.so
[1.062s] -- Up-to-date: /home/tbelier/Documents/GIT/Guerle2/ros2_ws/install/message2/include/message2/message2
[1.062s] -- Up-to-date: /home/tbelier/Documents/GIT/Guerle2/ros2_ws/install/message2/include/message2/message2/msg
[1.062s] -- Up-to-date: /home/tbelier/Documents/GIT/Guerle2/ros2_ws/install/message2/include/message2/message2/msg/detail
[1.063s] -- Up-to-date: /home/tbelier/Documents/GIT/Guerle2/ros2_ws/install/message2/include/message2/message2/msg/detail/usbl__rosidl_typesupport_introspection_cpp.hpp
[1.063s] -- Up-to-date: /home/tbelier/Documents/GIT/Guerle2/ros2_ws/install/message2/include/message2/message2/msg/detail/usbl__type_support.cpp
[1.063s] -- Up-to-date: /home/tbelier/Documents/GIT/Guerle2/ros2_ws/install/message2/lib/libmessage2__rosidl_typesupport_introspection_cpp.so
[1.063s] -- Up-to-date: /home/tbelier/Documents/GIT/Guerle2/ros2_ws/install/message2/lib/libmessage2__rosidl_typesupport_cpp.so
[1.063s] -- Up-to-date: /home/tbelier/Documents/GIT/Guerle2/ros2_ws/install/message2/share/message2/environment/pythonpath.sh
[1.063s] -- Up-to-date: /home/tbelier/Documents/GIT/Guerle2/ros2_ws/install/message2/share/message2/environment/pythonpath.dsv
[1.063s] -- Up-to-date: /home/tbelier/Documents/GIT/Guerle2/ros2_ws/install/message2/local/lib/python3.10/dist-packages/message2-0.0.0-py3.10.egg-info
[1.063s] -- Installing: /home/tbelier/Documents/GIT/Guerle2/ros2_ws/install/message2/local/lib/python3.10/dist-packages/message2-0.0.0-py3.10.egg-info/PKG-INFO
[1.063s] -- Installing: /home/tbelier/Documents/GIT/Guerle2/ros2_ws/install/message2/local/lib/python3.10/dist-packages/message2-0.0.0-py3.10.egg-info/top_level.txt
[1.063s] -- Installing: /home/tbelier/Documents/GIT/Guerle2/ros2_ws/install/message2/local/lib/python3.10/dist-packages/message2-0.0.0-py3.10.egg-info/SOURCES.txt
[1.063s] -- Installing: /home/tbelier/Documents/GIT/Guerle2/ros2_ws/install/message2/local/lib/python3.10/dist-packages/message2-0.0.0-py3.10.egg-info/dependency_links.txt
[1.063s] -- Up-to-date: /home/tbelier/Documents/GIT/Guerle2/ros2_ws/install/message2/local/lib/python3.10/dist-packages/message2
[1.063s] -- Up-to-date: /home/tbelier/Documents/GIT/Guerle2/ros2_ws/install/message2/local/lib/python3.10/dist-packages/message2/_message2_s.ep.rosidl_typesupport_introspection_c.c
[1.063s] -- Up-to-date: /home/tbelier/Documents/GIT/Guerle2/ros2_ws/install/message2/local/lib/python3.10/dist-packages/message2/_message2_s.ep.rosidl_typesupport_fastrtps_c.c
[1.063s] -- Up-to-date: /home/tbelier/Documents/GIT/Guerle2/ros2_ws/install/message2/local/lib/python3.10/dist-packages/message2/_message2_s.ep.rosidl_typesupport_c.c
[1.063s] -- Up-to-date: /home/tbelier/Documents/GIT/Guerle2/ros2_ws/install/message2/local/lib/python3.10/dist-packages/message2/message2_s__rosidl_typesupport_introspection_c.cpython-310-x86_64-linux-gnu.so
[1.063s] -- Up-to-date: /home/tbelier/Documents/GIT/Guerle2/ros2_ws/install/message2/local/lib/python3.10/dist-packages/message2/libmessage2__rosidl_generator_py.so
[1.063s] -- Up-to-date: /home/tbelier/Documents/GIT/Guerle2/ros2_ws/install/message2/local/lib/python3.10/dist-packages/message2/msg
[1.063s] -- Up-to-date: /home/tbelier/Documents/GIT/Guerle2/ros2_ws/install/message2/local/lib/python3.10/dist-packages/message2/msg/_usbl.py
[1.063s] -- Up-to-date: /home/tbelier/Documents/GIT/Guerle2/ros2_ws/install/message2/local/lib/python3.10/dist-packages/message2/msg/_usbl_s.c
[1.063s] -- Up-to-date: /home/tbelier/Documents/GIT/Guerle2/ros2_ws/install/message2/local/lib/python3.10/dist-packages/message2/msg/__init__.py
[1.063s] -- Up-to-date: /home/tbelier/Documents/GIT/Guerle2/ros2_ws/install/message2/local/lib/python3.10/dist-packages/message2/message2_s__rosidl_typesupport_fastrtps_c.cpython-310-x86_64-linux-gnu.so
[1.063s] -- Up-to-date: /home/tbelier/Documents/GIT/Guerle2/ros2_ws/install/message2/local/lib/python3.10/dist-packages/message2/message2_s__rosidl_typesupport_c.cpython-310-x86_64-linux-gnu.so
[1.063s] -- Up-to-date: /home/tbelier/Documents/GIT/Guerle2/ros2_ws/install/message2/local/lib/python3.10/dist-packages/message2/__init__.py
[1.103s] Listing '/home/tbelier/Documents/GIT/Guerle2/ros2_ws/install/message2/local/lib/python3.10/dist-packages/message2'...
[1.103s] Listing '/home/tbelier/Documents/GIT/Guerle2/ros2_ws/install/message2/local/lib/python3.10/dist-packages/message2/msg'...
[1.109s] -- Up-to-date: /home/tbelier/Documents/GIT/Guerle2/ros2_ws/install/message2/local/lib/python3.10/dist-packages/message2/message2_s__rosidl_typesupport_fastrtps_c.cpython-310-x86_64-linux-gnu.so
[1.109s] -- Up-to-date: /home/tbelier/Documents/GIT/Guerle2/ros2_ws/install/message2/local/lib/python3.10/dist-packages/message2/message2_s__rosidl_typesupport_introspection_c.cpython-310-x86_64-linux-gnu.so
[1.110s] -- Up-to-date: /home/tbelier/Documents/GIT/Guerle2/ros2_ws/install/message2/local/lib/python3.10/dist-packages/message2/message2_s__rosidl_typesupport_c.cpython-310-x86_64-linux-gnu.so
[1.110s] -- Up-to-date: /home/tbelier/Documents/GIT/Guerle2/ros2_ws/install/message2/lib/libmessage2__rosidl_generator_py.so
[1.110s] -- Up-to-date: /home/tbelier/Documents/GIT/Guerle2/ros2_ws/install/message2/share/message2/msg/Usbl.idl
[1.110s] -- Up-to-date: /home/tbelier/Documents/GIT/Guerle2/ros2_ws/install/message2/share/message2/msg/Usbl.msg
[1.111s] -- Up-to-date: /home/tbelier/Documents/GIT/Guerle2/ros2_ws/install/message2/share/ament_index/resource_index/package_run_dependencies/message2
[1.111s] -- Up-to-date: /home/tbelier/Documents/GIT/Guerle2/ros2_ws/install/message2/share/ament_index/resource_index/parent_prefix_path/message2
[1.111s] -- Up-to-date: /home/tbelier/Documents/GIT/Guerle2/ros2_ws/install/message2/share/message2/environment/ament_prefix_path.sh
[1.111s] -- Up-to-date: /home/tbelier/Documents/GIT/Guerle2/ros2_ws/install/message2/share/message2/environment/ament_prefix_path.dsv
[1.111s] -- Up-to-date: /home/tbelier/Documents/GIT/Guerle2/ros2_ws/install/message2/share/message2/environment/path.sh
[1.111s] -- Up-to-date: /home/tbelier/Documents/GIT/Guerle2/ros2_ws/install/message2/share/message2/environment/path.dsv
[1.111s] -- Up-to-date: /home/tbelier/Documents/GIT/Guerle2/ros2_ws/install/message2/share/message2/local_setup.bash
[1.112s] -- Up-to-date: /home/tbelier/Documents/GIT/Guerle2/ros2_ws/install/message2/share/message2/local_setup.sh
[1.112s] -- Up-to-date: /home/tbelier/Documents/GIT/Guerle2/ros2_ws/install/message2/share/message2/local_setup.zsh
[1.112s] -- Up-to-date: /home/tbelier/Documents/GIT/Guerle2/ros2_ws/install/message2/share/message2/local_setup.dsv
[1.112s] -- Installing: /home/tbelier/Documents/GIT/Guerle2/ros2_ws/install/message2/share/message2/package.dsv
[1.112s] -- Up-to-date: /home/tbelier/Documents/GIT/Guerle2/ros2_ws/install/message2/share/ament_index/resource_index/packages/message2
[1.112s] -- Up-to-date: /home/tbelier/Documents/GIT/Guerle2/ros2_ws/install/message2/share/message2/cmake/export_message2__rosidl_generator_cExport.cmake
[1.112s] -- Up-to-date: /home/tbelier/Documents/GIT/Guerle2/ros2_ws/install/message2/share/message2/cmake/export_message2__rosidl_generator_cExport-noconfig.cmake
[1.112s] -- Up-to-date: /home/tbelier/Documents/GIT/Guerle2/ros2_ws/install/message2/share/message2/cmake/export_message2__rosidl_typesupport_fastrtps_cExport.cmake
[1.112s] -- Up-to-date: /home/tbelier/Documents/GIT/Guerle2/ros2_ws/install/message2/share/message2/cmake/export_message2__rosidl_typesupport_fastrtps_cExport-noconfig.cmake
[1.112s] -- Up-to-date: /home/tbelier/Documents/GIT/Guerle2/ros2_ws/install/message2/share/message2/cmake/export_message2__rosidl_generator_cppExport.cmake
[1.112s] -- Up-to-date: /home/tbelier/Documents/GIT/Guerle2/ros2_ws/install/message2/share/message2/cmake/export_message2__rosidl_typesupport_fastrtps_cppExport.cmake
[1.113s] -- Up-to-date: /home/tbelier/Documents/GIT/Guerle2/ros2_ws/install/message2/share/message2/cmake/export_message2__rosidl_typesupport_fastrtps_cppExport-noconfig.cmake
[1.113s] -- Up-to-date: /home/tbelier/Documents/GIT/Guerle2/ros2_ws/install/message2/share/message2/cmake/message2__rosidl_typesupport_introspection_cExport.cmake
[1.114s] -- Up-to-date: /home/tbelier/Documents/GIT/Guerle2/ros2_ws/install/message2/share/message2/cmake/message2__rosidl_typesupport_introspection_cExport-noconfig.cmake
[1.114s] -- Up-to-date: /home/tbelier/Documents/GIT/Guerle2/ros2_ws/install/message2/share/message2/cmake/message2__rosidl_typesupport_cExport.cmake
[1.114s] -- Up-to-date: /home/tbelier/Documents/GIT/Guerle2/ros2_ws/install/message2/share/message2/cmake/message2__rosidl_typesupport_cExport-noconfig.cmake
[1.114s] -- Up-to-date: /home/tbelier/Documents/GIT/Guerle2/ros2_ws/install/message2/share/message2/cmake/message2__rosidl_typesupport_introspection_cppExport.cmake
[1.114s] -- Up-to-date: /home/tbelier/Documents/GIT/Guerle2/ros2_ws/install/message2/share/message2/cmake/message2__rosidl_typesupport_introspection_cppExport-noconfig.cmake
[1.115s] -- Up-to-date: /home/tbelier/Documents/GIT/Guerle2/ros2_ws/install/message2/share/message2/cmake/message2__rosidl_typesupport_cppExport.cmake
[1.115s] -- Up-to-date: /home/tbelier/Documents/GIT/Guerle2/ros2_ws/install/message2/share/message2/cmake/message2__rosidl_typesupport_cppExport-noconfig.cmake
[1.115s] -- Up-to-date: /home/tbelier/Documents/GIT/Guerle2/ros2_ws/install/message2/share/message2/cmake/export_message2__rosidl_generator_pyExport.cmake
[1.115s] -- Up-to-date: /home/tbelier/Documents/GIT/Guerle2/ros2_ws/install/message2/share/message2/cmake/export_message2__rosidl_generator_pyExport-noconfig.cmake
[1.115s] -- Up-to-date: /home/tbelier/Documents/GIT/Guerle2/ros2_ws/install/message2/share/message2/cmake/rosidl_cmake-extras.cmake
[1.115s] -- Up-to-date: /home/tbelier/Documents/GIT/Guerle2/ros2_ws/install/message2/share/message2/cmake/ament_cmake_export_dependencies-extras.cmake
[1.115s] -- Up-to-date: /home/tbelier/Documents/GIT/Guerle2/ros2_ws/install/message2/share/message2/cmake/ament_cmake_export_include_directories-extras.cmake
[1.115s] -- Up-to-date: /home/tbelier/Documents/GIT/Guerle2/ros2_ws/install/message2/share/message2/cmake/ament_cmake_export_libraries-extras.cmake
[1.115s] -- Up-to-date: /home/tbelier/Documents/GIT/Guerle2/ros2_ws/install/message2/share/message2/cmake/ament_cmake_export_targets-extras.cmake
[1.115s] -- Up-to-date: /home/tbelier/Documents/GIT/Guerle2/ros2_ws/install/message2/share/message2/cmake/rosidl_cmake_export_typesupport_targets-extras.cmake
[1.115s] -- Up-to-date: /home/tbelier/Documents/GIT/Guerle2/ros2_ws/install/message2/share/message2/cmake/rosidl_cmake_export_typesupport_libraries-extras.cmake
[1.115s] -- Up-to-date: /home/tbelier/Documents/GIT/Guerle2/ros2_ws/install/message2/share/message2/cmake/message2Config.cmake
[1.115s] -- Up-to-date: /home/tbelier/Documents/GIT/Guerle2/ros2_ws/install/message2/share/message2/cmake/message2Config-version.cmake
[1.115s] -- Up-to-date: /home/tbelier/Documents/GIT/Guerle2/ros2_ws/install/message2/share/message2/package.xml
[1.115s] Invoked command in '/home/tbelier/Documents/GIT/Guerle2/ros2_ws/build/message2' returned '0': CMAKE_PREFIX_PATH=${CMAKE_PREFIX_PATH}:/home/tbelier/Documents/GIT/Guerle2/ros2_ws/install/sensors:/home/tbelier/Documents/GIT/Guerle2/ros2_ws/install/guidance:/home/tbelier/Documents/GIT/Guerle2/ros2_ws/install/control:/home/tbelier/Documents/GIT/Guerle2/ros2_ws/install/castor_pollux:/home/tbelier/Documents/GIT/Guerle2/ros2_ws/install/bluerov_vision:/home/tbelier/Documents/GIT/Guerle2/ros2_ws/install/bluerov_ros_camera:/opt/ros/humble /usr/bin/cmake --install /home/tbelier/Documents/GIT/Guerle2/ros2_ws/build/message2
