running egg_info
creating ../../build/bluerov_vision/bluerov_vision.egg-info
writing ../../build/bluerov_vision/bluerov_vision.egg-info/PKG-INFO
writing dependency_links to ../../build/bluerov_vision/bluerov_vision.egg-info/dependency_links.txt
writing entry points to ../../build/bluerov_vision/bluerov_vision.egg-info/entry_points.txt
writing requirements to ../../build/bluerov_vision/bluerov_vision.egg-info/requires.txt
writing top-level names to ../../build/bluerov_vision/bluerov_vision.egg-info/top_level.txt
writing manifest file '../../build/bluerov_vision/bluerov_vision.egg-info/SOURCES.txt'
reading manifest file '../../build/bluerov_vision/bluerov_vision.egg-info/SOURCES.txt'
writing manifest file '../../build/bluerov_vision/bluerov_vision.egg-info/SOURCES.txt'
running build
running build_py
creating /home/tbelier/Documents/GIT/Guerle2/ros2_ws/build/bluerov_vision/build
creating /home/tbelier/Documents/GIT/Guerle2/ros2_ws/build/bluerov_vision/build/lib
creating /home/tbelier/Documents/GIT/Guerle2/ros2_ws/build/bluerov_vision/build/lib/bluerov_vision
copying bluerov_vision/bluerov_vision.py -> /home/tbelier/Documents/GIT/Guerle2/ros2_ws/build/bluerov_vision/build/lib/bluerov_vision
copying bluerov_vision/__init__.py -> /home/tbelier/Documents/GIT/Guerle2/ros2_ws/build/bluerov_vision/build/lib/bluerov_vision
running install
running install_lib
creating /home/tbelier/Documents/GIT/Guerle2/ros2_ws/install/bluerov_vision/lib/python3.10/site-packages/bluerov_vision
copying /home/tbelier/Documents/GIT/Guerle2/ros2_ws/build/bluerov_vision/build/lib/bluerov_vision/bluerov_vision.py -> /home/tbelier/Documents/GIT/Guerle2/ros2_ws/install/bluerov_vision/lib/python3.10/site-packages/bluerov_vision
copying /home/tbelier/Documents/GIT/Guerle2/ros2_ws/build/bluerov_vision/build/lib/bluerov_vision/__init__.py -> /home/tbelier/Documents/GIT/Guerle2/ros2_ws/install/bluerov_vision/lib/python3.10/site-packages/bluerov_vision
byte-compiling /home/tbelier/Documents/GIT/Guerle2/ros2_ws/install/bluerov_vision/lib/python3.10/site-packages/bluerov_vision/bluerov_vision.py to bluerov_vision.cpython-310.pyc
byte-compiling /home/tbelier/Documents/GIT/Guerle2/ros2_ws/install/bluerov_vision/lib/python3.10/site-packages/bluerov_vision/__init__.py to __init__.cpython-310.pyc
running install_data
creating /home/tbelier/Documents/GIT/Guerle2/ros2_ws/install/bluerov_vision/share/ament_index
creating /home/tbelier/Documents/GIT/Guerle2/ros2_ws/install/bluerov_vision/share/ament_index/resource_index
creating /home/tbelier/Documents/GIT/Guerle2/ros2_ws/install/bluerov_vision/share/ament_index/resource_index/packages
copying resource/bluerov_vision -> /home/tbelier/Documents/GIT/Guerle2/ros2_ws/install/bluerov_vision/share/ament_index/resource_index/packages
copying package.xml -> /home/tbelier/Documents/GIT/Guerle2/ros2_ws/install/bluerov_vision/share/bluerov_vision
creating /home/tbelier/Documents/GIT/Guerle2/ros2_ws/install/bluerov_vision/share/bluerov_vision/launch
copying launch/bluerov_vision.launch.py -> /home/tbelier/Documents/GIT/Guerle2/ros2_ws/install/bluerov_vision/share/bluerov_vision/launch
running install_egg_info
Copying ../../build/bluerov_vision/bluerov_vision.egg-info to /home/tbelier/Documents/GIT/Guerle2/ros2_ws/install/bluerov_vision/lib/python3.10/site-packages/bluerov_vision-0.0.1-py3.10.egg-info
running install_scripts
Installing bluerov_visionNode script to /home/tbelier/Documents/GIT/Guerle2/ros2_ws/install/bluerov_vision/lib/bluerov_vision
writing list of installed files to '/home/tbelier/Documents/GIT/Guerle2/ros2_ws/build/bluerov_vision/install.log'
