[1.008s] Invoking command in '/home/tbelier/Documents/GIT/Guerle2/ros2_ws/build/td2': CMAKE_PREFIX_PATH=${CMAKE_PREFIX_PATH}:/home/tbelier/Documents/GIT/Guerle2/ros2_ws/install/sensors:/home/tbelier/Documents/GIT/Guerle2/ros2_ws/install/guidance:/home/tbelier/Documents/GIT/Guerle2/ros2_ws/install/control:/home/tbelier/Documents/GIT/Guerle2/ros2_ws/install/castor_pollux:/home/tbelier/Documents/GIT/Guerle2/ros2_ws/install/bluerov_vision:/home/tbelier/Documents/GIT/Guerle2/ros2_ws/install/bluerov_ros_camera:/opt/ros/humble /usr/bin/cmake --build /home/tbelier/Documents/GIT/Guerle2/ros2_ws/build/td2 -- -j20 -l20
[1.050s] [100%] Built target boat_simulation_node
[1.050s] [100%] Built target target_publisher_node
[1.050s] [100%] Built target boat_controller_node
[1.058s] Invoked command in '/home/tbelier/Documents/GIT/Guerle2/ros2_ws/build/td2' returned '0': CMAKE_PREFIX_PATH=${CMAKE_PREFIX_PATH}:/home/tbelier/Documents/GIT/Guerle2/ros2_ws/install/sensors:/home/tbelier/Documents/GIT/Guerle2/ros2_ws/install/guidance:/home/tbelier/Documents/GIT/Guerle2/ros2_ws/install/control:/home/tbelier/Documents/GIT/Guerle2/ros2_ws/install/castor_pollux:/home/tbelier/Documents/GIT/Guerle2/ros2_ws/install/bluerov_vision:/home/tbelier/Documents/GIT/Guerle2/ros2_ws/install/bluerov_ros_camera:/opt/ros/humble /usr/bin/cmake --build /home/tbelier/Documents/GIT/Guerle2/ros2_ws/build/td2 -- -j20 -l20
[1.059s] Invoking command in '/home/tbelier/Documents/GIT/Guerle2/ros2_ws/build/td2': CMAKE_PREFIX_PATH=${CMAKE_PREFIX_PATH}:/home/tbelier/Documents/GIT/Guerle2/ros2_ws/install/sensors:/home/tbelier/Documents/GIT/Guerle2/ros2_ws/install/guidance:/home/tbelier/Documents/GIT/Guerle2/ros2_ws/install/control:/home/tbelier/Documents/GIT/Guerle2/ros2_ws/install/castor_pollux:/home/tbelier/Documents/GIT/Guerle2/ros2_ws/install/bluerov_vision:/home/tbelier/Documents/GIT/Guerle2/ros2_ws/install/bluerov_ros_camera:/opt/ros/humble /usr/bin/cmake --install /home/tbelier/Documents/GIT/Guerle2/ros2_ws/build/td2
[1.069s] -- Install configuration: ""
[1.069s] -- Up-to-date: /home/tbelier/Documents/GIT/Guerle2/ros2_ws/install/td2/lib/td2/boat_simulation_node
[1.069s] -- Up-to-date: /home/tbelier/Documents/GIT/Guerle2/ros2_ws/install/td2/lib/td2/boat_controller_node
[1.069s] -- Up-to-date: /home/tbelier/Documents/GIT/Guerle2/ros2_ws/install/td2/lib/td2/target_publisher_node
[1.070s] -- Up-to-date: /home/tbelier/Documents/GIT/Guerle2/ros2_ws/install/td2/share/td2//launch
[1.070s] -- Up-to-date: /home/tbelier/Documents/GIT/Guerle2/ros2_ws/install/td2/share/td2//launch/td2_launch.py
[1.070s] -- Up-to-date: /home/tbelier/Documents/GIT/Guerle2/ros2_ws/install/td2/share/td2//launch/Bluerov.launch.py
[1.070s] -- Up-to-date: /home/tbelier/Documents/GIT/Guerle2/ros2_ws/install/td2/share/td2/meshes
[1.070s] -- Up-to-date: /home/tbelier/Documents/GIT/Guerle2/ros2_ws/install/td2/share/td2/meshes/boat.dae
[1.070s] -- Up-to-date: /home/tbelier/Documents/GIT/Guerle2/ros2_ws/install/td2/share/td2/meshes/spaceship.blend
[1.070s] -- Up-to-date: /home/tbelier/Documents/GIT/Guerle2/ros2_ws/install/td2/share/td2/config
[1.071s] -- Up-to-date: /home/tbelier/Documents/GIT/Guerle2/ros2_ws/install/td2/share/td2/config/td2.yaml
[1.071s] -- Up-to-date: /home/tbelier/Documents/GIT/Guerle2/ros2_ws/install/td2/share/ament_index/resource_index/package_run_dependencies/td2
[1.071s] -- Up-to-date: /home/tbelier/Documents/GIT/Guerle2/ros2_ws/install/td2/share/ament_index/resource_index/parent_prefix_path/td2
[1.071s] -- Up-to-date: /home/tbelier/Documents/GIT/Guerle2/ros2_ws/install/td2/share/td2/environment/ament_prefix_path.sh
[1.072s] -- Up-to-date: /home/tbelier/Documents/GIT/Guerle2/ros2_ws/install/td2/share/td2/environment/ament_prefix_path.dsv
[1.072s] -- Up-to-date: /home/tbelier/Documents/GIT/Guerle2/ros2_ws/install/td2/share/td2/environment/path.sh
[1.072s] -- Up-to-date: /home/tbelier/Documents/GIT/Guerle2/ros2_ws/install/td2/share/td2/environment/path.dsv
[1.072s] -- Up-to-date: /home/tbelier/Documents/GIT/Guerle2/ros2_ws/install/td2/share/td2/local_setup.bash
[1.072s] -- Up-to-date: /home/tbelier/Documents/GIT/Guerle2/ros2_ws/install/td2/share/td2/local_setup.sh
[1.072s] -- Up-to-date: /home/tbelier/Documents/GIT/Guerle2/ros2_ws/install/td2/share/td2/local_setup.zsh
[1.072s] -- Up-to-date: /home/tbelier/Documents/GIT/Guerle2/ros2_ws/install/td2/share/td2/local_setup.dsv
[1.072s] -- Installing: /home/tbelier/Documents/GIT/Guerle2/ros2_ws/install/td2/share/td2/package.dsv
[1.072s] -- Up-to-date: /home/tbelier/Documents/GIT/Guerle2/ros2_ws/install/td2/share/ament_index/resource_index/packages/td2
[1.072s] -- Up-to-date: /home/tbelier/Documents/GIT/Guerle2/ros2_ws/install/td2/share/td2/cmake/td2Config.cmake
[1.072s] -- Up-to-date: /home/tbelier/Documents/GIT/Guerle2/ros2_ws/install/td2/share/td2/cmake/td2Config-version.cmake
[1.072s] -- Up-to-date: /home/tbelier/Documents/GIT/Guerle2/ros2_ws/install/td2/share/td2/package.xml
[1.092s] Invoked command in '/home/tbelier/Documents/GIT/Guerle2/ros2_ws/build/td2' returned '0': CMAKE_PREFIX_PATH=${CMAKE_PREFIX_PATH}:/home/tbelier/Documents/GIT/Guerle2/ros2_ws/install/sensors:/home/tbelier/Documents/GIT/Guerle2/ros2_ws/install/guidance:/home/tbelier/Documents/GIT/Guerle2/ros2_ws/install/control:/home/tbelier/Documents/GIT/Guerle2/ros2_ws/install/castor_pollux:/home/tbelier/Documents/GIT/Guerle2/ros2_ws/install/bluerov_vision:/home/tbelier/Documents/GIT/Guerle2/ros2_ws/install/bluerov_ros_camera:/opt/ros/humble /usr/bin/cmake --install /home/tbelier/Documents/GIT/Guerle2/ros2_ws/build/td2
