-- The C compiler identification is GNU 11.4.0
-- The CXX compiler identification is GNU 11.4.0
-- Detecting C compiler ABI info
-- Detecting C compiler ABI info - done
-- Check for working C compiler: /usr/bin/cc - skipped
-- Detecting C compile features
-- Detecting C compile features - done
-- Detecting CXX compiler ABI info
-- Detecting CXX compiler ABI info - done
-- Check for working CXX compiler: /usr/bin/c++ - skipped
-- Detecting CXX compile features
-- Detecting CXX compile features - done
-- Found ament_cmake: 1.3.11 (/opt/ros/humble/share/ament_cmake/cmake)
-- Found Python3: /usr/bin/python3 (found version "3.10.12") found components: Interpreter 
-- Found rclcpp: 16.0.11 (/opt/ros/humble/share/rclcpp/cmake)
-- Found rosidl_generator_c: 3.1.6 (/opt/ros/humble/share/rosidl_generator_c/cmake)
-- Found rosidl_adapter: 3.1.6 (/opt/ros/humble/share/rosidl_adapter/cmake)
-- Found rosidl_generator_cpp: 3.1.6 (/opt/ros/humble/share/rosidl_generator_cpp/cmake)
-- Using all available rosidl_typesupport_c: rosidl_typesupport_fastrtps_c;rosidl_typesupport_introspection_c
-- Using all available rosidl_typesupport_cpp: rosidl_typesupport_fastrtps_cpp;rosidl_typesupport_introspection_cpp
-- Found rmw_implementation_cmake: 6.1.2 (/opt/ros/humble/share/rmw_implementation_cmake/cmake)
-- Found rmw_fastrtps_cpp: 6.2.7 (/opt/ros/humble/share/rmw_fastrtps_cpp/cmake)
-- Found OpenSSL: /usr/lib/x86_64-linux-gnu/libcrypto.so (found version "3.0.2")  
-- Found FastRTPS: /opt/ros/humble/include  
-- Using RMW implementation 'rmw_fastrtps_cpp' as default
-- Looking for pthread.h
-- Looking for pthread.h - found
-- Performing Test CMAKE_HAVE_LIBC_PTHREAD
-- Performing Test CMAKE_HAVE_LIBC_PTHREAD - Success
-- Found Threads: TRUE  
-- Found Boost: /usr/lib/x86_64-linux-gnu/cmake/Boost-1.74.0/BoostConfig.cmake (found version "1.74.0") found components: system thread 
-- Boost location : /usr/include
-- Boost version  : 1.74.0
-- Found message2: 0.0.0 (/home/tbelier/Documents/GIT/Guerle2/ros2_ws/install/message2/share/message2/cmake)
-- Found ament_lint_auto: 0.12.11 (/opt/ros/humble/share/ament_lint_auto/cmake)
-- Added test 'cppcheck' to perform static code analysis on C / C++ code
-- Configured cppcheck include dirs: 
-- Configured cppcheck exclude dirs and/or files: 
-- Added test 'lint_cmake' to check CMake code style
-- Added test 'uncrustify' to check C / C++ code style
-- Configured uncrustify additional arguments: 
-- Added test 'xmllint' to check XML markup files
-- Configuring done
-- Generating done
-- Build files have been written to: /home/tbelier/Documents/GIT/Guerle2/ros2_ws/build/usbl_seatrac
[ 16%] [32mBuilding CXX object CMakeFiles/usbl_pub_cpp_multi.dir/src/usbl_pub_cpp_multi3.cpp.o[0m
[ 33%] [32mBuilding CXX object CMakeFiles/usbl_pub_cpp_choice_beacon.dir/src/usbl_pub_cpp_choice_beacon2.cpp.o[0m
[ 50%] [32mBuilding CXX object CMakeFiles/usbl_pub_cpp.dir/src/usbl_pub_cpp.cpp.o[0m
[ 66%] [32m[1mLinking CXX executable usbl_pub_cpp_multi[0m
[ 66%] Built target usbl_pub_cpp_multi
[ 83%] [32m[1mLinking CXX executable usbl_pub_cpp_choice_beacon[0m
[ 83%] Built target usbl_pub_cpp_choice_beacon
[100%] [32m[1mLinking CXX executable usbl_pub_cpp[0m
[100%] Built target usbl_pub_cpp
-- Install configuration: ""
-- Installing: /home/tbelier/Documents/GIT/Guerle2/ros2_ws/install/usbl_seatrac/lib/usbl_seatrac/usbl_pub_cpp
-- Set runtime path of "/home/tbelier/Documents/GIT/Guerle2/ros2_ws/install/usbl_seatrac/lib/usbl_seatrac/usbl_pub_cpp" to ""
-- Installing: /home/tbelier/Documents/GIT/Guerle2/ros2_ws/install/usbl_seatrac/lib/usbl_seatrac/usbl_pub_cpp_choice_beacon
-- Set runtime path of "/home/tbelier/Documents/GIT/Guerle2/ros2_ws/install/usbl_seatrac/lib/usbl_seatrac/usbl_pub_cpp_choice_beacon" to ""
-- Installing: /home/tbelier/Documents/GIT/Guerle2/ros2_ws/install/usbl_seatrac/lib/usbl_seatrac/usbl_pub_cpp_multi
-- Set runtime path of "/home/tbelier/Documents/GIT/Guerle2/ros2_ws/install/usbl_seatrac/lib/usbl_seatrac/usbl_pub_cpp_multi" to ""
-- Installing: /home/tbelier/Documents/GIT/Guerle2/ros2_ws/install/usbl_seatrac/share/ament_index/resource_index/package_run_dependencies/usbl_seatrac
-- Installing: /home/tbelier/Documents/GIT/Guerle2/ros2_ws/install/usbl_seatrac/share/ament_index/resource_index/parent_prefix_path/usbl_seatrac
-- Installing: /home/tbelier/Documents/GIT/Guerle2/ros2_ws/install/usbl_seatrac/share/usbl_seatrac/environment/ament_prefix_path.sh
-- Installing: /home/tbelier/Documents/GIT/Guerle2/ros2_ws/install/usbl_seatrac/share/usbl_seatrac/environment/ament_prefix_path.dsv
-- Installing: /home/tbelier/Documents/GIT/Guerle2/ros2_ws/install/usbl_seatrac/share/usbl_seatrac/environment/path.sh
-- Installing: /home/tbelier/Documents/GIT/Guerle2/ros2_ws/install/usbl_seatrac/share/usbl_seatrac/environment/path.dsv
-- Installing: /home/tbelier/Documents/GIT/Guerle2/ros2_ws/install/usbl_seatrac/share/usbl_seatrac/local_setup.bash
-- Installing: /home/tbelier/Documents/GIT/Guerle2/ros2_ws/install/usbl_seatrac/share/usbl_seatrac/local_setup.sh
-- Installing: /home/tbelier/Documents/GIT/Guerle2/ros2_ws/install/usbl_seatrac/share/usbl_seatrac/local_setup.zsh
-- Installing: /home/tbelier/Documents/GIT/Guerle2/ros2_ws/install/usbl_seatrac/share/usbl_seatrac/local_setup.dsv
-- Installing: /home/tbelier/Documents/GIT/Guerle2/ros2_ws/install/usbl_seatrac/share/usbl_seatrac/package.dsv
-- Installing: /home/tbelier/Documents/GIT/Guerle2/ros2_ws/install/usbl_seatrac/share/ament_index/resource_index/packages/usbl_seatrac
-- Installing: /home/tbelier/Documents/GIT/Guerle2/ros2_ws/install/usbl_seatrac/share/usbl_seatrac/cmake/usbl_seatracConfig.cmake
-- Installing: /home/tbelier/Documents/GIT/Guerle2/ros2_ws/install/usbl_seatrac/share/usbl_seatrac/cmake/usbl_seatracConfig-version.cmake
-- Installing: /home/tbelier/Documents/GIT/Guerle2/ros2_ws/install/usbl_seatrac/share/usbl_seatrac/package.xml
