[0.011s] Invoking command in '/home/tbelier/Documents/GIT/Guerle2/ros2_ws/build/usbl_seatrac': CMAKE_PREFIX_PATH=/home/tbelier/Documents/GIT/Guerle2/ros2_ws/install/message2:/home/tbelier/Documents/GIT/Guerle2/ros2_ws/install/rviz_view:/home/tbelier/Documents/GIT/Guerle2/ros2_ws/install/td2:/home/tbelier/Documents/GIT/Guerle2/ros2_ws/install/usbl_seatrac:/home/tbelier/drivers/drivers_rtac_asio/:/home/tbelier/drivers/drivers_seatrac/:/home/tbelier/Documents/GIT/Guerle2/ros2_ws/install/sensors:/home/tbelier/Documents/GIT/Guerle2/ros2_ws/install/guidance:/home/tbelier/Documents/GIT/Guerle2/ros2_ws/install/control:/home/tbelier/Documents/GIT/Guerle2/ros2_ws/install/castor_pollux:/home/tbelier/Documents/GIT/Guerle2/ros2_ws/install/bluerov_vision:/home/tbelier/Documents/GIT/Guerle2/ros2_ws/install/bluerov_ros_camera:/opt/ros/humble /usr/bin/cmake /home/tbelier/Documents/GIT/Guerle2/ros2_ws/src/usbl_seatrac -DCMAKE_INSTALL_PREFIX=/home/tbelier/Documents/GIT/Guerle2/ros2_ws/install/usbl_seatrac
[0.057s] -- The C compiler identification is GNU 11.4.0
[0.104s] -- The CXX compiler identification is GNU 11.4.0
[0.109s] -- Detecting C compiler ABI info
[0.176s] -- Detecting C compiler ABI info - done
[0.183s] -- Check for working C compiler: /usr/bin/cc - skipped
[0.183s] -- Detecting C compile features
[0.183s] -- Detecting C compile features - done
[0.186s] -- Detecting CXX compiler ABI info
[0.262s] -- Detecting CXX compiler ABI info - done
[0.267s] -- Check for working CXX compiler: /usr/bin/c++ - skipped
[0.267s] -- Detecting CXX compile features
[0.267s] -- Detecting CXX compile features - done
[0.269s] -- Found ament_cmake: 1.3.11 (/opt/ros/humble/share/ament_cmake/cmake)
[0.417s] -- Found Python3: /usr/bin/python3 (found version "3.10.12") found components: Interpreter 
[0.515s] -- Found rclcpp: 16.0.11 (/opt/ros/humble/share/rclcpp/cmake)
[0.571s] -- Found rosidl_generator_c: 3.1.6 (/opt/ros/humble/share/rosidl_generator_c/cmake)
[0.579s] -- Found rosidl_adapter: 3.1.6 (/opt/ros/humble/share/rosidl_adapter/cmake)
[0.590s] -- Found rosidl_generator_cpp: 3.1.6 (/opt/ros/humble/share/rosidl_generator_cpp/cmake)
[0.605s] -- Using all available rosidl_typesupport_c: rosidl_typesupport_fastrtps_c;rosidl_typesupport_introspection_c
[0.617s] -- Using all available rosidl_typesupport_cpp: rosidl_typesupport_fastrtps_cpp;rosidl_typesupport_introspection_cpp
[0.660s] -- Found rmw_implementation_cmake: 6.1.2 (/opt/ros/humble/share/rmw_implementation_cmake/cmake)
[0.664s] -- Found rmw_fastrtps_cpp: 6.2.7 (/opt/ros/humble/share/rmw_fastrtps_cpp/cmake)
[0.743s] -- Found OpenSSL: /usr/lib/x86_64-linux-gnu/libcrypto.so (found version "3.0.2")  
[0.766s] -- Found FastRTPS: /opt/ros/humble/include  
[0.805s] -- Using RMW implementation 'rmw_fastrtps_cpp' as default
[0.817s] -- Looking for pthread.h
[0.893s] -- Looking for pthread.h - found
[0.894s] -- Performing Test CMAKE_HAVE_LIBC_PTHREAD
[0.967s] -- Performing Test CMAKE_HAVE_LIBC_PTHREAD - Success
[0.968s] -- Found Threads: TRUE  
[1.018s] -- Found Boost: /usr/lib/x86_64-linux-gnu/cmake/Boost-1.74.0/BoostConfig.cmake (found version "1.74.0") found components: system thread 
[1.019s] -- Boost location : /usr/include
[1.019s] -- Boost version  : 1.74.0
[1.020s] -- Found message2: 0.0.0 (/home/tbelier/Documents/GIT/Guerle2/ros2_ws/install/message2/share/message2/cmake)
[1.042s] -- Found ament_lint_auto: 0.12.11 (/opt/ros/humble/share/ament_lint_auto/cmake)
[1.102s] -- Added test 'cppcheck' to perform static code analysis on C / C++ code
[1.102s] -- Configured cppcheck include dirs: 
[1.102s] -- Configured cppcheck exclude dirs and/or files: 
[1.103s] -- Added test 'lint_cmake' to check CMake code style
[1.104s] -- Added test 'uncrustify' to check C / C++ code style
[1.104s] -- Configured uncrustify additional arguments: 
[1.104s] -- Added test 'xmllint' to check XML markup files
[1.105s] -- Configuring done
[1.119s] -- Generating done
[1.127s] -- Build files have been written to: /home/tbelier/Documents/GIT/Guerle2/ros2_ws/build/usbl_seatrac
[1.137s] Invoked command in '/home/tbelier/Documents/GIT/Guerle2/ros2_ws/build/usbl_seatrac' returned '0': CMAKE_PREFIX_PATH=/home/tbelier/Documents/GIT/Guerle2/ros2_ws/install/message2:/home/tbelier/Documents/GIT/Guerle2/ros2_ws/install/rviz_view:/home/tbelier/Documents/GIT/Guerle2/ros2_ws/install/td2:/home/tbelier/Documents/GIT/Guerle2/ros2_ws/install/usbl_seatrac:/home/tbelier/drivers/drivers_rtac_asio/:/home/tbelier/drivers/drivers_seatrac/:/home/tbelier/Documents/GIT/Guerle2/ros2_ws/install/sensors:/home/tbelier/Documents/GIT/Guerle2/ros2_ws/install/guidance:/home/tbelier/Documents/GIT/Guerle2/ros2_ws/install/control:/home/tbelier/Documents/GIT/Guerle2/ros2_ws/install/castor_pollux:/home/tbelier/Documents/GIT/Guerle2/ros2_ws/install/bluerov_vision:/home/tbelier/Documents/GIT/Guerle2/ros2_ws/install/bluerov_ros_camera:/opt/ros/humble /usr/bin/cmake /home/tbelier/Documents/GIT/Guerle2/ros2_ws/src/usbl_seatrac -DCMAKE_INSTALL_PREFIX=/home/tbelier/Documents/GIT/Guerle2/ros2_ws/install/usbl_seatrac
[1.140s] Invoking command in '/home/tbelier/Documents/GIT/Guerle2/ros2_ws/build/usbl_seatrac': CMAKE_PREFIX_PATH=/home/tbelier/Documents/GIT/Guerle2/ros2_ws/install/message2:/home/tbelier/Documents/GIT/Guerle2/ros2_ws/install/rviz_view:/home/tbelier/Documents/GIT/Guerle2/ros2_ws/install/td2:/home/tbelier/Documents/GIT/Guerle2/ros2_ws/install/usbl_seatrac:/home/tbelier/drivers/drivers_rtac_asio/:/home/tbelier/drivers/drivers_seatrac/:/home/tbelier/Documents/GIT/Guerle2/ros2_ws/install/sensors:/home/tbelier/Documents/GIT/Guerle2/ros2_ws/install/guidance:/home/tbelier/Documents/GIT/Guerle2/ros2_ws/install/control:/home/tbelier/Documents/GIT/Guerle2/ros2_ws/install/castor_pollux:/home/tbelier/Documents/GIT/Guerle2/ros2_ws/install/bluerov_vision:/home/tbelier/Documents/GIT/Guerle2/ros2_ws/install/bluerov_ros_camera:/opt/ros/humble /usr/bin/cmake --build /home/tbelier/Documents/GIT/Guerle2/ros2_ws/build/usbl_seatrac -- -j20 -l20
[1.188s] [ 16%] [32mBuilding CXX object CMakeFiles/usbl_pub_cpp_multi.dir/src/usbl_pub_cpp_multi3.cpp.o[0m
[1.193s] [ 33%] [32mBuilding CXX object CMakeFiles/usbl_pub_cpp_choice_beacon.dir/src/usbl_pub_cpp_choice_beacon2.cpp.o[0m
[1.195s] [ 50%] [32mBuilding CXX object CMakeFiles/usbl_pub_cpp.dir/src/usbl_pub_cpp.cpp.o[0m
[5.454s] [ 66%] [32m[1mLinking CXX executable usbl_pub_cpp_multi[0m
[5.602s] [01m[K/home/tbelier/Documents/GIT/Guerle2/ros2_ws/src/usbl_seatrac/src/usbl_pub_cpp.cpp:[m[K In function ‘[01m[Kvoid write_message(message2::msg::Usbl&, const narval::seatrac::messages::PingResp&, rclcpp::Node&, int, float&)[m[K’:
[5.602s] [01m[K/home/tbelier/Documents/GIT/Guerle2/ros2_ws/src/usbl_seatrac/src/usbl_pub_cpp.cpp:84:130:[m[K [01;35m[Kwarning: [m[Kunused parameter ‘[01m[Kk[m[K’ [[01;35m[K]8;;https://gcc.gnu.org/onlinedocs/gcc/Warning-Options.html#index-Wunused-parameter-Wunused-parameter]8;;[m[K]
[5.602s]    84 | nst narval::seatrac::messages::PingResp &data_response, rclcpp::Node &node_, [01;35m[Kint k[m[K, float &yaw0)
[5.603s]       |                                                                              [01;35m[K~~~~^[m[K
[5.603s] 
[5.603s] [01m[K/home/tbelier/Documents/GIT/Guerle2/ros2_ws/src/usbl_seatrac/src/usbl_pub_cpp.cpp:84:140:[m[K [01;35m[Kwarning: [m[Kunused parameter ‘[01m[Kyaw0[m[K’ [[01;35m[K]8;;https://gcc.gnu.org/onlinedocs/gcc/Warning-Options.html#index-Wunused-parameter-Wunused-parameter]8;;[m[K]
[5.603s]    84 | narval::seatrac::messages::PingResp &data_response, rclcpp::Node &node_, int k, [01;35m[Kfloat &yaw0[m[K)
[5.603s]       |                                                                                 [01;35m[K~~~~~~~^~~~[m[K
[5.603s] 
[5.629s] [ 66%] Built target usbl_pub_cpp_multi
[5.867s] [ 83%] [32m[1mLinking CXX executable usbl_pub_cpp_choice_beacon[0m
[6.108s] [ 83%] Built target usbl_pub_cpp_choice_beacon
[7.359s] [100%] [32m[1mLinking CXX executable usbl_pub_cpp[0m
[7.518s] [100%] Built target usbl_pub_cpp
[7.529s] Invoked command in '/home/tbelier/Documents/GIT/Guerle2/ros2_ws/build/usbl_seatrac' returned '0': CMAKE_PREFIX_PATH=/home/tbelier/Documents/GIT/Guerle2/ros2_ws/install/message2:/home/tbelier/Documents/GIT/Guerle2/ros2_ws/install/rviz_view:/home/tbelier/Documents/GIT/Guerle2/ros2_ws/install/td2:/home/tbelier/Documents/GIT/Guerle2/ros2_ws/install/usbl_seatrac:/home/tbelier/drivers/drivers_rtac_asio/:/home/tbelier/drivers/drivers_seatrac/:/home/tbelier/Documents/GIT/Guerle2/ros2_ws/install/sensors:/home/tbelier/Documents/GIT/Guerle2/ros2_ws/install/guidance:/home/tbelier/Documents/GIT/Guerle2/ros2_ws/install/control:/home/tbelier/Documents/GIT/Guerle2/ros2_ws/install/castor_pollux:/home/tbelier/Documents/GIT/Guerle2/ros2_ws/install/bluerov_vision:/home/tbelier/Documents/GIT/Guerle2/ros2_ws/install/bluerov_ros_camera:/opt/ros/humble /usr/bin/cmake --build /home/tbelier/Documents/GIT/Guerle2/ros2_ws/build/usbl_seatrac -- -j20 -l20
[7.531s] Invoking command in '/home/tbelier/Documents/GIT/Guerle2/ros2_ws/build/usbl_seatrac': CMAKE_PREFIX_PATH=/home/tbelier/Documents/GIT/Guerle2/ros2_ws/install/message2:/home/tbelier/Documents/GIT/Guerle2/ros2_ws/install/rviz_view:/home/tbelier/Documents/GIT/Guerle2/ros2_ws/install/td2:/home/tbelier/Documents/GIT/Guerle2/ros2_ws/install/usbl_seatrac:/home/tbelier/drivers/drivers_rtac_asio/:/home/tbelier/drivers/drivers_seatrac/:/home/tbelier/Documents/GIT/Guerle2/ros2_ws/install/sensors:/home/tbelier/Documents/GIT/Guerle2/ros2_ws/install/guidance:/home/tbelier/Documents/GIT/Guerle2/ros2_ws/install/control:/home/tbelier/Documents/GIT/Guerle2/ros2_ws/install/castor_pollux:/home/tbelier/Documents/GIT/Guerle2/ros2_ws/install/bluerov_vision:/home/tbelier/Documents/GIT/Guerle2/ros2_ws/install/bluerov_ros_camera:/opt/ros/humble /usr/bin/cmake --install /home/tbelier/Documents/GIT/Guerle2/ros2_ws/build/usbl_seatrac
[7.538s] -- Install configuration: ""
[7.539s] -- Installing: /home/tbelier/Documents/GIT/Guerle2/ros2_ws/install/usbl_seatrac/lib/usbl_seatrac/usbl_pub_cpp
[7.539s] -- Set runtime path of "/home/tbelier/Documents/GIT/Guerle2/ros2_ws/install/usbl_seatrac/lib/usbl_seatrac/usbl_pub_cpp" to ""
[7.539s] -- Installing: /home/tbelier/Documents/GIT/Guerle2/ros2_ws/install/usbl_seatrac/lib/usbl_seatrac/usbl_pub_cpp_choice_beacon
[7.540s] -- Set runtime path of "/home/tbelier/Documents/GIT/Guerle2/ros2_ws/install/usbl_seatrac/lib/usbl_seatrac/usbl_pub_cpp_choice_beacon" to ""
[7.541s] -- Installing: /home/tbelier/Documents/GIT/Guerle2/ros2_ws/install/usbl_seatrac/lib/usbl_seatrac/usbl_pub_cpp_multi
[7.541s] -- Set runtime path of "/home/tbelier/Documents/GIT/Guerle2/ros2_ws/install/usbl_seatrac/lib/usbl_seatrac/usbl_pub_cpp_multi" to ""
[7.542s] -- Installing: /home/tbelier/Documents/GIT/Guerle2/ros2_ws/install/usbl_seatrac/share/ament_index/resource_index/package_run_dependencies/usbl_seatrac
[7.542s] -- Installing: /home/tbelier/Documents/GIT/Guerle2/ros2_ws/install/usbl_seatrac/share/ament_index/resource_index/parent_prefix_path/usbl_seatrac
[7.542s] -- Installing: /home/tbelier/Documents/GIT/Guerle2/ros2_ws/install/usbl_seatrac/share/usbl_seatrac/environment/ament_prefix_path.sh
[7.542s] -- Installing: /home/tbelier/Documents/GIT/Guerle2/ros2_ws/install/usbl_seatrac/share/usbl_seatrac/environment/ament_prefix_path.dsv
[7.542s] -- Installing: /home/tbelier/Documents/GIT/Guerle2/ros2_ws/install/usbl_seatrac/share/usbl_seatrac/environment/path.sh
[7.542s] -- Installing: /home/tbelier/Documents/GIT/Guerle2/ros2_ws/install/usbl_seatrac/share/usbl_seatrac/environment/path.dsv
[7.542s] -- Installing: /home/tbelier/Documents/GIT/Guerle2/ros2_ws/install/usbl_seatrac/share/usbl_seatrac/local_setup.bash
[7.542s] -- Installing: /home/tbelier/Documents/GIT/Guerle2/ros2_ws/install/usbl_seatrac/share/usbl_seatrac/local_setup.sh
[7.542s] -- Installing: /home/tbelier/Documents/GIT/Guerle2/ros2_ws/install/usbl_seatrac/share/usbl_seatrac/local_setup.zsh
[7.543s] -- Installing: /home/tbelier/Documents/GIT/Guerle2/ros2_ws/install/usbl_seatrac/share/usbl_seatrac/local_setup.dsv
[7.543s] -- Installing: /home/tbelier/Documents/GIT/Guerle2/ros2_ws/install/usbl_seatrac/share/usbl_seatrac/package.dsv
[7.543s] -- Installing: /home/tbelier/Documents/GIT/Guerle2/ros2_ws/install/usbl_seatrac/share/ament_index/resource_index/packages/usbl_seatrac
[7.543s] -- Installing: /home/tbelier/Documents/GIT/Guerle2/ros2_ws/install/usbl_seatrac/share/usbl_seatrac/cmake/usbl_seatracConfig.cmake
[7.543s] -- Installing: /home/tbelier/Documents/GIT/Guerle2/ros2_ws/install/usbl_seatrac/share/usbl_seatrac/cmake/usbl_seatracConfig-version.cmake
[7.543s] -- Installing: /home/tbelier/Documents/GIT/Guerle2/ros2_ws/install/usbl_seatrac/share/usbl_seatrac/package.xml
[7.545s] Invoked command in '/home/tbelier/Documents/GIT/Guerle2/ros2_ws/build/usbl_seatrac' returned '0': CMAKE_PREFIX_PATH=/home/tbelier/Documents/GIT/Guerle2/ros2_ws/install/message2:/home/tbelier/Documents/GIT/Guerle2/ros2_ws/install/rviz_view:/home/tbelier/Documents/GIT/Guerle2/ros2_ws/install/td2:/home/tbelier/Documents/GIT/Guerle2/ros2_ws/install/usbl_seatrac:/home/tbelier/drivers/drivers_rtac_asio/:/home/tbelier/drivers/drivers_seatrac/:/home/tbelier/Documents/GIT/Guerle2/ros2_ws/install/sensors:/home/tbelier/Documents/GIT/Guerle2/ros2_ws/install/guidance:/home/tbelier/Documents/GIT/Guerle2/ros2_ws/install/control:/home/tbelier/Documents/GIT/Guerle2/ros2_ws/install/castor_pollux:/home/tbelier/Documents/GIT/Guerle2/ros2_ws/install/bluerov_vision:/home/tbelier/Documents/GIT/Guerle2/ros2_ws/install/bluerov_ros_camera:/opt/ros/humble /usr/bin/cmake --install /home/tbelier/Documents/GIT/Guerle2/ros2_ws/build/usbl_seatrac
