[0.830s] Invoking command in '/home/tbelier/Documents/GIT/Guerle2/ros2_ws/build/rviz_view': CMAKE_PREFIX_PATH=${CMAKE_PREFIX_PATH}:/home/tbelier/Documents/GIT/Guerle2/ros2_ws/install/sensors:/home/tbelier/Documents/GIT/Guerle2/ros2_ws/install/guidance:/home/tbelier/Documents/GIT/Guerle2/ros2_ws/install/control:/home/tbelier/Documents/GIT/Guerle2/ros2_ws/install/castor_pollux:/home/tbelier/Documents/GIT/Guerle2/ros2_ws/install/bluerov_vision:/home/tbelier/Documents/GIT/Guerle2/ros2_ws/install/bluerov_ros_camera:/opt/ros/humble /usr/bin/cmake --build /home/tbelier/Documents/GIT/Guerle2/ros2_ws/build/rviz_view -- -j20 -l20
[1.009s] [35m[1mConsolidate compiler generated dependencies of target boat_simulation_node[0m
[1.009s] [ 33%] Built target boat_controller_node
[1.009s] [ 66%] Built target target_publisher_node
[1.009s] [ 83%] [32mBuilding CXX object CMakeFiles/boat_simulation_node.dir/src/boat_simulation.cpp.o[0m
[1.049s] In file included from [01m[K/home/tbelier/Documents/GIT/Guerle2/ros2_ws/src/rviz_view/src/boat_simulation.cpp:6[m[K:
[1.049s] [01m[K/opt/ros/humble/include/tf2_geometry_msgs/tf2_geometry_msgs/tf2_geometry_msgs.h:35:2:[m[K [01;35m[Kwarning: [m[K#warning This header is obsolete, please include tf2_geometry_msgs/tf2_geometry_msgs.hpp instead [[01;35m[K]8;;https://gcc.gnu.org/onlinedocs/gcc/Warning-Options.html#index-Wcpp-Wcpp]8;;[m[K]
[1.049s]    35 | #[01;35m[Kwarning[m[K This header is obsolete, please include tf2_geometry_msgs/tf2_geometry_msgs.hpp instead
[1.049s]       |  [01;35m[K^~~~~~~[m[K
[6.965s] [100%] [32m[1mLinking CXX executable boat_simulation_node[0m
[7.299s] [100%] Built target boat_simulation_node
[7.306s] Invoked command in '/home/tbelier/Documents/GIT/Guerle2/ros2_ws/build/rviz_view' returned '0': CMAKE_PREFIX_PATH=${CMAKE_PREFIX_PATH}:/home/tbelier/Documents/GIT/Guerle2/ros2_ws/install/sensors:/home/tbelier/Documents/GIT/Guerle2/ros2_ws/install/guidance:/home/tbelier/Documents/GIT/Guerle2/ros2_ws/install/control:/home/tbelier/Documents/GIT/Guerle2/ros2_ws/install/castor_pollux:/home/tbelier/Documents/GIT/Guerle2/ros2_ws/install/bluerov_vision:/home/tbelier/Documents/GIT/Guerle2/ros2_ws/install/bluerov_ros_camera:/opt/ros/humble /usr/bin/cmake --build /home/tbelier/Documents/GIT/Guerle2/ros2_ws/build/rviz_view -- -j20 -l20
[7.308s] Invoking command in '/home/tbelier/Documents/GIT/Guerle2/ros2_ws/build/rviz_view': CMAKE_PREFIX_PATH=${CMAKE_PREFIX_PATH}:/home/tbelier/Documents/GIT/Guerle2/ros2_ws/install/sensors:/home/tbelier/Documents/GIT/Guerle2/ros2_ws/install/guidance:/home/tbelier/Documents/GIT/Guerle2/ros2_ws/install/control:/home/tbelier/Documents/GIT/Guerle2/ros2_ws/install/castor_pollux:/home/tbelier/Documents/GIT/Guerle2/ros2_ws/install/bluerov_vision:/home/tbelier/Documents/GIT/Guerle2/ros2_ws/install/bluerov_ros_camera:/opt/ros/humble /usr/bin/cmake --install /home/tbelier/Documents/GIT/Guerle2/ros2_ws/build/rviz_view
[7.317s] -- Install configuration: ""
[7.317s] -- Installing: /home/tbelier/Documents/GIT/Guerle2/ros2_ws/install/rviz_view/lib/rviz_view/boat_simulation_node
[7.322s] -- Set runtime path of "/home/tbelier/Documents/GIT/Guerle2/ros2_ws/install/rviz_view/lib/rviz_view/boat_simulation_node" to ""
[7.323s] -- Up-to-date: /home/tbelier/Documents/GIT/Guerle2/ros2_ws/install/rviz_view/lib/rviz_view/boat_controller_node
[7.323s] -- Up-to-date: /home/tbelier/Documents/GIT/Guerle2/ros2_ws/install/rviz_view/lib/rviz_view/target_publisher_node
[7.323s] -- Up-to-date: /home/tbelier/Documents/GIT/Guerle2/ros2_ws/install/rviz_view/share/rviz_view//launch
[7.323s] -- Up-to-date: /home/tbelier/Documents/GIT/Guerle2/ros2_ws/install/rviz_view/share/rviz_view//launch/Bluerov.launch.py
[7.323s] -- Up-to-date: /home/tbelier/Documents/GIT/Guerle2/ros2_ws/install/rviz_view/share/rviz_view/meshes
[7.323s] -- Up-to-date: /home/tbelier/Documents/GIT/Guerle2/ros2_ws/install/rviz_view/share/rviz_view/meshes/boat.dae
[7.324s] -- Up-to-date: /home/tbelier/Documents/GIT/Guerle2/ros2_ws/install/rviz_view/share/rviz_view/config
[7.324s] -- Up-to-date: /home/tbelier/Documents/GIT/Guerle2/ros2_ws/install/rviz_view/share/rviz_view/config/rviz_view.yaml
[7.324s] -- Up-to-date: /home/tbelier/Documents/GIT/Guerle2/ros2_ws/install/rviz_view/share/ament_index/resource_index/package_run_dependencies/rviz_view
[7.324s] -- Up-to-date: /home/tbelier/Documents/GIT/Guerle2/ros2_ws/install/rviz_view/share/ament_index/resource_index/parent_prefix_path/rviz_view
[7.324s] -- Up-to-date: /home/tbelier/Documents/GIT/Guerle2/ros2_ws/install/rviz_view/share/rviz_view/environment/ament_prefix_path.sh
[7.325s] -- Up-to-date: /home/tbelier/Documents/GIT/Guerle2/ros2_ws/install/rviz_view/share/rviz_view/environment/ament_prefix_path.dsv
[7.325s] -- Up-to-date: /home/tbelier/Documents/GIT/Guerle2/ros2_ws/install/rviz_view/share/rviz_view/environment/path.sh
[7.327s] -- Up-to-date: /home/tbelier/Documents/GIT/Guerle2/ros2_ws/install/rviz_view/share/rviz_view/environment/path.dsv
[7.327s] -- Up-to-date: /home/tbelier/Documents/GIT/Guerle2/ros2_ws/install/rviz_view/share/rviz_view/local_setup.bash
[7.327s] -- Up-to-date: /home/tbelier/Documents/GIT/Guerle2/ros2_ws/install/rviz_view/share/rviz_view/local_setup.sh
[7.327s] -- Up-to-date: /home/tbelier/Documents/GIT/Guerle2/ros2_ws/install/rviz_view/share/rviz_view/local_setup.zsh
[7.328s] -- Up-to-date: /home/tbelier/Documents/GIT/Guerle2/ros2_ws/install/rviz_view/share/rviz_view/local_setup.dsv
[7.328s] -- Installing: /home/tbelier/Documents/GIT/Guerle2/ros2_ws/install/rviz_view/share/rviz_view/package.dsv
[7.328s] -- Up-to-date: /home/tbelier/Documents/GIT/Guerle2/ros2_ws/install/rviz_view/share/ament_index/resource_index/packages/rviz_view
[7.328s] -- Up-to-date: /home/tbelier/Documents/GIT/Guerle2/ros2_ws/install/rviz_view/share/rviz_view/cmake/rviz_viewConfig.cmake
[7.329s] -- Up-to-date: /home/tbelier/Documents/GIT/Guerle2/ros2_ws/install/rviz_view/share/rviz_view/cmake/rviz_viewConfig-version.cmake
[7.329s] -- Up-to-date: /home/tbelier/Documents/GIT/Guerle2/ros2_ws/install/rviz_view/share/rviz_view/package.xml
[7.329s] Invoked command in '/home/tbelier/Documents/GIT/Guerle2/ros2_ws/build/rviz_view' returned '0': CMAKE_PREFIX_PATH=${CMAKE_PREFIX_PATH}:/home/tbelier/Documents/GIT/Guerle2/ros2_ws/install/sensors:/home/tbelier/Documents/GIT/Guerle2/ros2_ws/install/guidance:/home/tbelier/Documents/GIT/Guerle2/ros2_ws/install/control:/home/tbelier/Documents/GIT/Guerle2/ros2_ws/install/castor_pollux:/home/tbelier/Documents/GIT/Guerle2/ros2_ws/install/bluerov_vision:/home/tbelier/Documents/GIT/Guerle2/ros2_ws/install/bluerov_ros_camera:/opt/ros/humble /usr/bin/cmake --install /home/tbelier/Documents/GIT/Guerle2/ros2_ws/build/rviz_view
