running egg_info
writing ../../build/guidance/guidance.egg-info/PKG-INFO
writing dependency_links to ../../build/guidance/guidance.egg-info/dependency_links.txt
writing entry points to ../../build/guidance/guidance.egg-info/entry_points.txt
writing requirements to ../../build/guidance/guidance.egg-info/requires.txt
writing top-level names to ../../build/guidance/guidance.egg-info/top_level.txt
reading manifest file '../../build/guidance/guidance.egg-info/SOURCES.txt'
writing manifest file '../../build/guidance/guidance.egg-info/SOURCES.txt'
running build
running build_py
running install
running install_lib
running install_data
running install_egg_info
removing '/home/tbelier/Documents/GIT/Guerle2/ros2_ws/install/guidance/lib/python3.10/site-packages/guidance-0.0.0-py3.10.egg-info' (and everything under it)
Copying ../../build/guidance/guidance.egg-info to /home/tbelier/Documents/GIT/Guerle2/ros2_ws/install/guidance/lib/python3.10/site-packages/guidance-0.0.0-py3.10.egg-info
running install_scripts
Installing guidance_depth script to /home/tbelier/Documents/GIT/Guerle2/ros2_ws/install/guidance/lib/guidance
Installing guidance_path_following script to /home/tbelier/Documents/GIT/Guerle2/ros2_ws/install/guidance/lib/guidance
writing list of installed files to '/home/tbelier/Documents/GIT/Guerle2/ros2_ws/build/guidance/install.log'
