[1.019s] Invoking command in '/home/tbelier/Documents/GIT/Guerle2/ros2_ws/src/guidance': PYTHONPATH=/home/tbelier/Documents/GIT/Guerle2/ros2_ws/build/guidance/prefix_override:/usr/lib/python3/dist-packages/colcon_core/task/python/colcon_distutils_commands:/home/tbelier/Documents/GIT/Guerle2/ros2_ws/install/guidance/lib/python3.10/site-packages:${PYTHONPATH} /usr/bin/python3 -W ignore:setup.py install is deprecated -W ignore:easy_install command is deprecated setup.py egg_info --egg-base ../../build/guidance build --build-base /home/tbelier/Documents/GIT/Guerle2/ros2_ws/build/guidance/build install --record /home/tbelier/Documents/GIT/Guerle2/ros2_ws/build/guidance/install.log --single-version-externally-managed install_data
[1.145s] running egg_info
[1.146s] writing ../../build/guidance/guidance.egg-info/PKG-INFO
[1.146s] writing dependency_links to ../../build/guidance/guidance.egg-info/dependency_links.txt
[1.146s] writing entry points to ../../build/guidance/guidance.egg-info/entry_points.txt
[1.146s] writing requirements to ../../build/guidance/guidance.egg-info/requires.txt
[1.146s] writing top-level names to ../../build/guidance/guidance.egg-info/top_level.txt
[1.147s] reading manifest file '../../build/guidance/guidance.egg-info/SOURCES.txt'
[1.148s] writing manifest file '../../build/guidance/guidance.egg-info/SOURCES.txt'
[1.148s] running build
[1.148s] running build_py
[1.148s] running install
[1.148s] running install_lib
[1.149s] running install_data
[1.149s] running install_egg_info
[1.150s] removing '/home/tbelier/Documents/GIT/Guerle2/ros2_ws/install/guidance/lib/python3.10/site-packages/guidance-0.0.0-py3.10.egg-info' (and everything under it)
[1.150s] Copying ../../build/guidance/guidance.egg-info to /home/tbelier/Documents/GIT/Guerle2/ros2_ws/install/guidance/lib/python3.10/site-packages/guidance-0.0.0-py3.10.egg-info
[1.151s] running install_scripts
[1.164s] Installing guidance_depth script to /home/tbelier/Documents/GIT/Guerle2/ros2_ws/install/guidance/lib/guidance
[1.164s] Installing guidance_path_following script to /home/tbelier/Documents/GIT/Guerle2/ros2_ws/install/guidance/lib/guidance
[1.164s] writing list of installed files to '/home/tbelier/Documents/GIT/Guerle2/ros2_ws/build/guidance/install.log'
[1.181s] Invoked command in '/home/tbelier/Documents/GIT/Guerle2/ros2_ws/src/guidance' returned '0': PYTHONPATH=/home/tbelier/Documents/GIT/Guerle2/ros2_ws/build/guidance/prefix_override:/usr/lib/python3/dist-packages/colcon_core/task/python/colcon_distutils_commands:/home/tbelier/Documents/GIT/Guerle2/ros2_ws/install/guidance/lib/python3.10/site-packages:${PYTHONPATH} /usr/bin/python3 -W ignore:setup.py install is deprecated -W ignore:easy_install command is deprecated setup.py egg_info --egg-base ../../build/guidance build --build-base /home/tbelier/Documents/GIT/Guerle2/ros2_ws/build/guidance/build install --record /home/tbelier/Documents/GIT/Guerle2/ros2_ws/build/guidance/install.log --single-version-externally-managed install_data
