[0.962s] Invoking command in '/home/tbelier/Documents/GIT/Guerle2/ros2_ws/build/td2': CMAKE_PREFIX_PATH=${CMAKE_PREFIX_PATH}:/home/tbelier/Documents/GIT/Guerle2/ros2_ws/install/sensors:/home/tbelier/Documents/GIT/Guerle2/ros2_ws/install/guidance:/home/tbelier/Documents/GIT/Guerle2/ros2_ws/install/control:/home/tbelier/Documents/GIT/Guerle2/ros2_ws/install/castor_pollux:/home/tbelier/Documents/GIT/Guerle2/ros2_ws/install/bluerov_vision:/home/tbelier/Documents/GIT/Guerle2/ros2_ws/install/bluerov_ros_camera:/opt/ros/humble /usr/bin/cmake /home/tbelier/Documents/GIT/Guerle2/ros2_ws/src/td2 -DCMAKE_INSTALL_PREFIX=/home/tbelier/Documents/GIT/Guerle2/ros2_ws/install/td2
[1.016s] -- The C compiler identification is GNU 11.4.0
[1.062s] -- The CXX compiler identification is GNU 11.4.0
[1.069s] -- Detecting C compiler ABI info
[1.123s] -- Detecting C compiler ABI info - done
[1.129s] -- Check for working C compiler: /usr/bin/cc - skipped
[1.129s] -- Detecting C compile features
[1.130s] -- Detecting C compile features - done
[1.133s] -- Detecting CXX compiler ABI info
[1.205s] -- Detecting CXX compiler ABI info - done
[1.211s] -- Check for working CXX compiler: /usr/bin/c++ - skipped
[1.212s] -- Detecting CXX compile features
[1.212s] -- Detecting CXX compile features - done
[1.214s] -- Found ament_cmake: 1.3.11 (/opt/ros/humble/share/ament_cmake/cmake)
[1.362s] -- Found Python3: /usr/bin/python3 (found version "3.10.12") found components: Interpreter 
[1.464s] -- Found rclcpp: 16.0.11 (/opt/ros/humble/share/rclcpp/cmake)
[1.522s] -- Found rosidl_generator_c: 3.1.6 (/opt/ros/humble/share/rosidl_generator_c/cmake)
[1.529s] -- Found rosidl_adapter: 3.1.6 (/opt/ros/humble/share/rosidl_adapter/cmake)
[1.541s] -- Found rosidl_generator_cpp: 3.1.6 (/opt/ros/humble/share/rosidl_generator_cpp/cmake)
[1.557s] -- Using all available rosidl_typesupport_c: rosidl_typesupport_fastrtps_c;rosidl_typesupport_introspection_c
[1.579s] -- Using all available rosidl_typesupport_cpp: rosidl_typesupport_fastrtps_cpp;rosidl_typesupport_introspection_cpp
[1.641s] -- Found rmw_implementation_cmake: 6.1.2 (/opt/ros/humble/share/rmw_implementation_cmake/cmake)
[1.645s] -- Found rmw_fastrtps_cpp: 6.2.7 (/opt/ros/humble/share/rmw_fastrtps_cpp/cmake)
[1.742s] -- Found OpenSSL: /usr/lib/x86_64-linux-gnu/libcrypto.so (found version "3.0.2")  
[1.779s] -- Found FastRTPS: /opt/ros/humble/include  
[1.813s] -- Using RMW implementation 'rmw_fastrtps_cpp' as default
[1.824s] -- Looking for pthread.h
[1.888s] -- Looking for pthread.h - found
[1.888s] -- Performing Test CMAKE_HAVE_LIBC_PTHREAD
[1.961s] -- Performing Test CMAKE_HAVE_LIBC_PTHREAD - Success
[1.961s] -- Found Threads: TRUE  
[1.997s] -- Found geometry_msgs: 4.2.4 (/opt/ros/humble/share/geometry_msgs/cmake)
[2.010s] -- Found tf2: 0.25.11 (/opt/ros/humble/share/tf2/cmake)
[2.018s] -- Found tf2_ros: 0.25.11 (/opt/ros/humble/share/tf2_ros/cmake)
[2.079s] -- Found tf2_geometry_msgs: 0.25.11 (/opt/ros/humble/share/tf2_geometry_msgs/cmake)
[2.085s] -- Found eigen3_cmake_module: 0.1.1 (/opt/ros/humble/share/eigen3_cmake_module/cmake)
[2.086s] -- Found Eigen3: TRUE (found version "3.4.0") 
[2.086s] -- Ensuring Eigen3 include directory is part of orocos-kdl CMake target
[2.088s] -- Found visualization_msgs: 4.2.4 (/opt/ros/humble/share/visualization_msgs/cmake)
[2.133s] -- Found ament_lint_auto: 0.12.11 (/opt/ros/humble/share/ament_lint_auto/cmake)
[2.213s] -- Added test 'copyright' to check source files copyright and LICENSE
[2.215s] -- Added test 'cppcheck' to perform static code analysis on C / C++ code
[2.215s] -- Configured cppcheck include dirs: 
[2.215s] -- Configured cppcheck exclude dirs and/or files: 
[2.216s] -- Added test 'flake8' to check Python code syntax and style conventions
[2.217s] -- Added test 'lint_cmake' to check CMake code style
[2.217s] -- Added test 'pep257' to check Python code against some of the docstring style conventions in PEP 257
[2.218s] -- Added test 'uncrustify' to check C / C++ code style
[2.218s] -- Configured uncrustify additional arguments: 
[2.219s] -- Added test 'xmllint' to check XML markup files
[2.220s] -- Configuring done
[2.239s] -- Generating done
[2.244s] -- Build files have been written to: /home/tbelier/Documents/GIT/Guerle2/ros2_ws/build/td2
[2.252s] Invoked command in '/home/tbelier/Documents/GIT/Guerle2/ros2_ws/build/td2' returned '0': CMAKE_PREFIX_PATH=${CMAKE_PREFIX_PATH}:/home/tbelier/Documents/GIT/Guerle2/ros2_ws/install/sensors:/home/tbelier/Documents/GIT/Guerle2/ros2_ws/install/guidance:/home/tbelier/Documents/GIT/Guerle2/ros2_ws/install/control:/home/tbelier/Documents/GIT/Guerle2/ros2_ws/install/castor_pollux:/home/tbelier/Documents/GIT/Guerle2/ros2_ws/install/bluerov_vision:/home/tbelier/Documents/GIT/Guerle2/ros2_ws/install/bluerov_ros_camera:/opt/ros/humble /usr/bin/cmake /home/tbelier/Documents/GIT/Guerle2/ros2_ws/src/td2 -DCMAKE_INSTALL_PREFIX=/home/tbelier/Documents/GIT/Guerle2/ros2_ws/install/td2
[2.253s] Invoking command in '/home/tbelier/Documents/GIT/Guerle2/ros2_ws/build/td2': CMAKE_PREFIX_PATH=${CMAKE_PREFIX_PATH}:/home/tbelier/Documents/GIT/Guerle2/ros2_ws/install/sensors:/home/tbelier/Documents/GIT/Guerle2/ros2_ws/install/guidance:/home/tbelier/Documents/GIT/Guerle2/ros2_ws/install/control:/home/tbelier/Documents/GIT/Guerle2/ros2_ws/install/castor_pollux:/home/tbelier/Documents/GIT/Guerle2/ros2_ws/install/bluerov_vision:/home/tbelier/Documents/GIT/Guerle2/ros2_ws/install/bluerov_ros_camera:/opt/ros/humble /usr/bin/cmake --build /home/tbelier/Documents/GIT/Guerle2/ros2_ws/build/td2 -- -j20 -l20
[2.278s] -- Found ament_cmake: 1.3.11 (/opt/ros/humble/share/ament_cmake/cmake)
[2.375s] -- Found rclcpp: 16.0.11 (/opt/ros/humble/share/rclcpp/cmake)
[2.410s] -- Found rosidl_generator_c: 3.1.6 (/opt/ros/humble/share/rosidl_generator_c/cmake)
[2.412s] -- Found rosidl_adapter: 3.1.6 (/opt/ros/humble/share/rosidl_adapter/cmake)
[2.416s] -- Found rosidl_generator_cpp: 3.1.6 (/opt/ros/humble/share/rosidl_generator_cpp/cmake)
[2.422s] -- Using all available rosidl_typesupport_c: rosidl_typesupport_fastrtps_c;rosidl_typesupport_introspection_c
[2.430s] -- Using all available rosidl_typesupport_cpp: rosidl_typesupport_fastrtps_cpp;rosidl_typesupport_introspection_cpp
[2.452s] -- Found rmw_implementation_cmake: 6.1.2 (/opt/ros/humble/share/rmw_implementation_cmake/cmake)
[2.453s] -- Found rmw_fastrtps_cpp: 6.2.7 (/opt/ros/humble/share/rmw_fastrtps_cpp/cmake)
[2.534s] -- Using RMW implementation 'rmw_fastrtps_cpp' as default
[2.567s] -- Found geometry_msgs: 4.2.4 (/opt/ros/humble/share/geometry_msgs/cmake)
[2.575s] -- Found tf2: 0.25.11 (/opt/ros/humble/share/tf2/cmake)
[2.577s] -- Found tf2_ros: 0.25.11 (/opt/ros/humble/share/tf2_ros/cmake)
[2.630s] -- Found tf2_geometry_msgs: 0.25.11 (/opt/ros/humble/share/tf2_geometry_msgs/cmake)
[2.632s] -- Found eigen3_cmake_module: 0.1.1 (/opt/ros/humble/share/eigen3_cmake_module/cmake)
[2.633s] -- Ensuring Eigen3 include directory is part of orocos-kdl CMake target
[2.634s] -- Found visualization_msgs: 4.2.4 (/opt/ros/humble/share/visualization_msgs/cmake)
[2.662s] -- Found ament_lint_auto: 0.12.11 (/opt/ros/humble/share/ament_lint_auto/cmake)
[2.719s] -- Added test 'copyright' to check source files copyright and LICENSE
[2.719s] -- Added test 'cppcheck' to perform static code analysis on C / C++ code
[2.719s] -- Configured cppcheck include dirs: 
[2.719s] -- Configured cppcheck exclude dirs and/or files: 
[2.720s] -- Added test 'flake8' to check Python code syntax and style conventions
[2.720s] -- Added test 'lint_cmake' to check CMake code style
[2.720s] -- Added test 'pep257' to check Python code against some of the docstring style conventions in PEP 257
[2.721s] -- Added test 'uncrustify' to check C / C++ code style
[2.721s] -- Configured uncrustify additional arguments: 
[2.721s] -- Added test 'xmllint' to check XML markup files
[2.721s] -- Configuring done
[2.734s] -- Generating done
[2.739s] -- Build files have been written to: /home/tbelier/Documents/GIT/Guerle2/ros2_ws/build/td2
[2.768s] [ 16%] [32mBuilding CXX object CMakeFiles/target_publisher_node.dir/src/boat_global_target.cpp.o[0m
[2.769s] [ 33%] [32mBuilding CXX object CMakeFiles/boat_simulation_node.dir/src/boat_simulation.cpp.o[0m
[2.770s] [ 50%] [32mBuilding CXX object CMakeFiles/boat_controller_node.dir/src/boat_controller.cpp.o[0m
[2.909s] In file included from [01m[K/home/tbelier/Documents/GIT/Guerle2/ros2_ws/src/td2/src/boat_simulation.cpp:6[m[K:
[2.909s] [01m[K/opt/ros/humble/include/tf2_geometry_msgs/tf2_geometry_msgs/tf2_geometry_msgs.h:35:2:[m[K [01;35m[Kwarning: [m[K#warning This header is obsolete, please include tf2_geometry_msgs/tf2_geometry_msgs.hpp instead [[01;35m[K]8;;https://gcc.gnu.org/onlinedocs/gcc/Warning-Options.html#index-Wcpp-Wcpp]8;;[m[K]
[2.909s]    35 | #[01;35m[Kwarning[m[K This header is obsolete, please include tf2_geometry_msgs/tf2_geometry_msgs.hpp instead
[2.909s]       |  [01;35m[K^~~~~~~[m[K
[6.960s] [ 66%] [32m[1mLinking CXX executable target_publisher_node[0m
[7.137s] [ 66%] Built target target_publisher_node
[9.569s] [ 83%] [32m[1mLinking CXX executable boat_simulation_node[0m
[9.911s] [ 83%] Built target boat_simulation_node
[11.662s] [100%] [32m[1mLinking CXX executable boat_controller_node[0m
[12.059s] [100%] Built target boat_controller_node
[12.069s] Invoked command in '/home/tbelier/Documents/GIT/Guerle2/ros2_ws/build/td2' returned '0': CMAKE_PREFIX_PATH=${CMAKE_PREFIX_PATH}:/home/tbelier/Documents/GIT/Guerle2/ros2_ws/install/sensors:/home/tbelier/Documents/GIT/Guerle2/ros2_ws/install/guidance:/home/tbelier/Documents/GIT/Guerle2/ros2_ws/install/control:/home/tbelier/Documents/GIT/Guerle2/ros2_ws/install/castor_pollux:/home/tbelier/Documents/GIT/Guerle2/ros2_ws/install/bluerov_vision:/home/tbelier/Documents/GIT/Guerle2/ros2_ws/install/bluerov_ros_camera:/opt/ros/humble /usr/bin/cmake --build /home/tbelier/Documents/GIT/Guerle2/ros2_ws/build/td2 -- -j20 -l20
[12.070s] Invoking command in '/home/tbelier/Documents/GIT/Guerle2/ros2_ws/build/td2': CMAKE_PREFIX_PATH=${CMAKE_PREFIX_PATH}:/home/tbelier/Documents/GIT/Guerle2/ros2_ws/install/sensors:/home/tbelier/Documents/GIT/Guerle2/ros2_ws/install/guidance:/home/tbelier/Documents/GIT/Guerle2/ros2_ws/install/control:/home/tbelier/Documents/GIT/Guerle2/ros2_ws/install/castor_pollux:/home/tbelier/Documents/GIT/Guerle2/ros2_ws/install/bluerov_vision:/home/tbelier/Documents/GIT/Guerle2/ros2_ws/install/bluerov_ros_camera:/opt/ros/humble /usr/bin/cmake --install /home/tbelier/Documents/GIT/Guerle2/ros2_ws/build/td2
[12.076s] -- Install configuration: ""
[12.076s] -- Installing: /home/tbelier/Documents/GIT/Guerle2/ros2_ws/install/td2/lib/td2/boat_simulation_node
[12.078s] -- Set runtime path of "/home/tbelier/Documents/GIT/Guerle2/ros2_ws/install/td2/lib/td2/boat_simulation_node" to ""
[12.078s] -- Installing: /home/tbelier/Documents/GIT/Guerle2/ros2_ws/install/td2/lib/td2/boat_controller_node
[12.080s] -- Set runtime path of "/home/tbelier/Documents/GIT/Guerle2/ros2_ws/install/td2/lib/td2/boat_controller_node" to ""
[12.080s] -- Installing: /home/tbelier/Documents/GIT/Guerle2/ros2_ws/install/td2/lib/td2/target_publisher_node
[12.081s] -- Set runtime path of "/home/tbelier/Documents/GIT/Guerle2/ros2_ws/install/td2/lib/td2/target_publisher_node" to ""
[12.081s] -- Installing: /home/tbelier/Documents/GIT/Guerle2/ros2_ws/install/td2/share/td2//launch
[12.081s] -- Installing: /home/tbelier/Documents/GIT/Guerle2/ros2_ws/install/td2/share/td2//launch/td2_launch.py
[12.081s] -- Installing: /home/tbelier/Documents/GIT/Guerle2/ros2_ws/install/td2/share/td2//launch/Bluerov.launch.py
[12.081s] -- Installing: /home/tbelier/Documents/GIT/Guerle2/ros2_ws/install/td2/share/td2/meshes
[12.081s] -- Installing: /home/tbelier/Documents/GIT/Guerle2/ros2_ws/install/td2/share/td2/meshes/boat.dae
[12.083s] -- Installing: /home/tbelier/Documents/GIT/Guerle2/ros2_ws/install/td2/share/td2/meshes/spaceship.blend
[12.091s] -- Installing: /home/tbelier/Documents/GIT/Guerle2/ros2_ws/install/td2/share/td2/config
[12.092s] -- Installing: /home/tbelier/Documents/GIT/Guerle2/ros2_ws/install/td2/share/td2/config/td2.yaml
[12.092s] -- Installing: /home/tbelier/Documents/GIT/Guerle2/ros2_ws/install/td2/share/ament_index/resource_index/package_run_dependencies/td2
[12.092s] -- Installing: /home/tbelier/Documents/GIT/Guerle2/ros2_ws/install/td2/share/ament_index/resource_index/parent_prefix_path/td2
[12.092s] -- Installing: /home/tbelier/Documents/GIT/Guerle2/ros2_ws/install/td2/share/td2/environment/ament_prefix_path.sh
[12.092s] -- Installing: /home/tbelier/Documents/GIT/Guerle2/ros2_ws/install/td2/share/td2/environment/ament_prefix_path.dsv
[12.092s] -- Installing: /home/tbelier/Documents/GIT/Guerle2/ros2_ws/install/td2/share/td2/environment/path.sh
[12.092s] -- Installing: /home/tbelier/Documents/GIT/Guerle2/ros2_ws/install/td2/share/td2/environment/path.dsv
[12.092s] -- Installing: /home/tbelier/Documents/GIT/Guerle2/ros2_ws/install/td2/share/td2/local_setup.bash
[12.092s] -- Installing: /home/tbelier/Documents/GIT/Guerle2/ros2_ws/install/td2/share/td2/local_setup.sh
[12.092s] -- Installing: /home/tbelier/Documents/GIT/Guerle2/ros2_ws/install/td2/share/td2/local_setup.zsh
[12.092s] -- Installing: /home/tbelier/Documents/GIT/Guerle2/ros2_ws/install/td2/share/td2/local_setup.dsv
[12.093s] -- Installing: /home/tbelier/Documents/GIT/Guerle2/ros2_ws/install/td2/share/td2/package.dsv
[12.093s] -- Installing: /home/tbelier/Documents/GIT/Guerle2/ros2_ws/install/td2/share/ament_index/resource_index/packages/td2
[12.093s] -- Installing: /home/tbelier/Documents/GIT/Guerle2/ros2_ws/install/td2/share/td2/cmake/td2Config.cmake
[12.093s] -- Installing: /home/tbelier/Documents/GIT/Guerle2/ros2_ws/install/td2/share/td2/cmake/td2Config-version.cmake
[12.093s] -- Installing: /home/tbelier/Documents/GIT/Guerle2/ros2_ws/install/td2/share/td2/package.xml
[12.094s] Invoked command in '/home/tbelier/Documents/GIT/Guerle2/ros2_ws/build/td2' returned '0': CMAKE_PREFIX_PATH=${CMAKE_PREFIX_PATH}:/home/tbelier/Documents/GIT/Guerle2/ros2_ws/install/sensors:/home/tbelier/Documents/GIT/Guerle2/ros2_ws/install/guidance:/home/tbelier/Documents/GIT/Guerle2/ros2_ws/install/control:/home/tbelier/Documents/GIT/Guerle2/ros2_ws/install/castor_pollux:/home/tbelier/Documents/GIT/Guerle2/ros2_ws/install/bluerov_vision:/home/tbelier/Documents/GIT/Guerle2/ros2_ws/install/bluerov_ros_camera:/opt/ros/humble /usr/bin/cmake --install /home/tbelier/Documents/GIT/Guerle2/ros2_ws/build/td2
